[0.013s] Invoking command in '/home/hyeseonl/clearpath_ws/build/clearpath_msgs': AMENT_PREFIX_PATH=/home/hyeseonl/clearpath_ws/install/clearpath_platform_msgs:${AMENT_PREFIX_PATH} CMAKE_PREFIX_PATH=/home/hyeseonl/clearpath_ws/install/clearpath_platform_msgs:/opt/ros/humble LD_LIBRARY_PATH=/home/hyeseonl/clearpath_ws/install/clearpath_platform_msgs/lib:${LD_LIBRARY_PATH} PYTHONPATH=/home/hyeseonl/clearpath_ws/install/clearpath_platform_msgs/local/lib/python3.10/dist-packages:${PYTHONPATH} /usr/bin/cmake /home/hyeseonl/clearpath_ws/src/clearpath_msgs/clearpath_msgs -DAMENT_CMAKE_SYMLINK_INSTALL=1 -DCMAKE_INSTALL_PREFIX=/home/hyeseonl/clearpath_ws/install/clearpath_msgs
[0.057s] -- The C compiler identification is GNU 11.4.0
[0.085s] -- The CXX compiler identification is GNU 11.4.0
[0.089s] -- Detecting C compiler ABI info
[0.122s] -- Detecting C compiler ABI info - done
[0.125s] -- Check for working C compiler: /usr/bin/cc - skipped
[0.125s] -- Detecting C compile features
[0.126s] -- Detecting C compile features - done
[0.127s] -- Detecting CXX compiler ABI info
[0.169s] -- Detecting CXX compiler ABI info - done
[0.173s] -- Check for working CXX compiler: /usr/bin/c++ - skipped
[0.173s] -- Detecting CXX compile features
[0.173s] -- Detecting CXX compile features - done
[0.174s] -- Found ament_cmake: 1.3.9 (/opt/ros/humble/share/ament_cmake/cmake)
[0.250s] -- Found Python3: /usr/bin/python3 (found version "3.10.12") found components: Interpreter 
[0.279s] -- Override CMake install command with custom implementation using symlinks instead of copying resources
[0.319s] -- Configuring done
[0.320s] -- Generating done
[0.320s] -- Build files have been written to: /home/hyeseonl/clearpath_ws/build/clearpath_msgs
[0.323s] Invoked command in '/home/hyeseonl/clearpath_ws/build/clearpath_msgs' returned '0': AMENT_PREFIX_PATH=/home/hyeseonl/clearpath_ws/install/clearpath_platform_msgs:${AMENT_PREFIX_PATH} CMAKE_PREFIX_PATH=/home/hyeseonl/clearpath_ws/install/clearpath_platform_msgs:/opt/ros/humble LD_LIBRARY_PATH=/home/hyeseonl/clearpath_ws/install/clearpath_platform_msgs/lib:${LD_LIBRARY_PATH} PYTHONPATH=/home/hyeseonl/clearpath_ws/install/clearpath_platform_msgs/local/lib/python3.10/dist-packages:${PYTHONPATH} /usr/bin/cmake /home/hyeseonl/clearpath_ws/src/clearpath_msgs/clearpath_msgs -DAMENT_CMAKE_SYMLINK_INSTALL=1 -DCMAKE_INSTALL_PREFIX=/home/hyeseonl/clearpath_ws/install/clearpath_msgs
[0.324s] Invoking command in '/home/hyeseonl/clearpath_ws/build/clearpath_msgs': AMENT_PREFIX_PATH=/home/hyeseonl/clearpath_ws/install/clearpath_platform_msgs:${AMENT_PREFIX_PATH} CMAKE_PREFIX_PATH=/home/hyeseonl/clearpath_ws/install/clearpath_platform_msgs:/opt/ros/humble LD_LIBRARY_PATH=/home/hyeseonl/clearpath_ws/install/clearpath_platform_msgs/lib:${LD_LIBRARY_PATH} PYTHONPATH=/home/hyeseonl/clearpath_ws/install/clearpath_platform_msgs/local/lib/python3.10/dist-packages:${PYTHONPATH} /usr/bin/cmake --build /home/hyeseonl/clearpath_ws/build/clearpath_msgs -- -j32 -l32
[0.341s] Invoked command in '/home/hyeseonl/clearpath_ws/build/clearpath_msgs' returned '0': AMENT_PREFIX_PATH=/home/hyeseonl/clearpath_ws/install/clearpath_platform_msgs:${AMENT_PREFIX_PATH} CMAKE_PREFIX_PATH=/home/hyeseonl/clearpath_ws/install/clearpath_platform_msgs:/opt/ros/humble LD_LIBRARY_PATH=/home/hyeseonl/clearpath_ws/install/clearpath_platform_msgs/lib:${LD_LIBRARY_PATH} PYTHONPATH=/home/hyeseonl/clearpath_ws/install/clearpath_platform_msgs/local/lib/python3.10/dist-packages:${PYTHONPATH} /usr/bin/cmake --build /home/hyeseonl/clearpath_ws/build/clearpath_msgs -- -j32 -l32
[0.352s] Invoking command in '/home/hyeseonl/clearpath_ws/build/clearpath_msgs': AMENT_PREFIX_PATH=/home/hyeseonl/clearpath_ws/install/clearpath_platform_msgs:${AMENT_PREFIX_PATH} CMAKE_PREFIX_PATH=/home/hyeseonl/clearpath_ws/install/clearpath_platform_msgs:/opt/ros/humble LD_LIBRARY_PATH=/home/hyeseonl/clearpath_ws/install/clearpath_platform_msgs/lib:${LD_LIBRARY_PATH} PYTHONPATH=/home/hyeseonl/clearpath_ws/install/clearpath_platform_msgs/local/lib/python3.10/dist-packages:${PYTHONPATH} /usr/bin/cmake --install /home/hyeseonl/clearpath_ws/build/clearpath_msgs
[0.355s] -- Install configuration: ""
[0.355s] -- Execute custom install script
[0.356s] -- Symlinking: /home/hyeseonl/clearpath_ws/install/clearpath_msgs/share/ament_index/resource_index/package_run_dependencies/clearpath_msgs
[0.359s] -- Symlinking: /home/hyeseonl/clearpath_ws/install/clearpath_msgs/share/ament_index/resource_index/parent_prefix_path/clearpath_msgs
[0.364s] -- Symlinking: /home/hyeseonl/clearpath_ws/install/clearpath_msgs/share/clearpath_msgs/environment/ament_prefix_path.sh
[0.368s] -- Symlinking: /home/hyeseonl/clearpath_ws/install/clearpath_msgs/share/clearpath_msgs/environment/ament_prefix_path.dsv
[0.371s] -- Symlinking: /home/hyeseonl/clearpath_ws/install/clearpath_msgs/share/clearpath_msgs/environment/path.sh
[0.376s] -- Symlinking: /home/hyeseonl/clearpath_ws/install/clearpath_msgs/share/clearpath_msgs/environment/path.dsv
[0.380s] -- Symlinking: /home/hyeseonl/clearpath_ws/install/clearpath_msgs/share/clearpath_msgs/local_setup.bash
[0.384s] -- Symlinking: /home/hyeseonl/clearpath_ws/install/clearpath_msgs/share/clearpath_msgs/local_setup.sh
[0.389s] -- Symlinking: /home/hyeseonl/clearpath_ws/install/clearpath_msgs/share/clearpath_msgs/local_setup.zsh
[0.394s] -- Symlinking: /home/hyeseonl/clearpath_ws/install/clearpath_msgs/share/clearpath_msgs/local_setup.dsv
[0.398s] -- Symlinking: /home/hyeseonl/clearpath_ws/install/clearpath_msgs/share/clearpath_msgs/package.dsv
[0.401s] -- Symlinking: /home/hyeseonl/clearpath_ws/install/clearpath_msgs/share/ament_index/resource_index/packages/clearpath_msgs
[0.406s] -- Symlinking: /home/hyeseonl/clearpath_ws/install/clearpath_msgs/share/clearpath_msgs/cmake/clearpath_msgsConfig.cmake
[0.409s] -- Symlinking: /home/hyeseonl/clearpath_ws/install/clearpath_msgs/share/clearpath_msgs/cmake/clearpath_msgsConfig-version.cmake
[0.414s] -- Symlinking: /home/hyeseonl/clearpath_ws/install/clearpath_msgs/share/clearpath_msgs/package.xml
[0.418s] Invoked command in '/home/hyeseonl/clearpath_ws/build/clearpath_msgs' returned '0': AMENT_PREFIX_PATH=/home/hyeseonl/clearpath_ws/install/clearpath_platform_msgs:${AMENT_PREFIX_PATH} CMAKE_PREFIX_PATH=/home/hyeseonl/clearpath_ws/install/clearpath_platform_msgs:/opt/ros/humble LD_LIBRARY_PATH=/home/hyeseonl/clearpath_ws/install/clearpath_platform_msgs/lib:${LD_LIBRARY_PATH} PYTHONPATH=/home/hyeseonl/clearpath_ws/install/clearpath_platform_msgs/local/lib/python3.10/dist-packages:${PYTHONPATH} /usr/bin/cmake --install /home/hyeseonl/clearpath_ws/build/clearpath_msgs
