[0.017s] Invoking command in '/home/hyeseonl/clearpath_ws/build/clearpath_generator_common': AMENT_PREFIX_PATH=/home/hyeseonl/clearpath_ws/install/clearpath_platform:/home/hyeseonl/clearpath_ws/install/clearpath_description:/home/hyeseonl/clearpath_ws/install/clearpath_sensors_description:/home/hyeseonl/clearpath_ws/install/clearpath_platform_msgs:/home/hyeseonl/clearpath_ws/install/clearpath_platform_description:/home/hyeseonl/clearpath_ws/install/clearpath_mounts_description:/home/hyeseonl/clearpath_ws/install/clearpath_control:/home/hyeseonl/clearpath_ws/install/clearpath_config:${AMENT_PREFIX_PATH} CMAKE_PREFIX_PATH=/home/hyeseonl/clearpath_ws/install/clearpath_platform:/home/hyeseonl/clearpath_ws/install/clearpath_description:/home/hyeseonl/clearpath_ws/install/clearpath_sensors_description:/home/hyeseonl/clearpath_ws/install/clearpath_platform_msgs:/home/hyeseonl/clearpath_ws/install/clearpath_platform_description:/home/hyeseonl/clearpath_ws/install/clearpath_mounts_description:/home/hyeseonl/clearpath_ws/install/clearpath_control:/opt/ros/humble LD_LIBRARY_PATH=/home/hyeseonl/clearpath_ws/install/clearpath_platform/lib:/home/hyeseonl/clearpath_ws/install/clearpath_platform_msgs/lib:${LD_LIBRARY_PATH} PYTHONPATH=/home/hyeseonl/clearpath_ws/install/clearpath_platform_msgs/local/lib/python3.10/dist-packages:/home/hyeseonl/clearpath_ws/build/clearpath_config:/home/hyeseonl/clearpath_ws/install/clearpath_config/lib/python3.10/site-packages:${PYTHONPATH} /usr/bin/cmake /home/hyeseonl/clearpath_ws/src/clearpath_common/clearpath_generator_common -DAMENT_CMAKE_SYMLINK_INSTALL=1 -DCMAKE_INSTALL_PREFIX=/home/hyeseonl/clearpath_ws/install/clearpath_generator_common
[0.065s] -- The C compiler identification is GNU 11.4.0
[0.115s] -- The CXX compiler identification is GNU 11.4.0
[0.118s] -- Detecting C compiler ABI info
[0.179s] -- Detecting C compiler ABI info - done
[0.187s] -- Check for working C compiler: /usr/bin/cc - skipped
[0.187s] -- Detecting C compile features
[0.188s] -- Detecting C compile features - done
[0.191s] -- Detecting CXX compiler ABI info
[0.257s] -- Detecting CXX compiler ABI info - done
[0.262s] -- Check for working CXX compiler: /usr/bin/c++ - skipped
[0.262s] -- Detecting CXX compile features
[0.262s] -- Detecting CXX compile features - done
[0.265s] -- Found ament_cmake: 1.3.9 (/opt/ros/humble/share/ament_cmake/cmake)
[0.360s] -- Found Python3: /usr/bin/python3 (found version "3.10.12") found components: Interpreter 
[0.392s] -- Override CMake install command with custom implementation using symlinks instead of copying resources
[0.450s] -- Found ament_lint_auto: 0.12.11 (/opt/ros/humble/share/ament_lint_auto/cmake)
[1.007s] -- Added test 'flake8' to check Python code syntax and style conventions
[1.008s] -- Added test 'lint_cmake' to check CMake code style
[1.008s] -- Added test 'pep257' to check Python code against some of the docstring style conventions in PEP 257
[1.009s] -- Added test 'xmllint' to check XML markup files
[1.009s] -- Configuring done
[1.011s] -- Generating done
[1.011s] -- Build files have been written to: /home/hyeseonl/clearpath_ws/build/clearpath_generator_common
[1.014s] Invoked command in '/home/hyeseonl/clearpath_ws/build/clearpath_generator_common' returned '0': AMENT_PREFIX_PATH=/home/hyeseonl/clearpath_ws/install/clearpath_platform:/home/hyeseonl/clearpath_ws/install/clearpath_description:/home/hyeseonl/clearpath_ws/install/clearpath_sensors_description:/home/hyeseonl/clearpath_ws/install/clearpath_platform_msgs:/home/hyeseonl/clearpath_ws/install/clearpath_platform_description:/home/hyeseonl/clearpath_ws/install/clearpath_mounts_description:/home/hyeseonl/clearpath_ws/install/clearpath_control:/home/hyeseonl/clearpath_ws/install/clearpath_config:${AMENT_PREFIX_PATH} CMAKE_PREFIX_PATH=/home/hyeseonl/clearpath_ws/install/clearpath_platform:/home/hyeseonl/clearpath_ws/install/clearpath_description:/home/hyeseonl/clearpath_ws/install/clearpath_sensors_description:/home/hyeseonl/clearpath_ws/install/clearpath_platform_msgs:/home/hyeseonl/clearpath_ws/install/clearpath_platform_description:/home/hyeseonl/clearpath_ws/install/clearpath_mounts_description:/home/hyeseonl/clearpath_ws/install/clearpath_control:/opt/ros/humble LD_LIBRARY_PATH=/home/hyeseonl/clearpath_ws/install/clearpath_platform/lib:/home/hyeseonl/clearpath_ws/install/clearpath_platform_msgs/lib:${LD_LIBRARY_PATH} PYTHONPATH=/home/hyeseonl/clearpath_ws/install/clearpath_platform_msgs/local/lib/python3.10/dist-packages:/home/hyeseonl/clearpath_ws/build/clearpath_config:/home/hyeseonl/clearpath_ws/install/clearpath_config/lib/python3.10/site-packages:${PYTHONPATH} /usr/bin/cmake /home/hyeseonl/clearpath_ws/src/clearpath_common/clearpath_generator_common -DAMENT_CMAKE_SYMLINK_INSTALL=1 -DCMAKE_INSTALL_PREFIX=/home/hyeseonl/clearpath_ws/install/clearpath_generator_common
[1.015s] Invoking command in '/home/hyeseonl/clearpath_ws/build/clearpath_generator_common': AMENT_PREFIX_PATH=/home/hyeseonl/clearpath_ws/install/clearpath_platform:/home/hyeseonl/clearpath_ws/install/clearpath_description:/home/hyeseonl/clearpath_ws/install/clearpath_sensors_description:/home/hyeseonl/clearpath_ws/install/clearpath_platform_msgs:/home/hyeseonl/clearpath_ws/install/clearpath_platform_description:/home/hyeseonl/clearpath_ws/install/clearpath_mounts_description:/home/hyeseonl/clearpath_ws/install/clearpath_control:/home/hyeseonl/clearpath_ws/install/clearpath_config:${AMENT_PREFIX_PATH} CMAKE_PREFIX_PATH=/home/hyeseonl/clearpath_ws/install/clearpath_platform:/home/hyeseonl/clearpath_ws/install/clearpath_description:/home/hyeseonl/clearpath_ws/install/clearpath_sensors_description:/home/hyeseonl/clearpath_ws/install/clearpath_platform_msgs:/home/hyeseonl/clearpath_ws/install/clearpath_platform_description:/home/hyeseonl/clearpath_ws/install/clearpath_mounts_description:/home/hyeseonl/clearpath_ws/install/clearpath_control:/opt/ros/humble LD_LIBRARY_PATH=/home/hyeseonl/clearpath_ws/install/clearpath_platform/lib:/home/hyeseonl/clearpath_ws/install/clearpath_platform_msgs/lib:${LD_LIBRARY_PATH} PYTHONPATH=/home/hyeseonl/clearpath_ws/install/clearpath_platform_msgs/local/lib/python3.10/dist-packages:/home/hyeseonl/clearpath_ws/build/clearpath_config:/home/hyeseonl/clearpath_ws/install/clearpath_config/lib/python3.10/site-packages:${PYTHONPATH} /usr/bin/cmake --build /home/hyeseonl/clearpath_ws/build/clearpath_generator_common -- -j32 -l32
[1.050s] Built target ament_cmake_python_symlink_clearpath_generator_common
[1.191s] running egg_info
[1.191s] creating clearpath_generator_common.egg-info
[1.191s] writing clearpath_generator_common.egg-info/PKG-INFO
[1.191s] writing dependency_links to clearpath_generator_common.egg-info/dependency_links.txt
[1.191s] writing top-level names to clearpath_generator_common.egg-info/top_level.txt
[1.192s] writing manifest file 'clearpath_generator_common.egg-info/SOURCES.txt'
[1.193s] reading manifest file 'clearpath_generator_common.egg-info/SOURCES.txt'
[1.193s] writing manifest file 'clearpath_generator_common.egg-info/SOURCES.txt'
[1.206s] Built target ament_cmake_python_build_clearpath_generator_common_egg
[1.212s] Invoked command in '/home/hyeseonl/clearpath_ws/build/clearpath_generator_common' returned '0': AMENT_PREFIX_PATH=/home/hyeseonl/clearpath_ws/install/clearpath_platform:/home/hyeseonl/clearpath_ws/install/clearpath_description:/home/hyeseonl/clearpath_ws/install/clearpath_sensors_description:/home/hyeseonl/clearpath_ws/install/clearpath_platform_msgs:/home/hyeseonl/clearpath_ws/install/clearpath_platform_description:/home/hyeseonl/clearpath_ws/install/clearpath_mounts_description:/home/hyeseonl/clearpath_ws/install/clearpath_control:/home/hyeseonl/clearpath_ws/install/clearpath_config:${AMENT_PREFIX_PATH} CMAKE_PREFIX_PATH=/home/hyeseonl/clearpath_ws/install/clearpath_platform:/home/hyeseonl/clearpath_ws/install/clearpath_description:/home/hyeseonl/clearpath_ws/install/clearpath_sensors_description:/home/hyeseonl/clearpath_ws/install/clearpath_platform_msgs:/home/hyeseonl/clearpath_ws/install/clearpath_platform_description:/home/hyeseonl/clearpath_ws/install/clearpath_mounts_description:/home/hyeseonl/clearpath_ws/install/clearpath_control:/opt/ros/humble LD_LIBRARY_PATH=/home/hyeseonl/clearpath_ws/install/clearpath_platform/lib:/home/hyeseonl/clearpath_ws/install/clearpath_platform_msgs/lib:${LD_LIBRARY_PATH} PYTHONPATH=/home/hyeseonl/clearpath_ws/install/clearpath_platform_msgs/local/lib/python3.10/dist-packages:/home/hyeseonl/clearpath_ws/build/clearpath_config:/home/hyeseonl/clearpath_ws/install/clearpath_config/lib/python3.10/site-packages:${PYTHONPATH} /usr/bin/cmake --build /home/hyeseonl/clearpath_ws/build/clearpath_generator_common -- -j32 -l32
[1.225s] Invoking command in '/home/hyeseonl/clearpath_ws/build/clearpath_generator_common': AMENT_PREFIX_PATH=/home/hyeseonl/clearpath_ws/install/clearpath_platform:/home/hyeseonl/clearpath_ws/install/clearpath_description:/home/hyeseonl/clearpath_ws/install/clearpath_sensors_description:/home/hyeseonl/clearpath_ws/install/clearpath_platform_msgs:/home/hyeseonl/clearpath_ws/install/clearpath_platform_description:/home/hyeseonl/clearpath_ws/install/clearpath_mounts_description:/home/hyeseonl/clearpath_ws/install/clearpath_control:/home/hyeseonl/clearpath_ws/install/clearpath_config:${AMENT_PREFIX_PATH} CMAKE_PREFIX_PATH=/home/hyeseonl/clearpath_ws/install/clearpath_platform:/home/hyeseonl/clearpath_ws/install/clearpath_description:/home/hyeseonl/clearpath_ws/install/clearpath_sensors_description:/home/hyeseonl/clearpath_ws/install/clearpath_platform_msgs:/home/hyeseonl/clearpath_ws/install/clearpath_platform_description:/home/hyeseonl/clearpath_ws/install/clearpath_mounts_description:/home/hyeseonl/clearpath_ws/install/clearpath_control:/opt/ros/humble LD_LIBRARY_PATH=/home/hyeseonl/clearpath_ws/install/clearpath_platform/lib:/home/hyeseonl/clearpath_ws/install/clearpath_platform_msgs/lib:${LD_LIBRARY_PATH} PYTHONPATH=/home/hyeseonl/clearpath_ws/install/clearpath_platform_msgs/local/lib/python3.10/dist-packages:/home/hyeseonl/clearpath_ws/build/clearpath_config:/home/hyeseonl/clearpath_ws/install/clearpath_config/lib/python3.10/site-packages:${PYTHONPATH} /usr/bin/cmake --install /home/hyeseonl/clearpath_ws/build/clearpath_generator_common
[1.228s] -- Install configuration: ""
[1.228s] -- Execute custom install script
[1.228s] -- Symlinking: /home/hyeseonl/clearpath_ws/install/clearpath_generator_common/lib/clearpath_generator_common/generate_description
[1.232s] -- Symlinking: /home/hyeseonl/clearpath_ws/install/clearpath_generator_common/lib/clearpath_generator_common/generate_discovery_server
[1.236s] -- Symlinking: /home/hyeseonl/clearpath_ws/install/clearpath_generator_common/lib/clearpath_generator_common/generate_bash
[1.242s] -- Symlinking: /home/hyeseonl/clearpath_ws/install/clearpath_generator_common/share/clearpath_generator_common/environment/pythonpath.sh
[1.249s] -- Symlinking: /home/hyeseonl/clearpath_ws/install/clearpath_generator_common/share/clearpath_generator_common/environment/pythonpath.dsv
[1.255s] -- Symlinking: /home/hyeseonl/clearpath_ws/install/clearpath_generator_common/local/lib/python3.10/dist-packages/clearpath_generator_common-0.2.9-py3.10.egg-info/PKG-INFO
[1.264s] -- Symlinking: /home/hyeseonl/clearpath_ws/install/clearpath_generator_common/local/lib/python3.10/dist-packages/clearpath_generator_common-0.2.9-py3.10.egg-info/SOURCES.txt
[1.272s] -- Symlinking: /home/hyeseonl/clearpath_ws/install/clearpath_generator_common/local/lib/python3.10/dist-packages/clearpath_generator_common-0.2.9-py3.10.egg-info/dependency_links.txt
[1.281s] -- Symlinking: /home/hyeseonl/clearpath_ws/install/clearpath_generator_common/local/lib/python3.10/dist-packages/clearpath_generator_common-0.2.9-py3.10.egg-info/top_level.txt
[1.290s] -- Symlinking: /home/hyeseonl/clearpath_ws/install/clearpath_generator_common/local/lib/python3.10/dist-packages/clearpath_generator_common/__init__.py
[1.297s] -- Symlinking: /home/hyeseonl/clearpath_ws/install/clearpath_generator_common/local/lib/python3.10/dist-packages/clearpath_generator_common/bash/__init__.py
[1.305s] -- Symlinking: /home/hyeseonl/clearpath_ws/install/clearpath_generator_common/local/lib/python3.10/dist-packages/clearpath_generator_common/bash/generate_bash
[1.312s] -- Symlinking: /home/hyeseonl/clearpath_ws/install/clearpath_generator_common/local/lib/python3.10/dist-packages/clearpath_generator_common/bash/generator.py
[1.319s] -- Symlinking: /home/hyeseonl/clearpath_ws/install/clearpath_generator_common/local/lib/python3.10/dist-packages/clearpath_generator_common/bash/writer.py
[1.328s] -- Symlinking: /home/hyeseonl/clearpath_ws/install/clearpath_generator_common/local/lib/python3.10/dist-packages/clearpath_generator_common/common.py
[1.337s] -- Symlinking: /home/hyeseonl/clearpath_ws/install/clearpath_generator_common/local/lib/python3.10/dist-packages/clearpath_generator_common/description/__init__.py
[1.343s] -- Symlinking: /home/hyeseonl/clearpath_ws/install/clearpath_generator_common/local/lib/python3.10/dist-packages/clearpath_generator_common/description/attachments.py
[1.350s] -- Symlinking: /home/hyeseonl/clearpath_ws/install/clearpath_generator_common/local/lib/python3.10/dist-packages/clearpath_generator_common/description/generate_description
[1.357s] -- Symlinking: /home/hyeseonl/clearpath_ws/install/clearpath_generator_common/local/lib/python3.10/dist-packages/clearpath_generator_common/description/generator.py
[1.361s] -- Symlinking: /home/hyeseonl/clearpath_ws/install/clearpath_generator_common/local/lib/python3.10/dist-packages/clearpath_generator_common/description/links.py
[1.365s] -- Symlinking: /home/hyeseonl/clearpath_ws/install/clearpath_generator_common/local/lib/python3.10/dist-packages/clearpath_generator_common/description/mounts.py
[1.369s] -- Symlinking: /home/hyeseonl/clearpath_ws/install/clearpath_generator_common/local/lib/python3.10/dist-packages/clearpath_generator_common/description/platform.py
[1.373s] -- Symlinking: /home/hyeseonl/clearpath_ws/install/clearpath_generator_common/local/lib/python3.10/dist-packages/clearpath_generator_common/description/sensors.py
[1.376s] -- Symlinking: /home/hyeseonl/clearpath_ws/install/clearpath_generator_common/local/lib/python3.10/dist-packages/clearpath_generator_common/description/writer.py
[1.380s] -- Symlinking: /home/hyeseonl/clearpath_ws/install/clearpath_generator_common/local/lib/python3.10/dist-packages/clearpath_generator_common/discovery_server/generate_discovery_server
[1.384s] -- Symlinking: /home/hyeseonl/clearpath_ws/install/clearpath_generator_common/local/lib/python3.10/dist-packages/clearpath_generator_common/discovery_server/generator.py
[1.387s] -- Symlinking: /home/hyeseonl/clearpath_ws/install/clearpath_generator_common/local/lib/python3.10/dist-packages/clearpath_generator_common/launch/__init__.py
[1.391s] -- Symlinking: /home/hyeseonl/clearpath_ws/install/clearpath_generator_common/local/lib/python3.10/dist-packages/clearpath_generator_common/launch/generator.py
[1.395s] -- Symlinking: /home/hyeseonl/clearpath_ws/install/clearpath_generator_common/local/lib/python3.10/dist-packages/clearpath_generator_common/launch/writer.py
[1.398s] -- Symlinking: /home/hyeseonl/clearpath_ws/install/clearpath_generator_common/local/lib/python3.10/dist-packages/clearpath_generator_common/package/__init__.py
[1.402s] -- Symlinking: /home/hyeseonl/clearpath_ws/install/clearpath_generator_common/local/lib/python3.10/dist-packages/clearpath_generator_common/package/writer.py
[1.406s] -- Symlinking: /home/hyeseonl/clearpath_ws/install/clearpath_generator_common/local/lib/python3.10/dist-packages/clearpath_generator_common/param/__init__.py
[1.410s] -- Symlinking: /home/hyeseonl/clearpath_ws/install/clearpath_generator_common/local/lib/python3.10/dist-packages/clearpath_generator_common/param/generator.py
[1.414s] -- Symlinking: /home/hyeseonl/clearpath_ws/install/clearpath_generator_common/local/lib/python3.10/dist-packages/clearpath_generator_common/param/platform.py
[1.418s] -- Symlinking: /home/hyeseonl/clearpath_ws/install/clearpath_generator_common/local/lib/python3.10/dist-packages/clearpath_generator_common/param/writer.py
[1.423s] -- Symlinking: /home/hyeseonl/clearpath_ws/install/clearpath_generator_common/share/ament_index/resource_index/package_run_dependencies/clearpath_generator_common
[1.428s] -- Symlinking: /home/hyeseonl/clearpath_ws/install/clearpath_generator_common/share/ament_index/resource_index/parent_prefix_path/clearpath_generator_common
[1.433s] -- Symlinking: /home/hyeseonl/clearpath_ws/install/clearpath_generator_common/share/clearpath_generator_common/environment/ament_prefix_path.sh
[1.436s] -- Symlinking: /home/hyeseonl/clearpath_ws/install/clearpath_generator_common/share/clearpath_generator_common/environment/ament_prefix_path.dsv
[1.440s] -- Symlinking: /home/hyeseonl/clearpath_ws/install/clearpath_generator_common/share/clearpath_generator_common/environment/path.sh
[1.445s] -- Symlinking: /home/hyeseonl/clearpath_ws/install/clearpath_generator_common/share/clearpath_generator_common/environment/path.dsv
[1.449s] -- Symlinking: /home/hyeseonl/clearpath_ws/install/clearpath_generator_common/share/clearpath_generator_common/local_setup.bash
[1.453s] -- Symlinking: /home/hyeseonl/clearpath_ws/install/clearpath_generator_common/share/clearpath_generator_common/local_setup.sh
[1.458s] -- Symlinking: /home/hyeseonl/clearpath_ws/install/clearpath_generator_common/share/clearpath_generator_common/local_setup.zsh
[1.464s] -- Symlinking: /home/hyeseonl/clearpath_ws/install/clearpath_generator_common/share/clearpath_generator_common/local_setup.dsv
[1.468s] -- Symlinking: /home/hyeseonl/clearpath_ws/install/clearpath_generator_common/share/clearpath_generator_common/package.dsv
[1.473s] -- Symlinking: /home/hyeseonl/clearpath_ws/install/clearpath_generator_common/share/ament_index/resource_index/packages/clearpath_generator_common
[1.479s] -- Symlinking: /home/hyeseonl/clearpath_ws/install/clearpath_generator_common/share/clearpath_generator_common/cmake/clearpath_generator_commonConfig.cmake
[1.483s] -- Symlinking: /home/hyeseonl/clearpath_ws/install/clearpath_generator_common/share/clearpath_generator_common/cmake/clearpath_generator_commonConfig-version.cmake
[1.487s] -- Symlinking: /home/hyeseonl/clearpath_ws/install/clearpath_generator_common/share/clearpath_generator_common/package.xml
[1.522s] Listing '/home/hyeseonl/clearpath_ws/install/clearpath_generator_common/local/lib/python3.10/dist-packages/clearpath_generator_common'...
[1.522s] Compiling '/home/hyeseonl/clearpath_ws/install/clearpath_generator_common/local/lib/python3.10/dist-packages/clearpath_generator_common/__init__.py'...
[1.522s] Listing '/home/hyeseonl/clearpath_ws/install/clearpath_generator_common/local/lib/python3.10/dist-packages/clearpath_generator_common/bash'...
[1.522s] Compiling '/home/hyeseonl/clearpath_ws/install/clearpath_generator_common/local/lib/python3.10/dist-packages/clearpath_generator_common/bash/__init__.py'...
[1.522s] Compiling '/home/hyeseonl/clearpath_ws/install/clearpath_generator_common/local/lib/python3.10/dist-packages/clearpath_generator_common/bash/generator.py'...
[1.522s] Compiling '/home/hyeseonl/clearpath_ws/install/clearpath_generator_common/local/lib/python3.10/dist-packages/clearpath_generator_common/bash/writer.py'...
[1.523s] Compiling '/home/hyeseonl/clearpath_ws/install/clearpath_generator_common/local/lib/python3.10/dist-packages/clearpath_generator_common/common.py'...
[1.523s] Listing '/home/hyeseonl/clearpath_ws/install/clearpath_generator_common/local/lib/python3.10/dist-packages/clearpath_generator_common/description'...
[1.523s] Compiling '/home/hyeseonl/clearpath_ws/install/clearpath_generator_common/local/lib/python3.10/dist-packages/clearpath_generator_common/description/__init__.py'...
[1.523s] Compiling '/home/hyeseonl/clearpath_ws/install/clearpath_generator_common/local/lib/python3.10/dist-packages/clearpath_generator_common/description/attachments.py'...
[1.523s] Compiling '/home/hyeseonl/clearpath_ws/install/clearpath_generator_common/local/lib/python3.10/dist-packages/clearpath_generator_common/description/generator.py'...
[1.523s] Compiling '/home/hyeseonl/clearpath_ws/install/clearpath_generator_common/local/lib/python3.10/dist-packages/clearpath_generator_common/description/links.py'...
[1.523s] Compiling '/home/hyeseonl/clearpath_ws/install/clearpath_generator_common/local/lib/python3.10/dist-packages/clearpath_generator_common/description/mounts.py'...
[1.523s] Compiling '/home/hyeseonl/clearpath_ws/install/clearpath_generator_common/local/lib/python3.10/dist-packages/clearpath_generator_common/description/platform.py'...
[1.523s] Compiling '/home/hyeseonl/clearpath_ws/install/clearpath_generator_common/local/lib/python3.10/dist-packages/clearpath_generator_common/description/sensors.py'...
[1.523s] Compiling '/home/hyeseonl/clearpath_ws/install/clearpath_generator_common/local/lib/python3.10/dist-packages/clearpath_generator_common/description/writer.py'...
[1.523s] Listing '/home/hyeseonl/clearpath_ws/install/clearpath_generator_common/local/lib/python3.10/dist-packages/clearpath_generator_common/discovery_server'...
[1.523s] Compiling '/home/hyeseonl/clearpath_ws/install/clearpath_generator_common/local/lib/python3.10/dist-packages/clearpath_generator_common/discovery_server/generator.py'...
[1.523s] Listing '/home/hyeseonl/clearpath_ws/install/clearpath_generator_common/local/lib/python3.10/dist-packages/clearpath_generator_common/launch'...
[1.523s] Compiling '/home/hyeseonl/clearpath_ws/install/clearpath_generator_common/local/lib/python3.10/dist-packages/clearpath_generator_common/launch/__init__.py'...
[1.523s] Compiling '/home/hyeseonl/clearpath_ws/install/clearpath_generator_common/local/lib/python3.10/dist-packages/clearpath_generator_common/launch/generator.py'...
[1.523s] Compiling '/home/hyeseonl/clearpath_ws/install/clearpath_generator_common/local/lib/python3.10/dist-packages/clearpath_generator_common/launch/writer.py'...
[1.523s] Listing '/home/hyeseonl/clearpath_ws/install/clearpath_generator_common/local/lib/python3.10/dist-packages/clearpath_generator_common/package'...
[1.523s] Compiling '/home/hyeseonl/clearpath_ws/install/clearpath_generator_common/local/lib/python3.10/dist-packages/clearpath_generator_common/package/__init__.py'...
[1.523s] Compiling '/home/hyeseonl/clearpath_ws/install/clearpath_generator_common/local/lib/python3.10/dist-packages/clearpath_generator_common/package/writer.py'...
[1.523s] Listing '/home/hyeseonl/clearpath_ws/install/clearpath_generator_common/local/lib/python3.10/dist-packages/clearpath_generator_common/param'...
[1.523s] Compiling '/home/hyeseonl/clearpath_ws/install/clearpath_generator_common/local/lib/python3.10/dist-packages/clearpath_generator_common/param/__init__.py'...
[1.523s] Compiling '/home/hyeseonl/clearpath_ws/install/clearpath_generator_common/local/lib/python3.10/dist-packages/clearpath_generator_common/param/generator.py'...
[1.523s] Compiling '/home/hyeseonl/clearpath_ws/install/clearpath_generator_common/local/lib/python3.10/dist-packages/clearpath_generator_common/param/platform.py'...
[1.523s] Compiling '/home/hyeseonl/clearpath_ws/install/clearpath_generator_common/local/lib/python3.10/dist-packages/clearpath_generator_common/param/writer.py'...
[1.526s] Invoked command in '/home/hyeseonl/clearpath_ws/build/clearpath_generator_common' returned '0': AMENT_PREFIX_PATH=/home/hyeseonl/clearpath_ws/install/clearpath_platform:/home/hyeseonl/clearpath_ws/install/clearpath_description:/home/hyeseonl/clearpath_ws/install/clearpath_sensors_description:/home/hyeseonl/clearpath_ws/install/clearpath_platform_msgs:/home/hyeseonl/clearpath_ws/install/clearpath_platform_description:/home/hyeseonl/clearpath_ws/install/clearpath_mounts_description:/home/hyeseonl/clearpath_ws/install/clearpath_control:/home/hyeseonl/clearpath_ws/install/clearpath_config:${AMENT_PREFIX_PATH} CMAKE_PREFIX_PATH=/home/hyeseonl/clearpath_ws/install/clearpath_platform:/home/hyeseonl/clearpath_ws/install/clearpath_description:/home/hyeseonl/clearpath_ws/install/clearpath_sensors_description:/home/hyeseonl/clearpath_ws/install/clearpath_platform_msgs:/home/hyeseonl/clearpath_ws/install/clearpath_platform_description:/home/hyeseonl/clearpath_ws/install/clearpath_mounts_description:/home/hyeseonl/clearpath_ws/install/clearpath_control:/opt/ros/humble LD_LIBRARY_PATH=/home/hyeseonl/clearpath_ws/install/clearpath_platform/lib:/home/hyeseonl/clearpath_ws/install/clearpath_platform_msgs/lib:${LD_LIBRARY_PATH} PYTHONPATH=/home/hyeseonl/clearpath_ws/install/clearpath_platform_msgs/local/lib/python3.10/dist-packages:/home/hyeseonl/clearpath_ws/build/clearpath_config:/home/hyeseonl/clearpath_ws/install/clearpath_config/lib/python3.10/site-packages:${PYTHONPATH} /usr/bin/cmake --install /home/hyeseonl/clearpath_ws/build/clearpath_generator_common
