-- The C compiler identification is GNU 11.4.0
-- The CXX compiler identification is GNU 11.4.0
-- Detecting C compiler ABI info
-- Detecting C compiler ABI info - done
-- Check for working C compiler: /usr/bin/cc - skipped
-- Detecting C compile features
-- Detecting C compile features - done
-- Detecting CXX compiler ABI info
-- Detecting CXX compiler ABI info - done
-- Check for working CXX compiler: /usr/bin/c++ - skipped
-- Detecting CXX compile features
-- Detecting CXX compile features - done
-- Found ament_cmake: 1.3.9 (/opt/ros/humble/share/ament_cmake/cmake)
-- Found Python3: /usr/bin/python3 (found version "3.10.12") found components: Interpreter 
-- Found rclcpp: 16.0.9 (/opt/ros/humble/share/rclcpp/cmake)
-- Found rosidl_generator_c: 3.1.5 (/opt/ros/humble/share/rosidl_generator_c/cmake)
-- Found rosidl_adapter: 3.1.5 (/opt/ros/humble/share/rosidl_adapter/cmake)
-- Found rosidl_generator_cpp: 3.1.5 (/opt/ros/humble/share/rosidl_generator_cpp/cmake)
-- Using all available rosidl_typesupport_c: rosidl_typesupport_fastrtps_c;rosidl_typesupport_introspection_c
-- Using all available rosidl_typesupport_cpp: rosidl_typesupport_fastrtps_cpp;rosidl_typesupport_introspection_cpp
-- Found rmw_implementation_cmake: 6.1.2 (/opt/ros/humble/share/rmw_implementation_cmake/cmake)
-- Found rmw_fastrtps_cpp: 6.2.6 (/opt/ros/humble/share/rmw_fastrtps_cpp/cmake)
-- Found OpenSSL: /usr/lib/x86_64-linux-gnu/libcrypto.so (found version "3.0.2")  
-- Found FastRTPS: /opt/ros/humble/include  
-- Using RMW implementation 'rmw_fastrtps_cpp' as default
-- Looking for pthread.h
-- Looking for pthread.h - found
-- Performing Test CMAKE_HAVE_LIBC_PTHREAD
-- Performing Test CMAKE_HAVE_LIBC_PTHREAD - Success
-- Found Threads: TRUE  
-- Found sensor_msgs: 4.2.4 (/opt/ros/humble/share/sensor_msgs/cmake)
-- Found nav_msgs: 4.2.4 (/opt/ros/humble/share/nav_msgs/cmake)
-- Found tf2: 0.25.7 (/opt/ros/humble/share/tf2/cmake)
-- Found tf2_msgs: 0.25.7 (/opt/ros/humble/share/tf2_msgs/cmake)
-- Found tf2_ros: 0.25.7 (/opt/ros/humble/share/tf2_ros/cmake)
-- Found tf2_geometry_msgs: 0.25.7 (/opt/ros/humble/share/tf2_geometry_msgs/cmake)
-- Found eigen3_cmake_module: 0.1.1 (/opt/ros/humble/share/eigen3_cmake_module/cmake)
-- Found Eigen3: TRUE (found version "3.4.0") 
-- Ensuring Eigen3 include directory is part of orocos-kdl CMake target
-- Configuring done
-- Generating done
-- Build files have been written to: /home/hyeseonl/clearpath_ws/build/duro_gps_driver
[ 75%] [32mBuilding CXX object CMakeFiles/duro_node.dir/src/duro_node.cpp.o[0m
[ 75%] [32mBuilding CXX object CMakeFiles/duro_node.dir/src/fake_orientation.cpp.o[0m
[ 75%] [32mBuilding CXX object CMakeFiles/duro_node.dir/src/utm.cpp.o[0m
[100%] [32m[1mLinking CXX executable duro_node[0m
[100%] Built target duro_node
-- Install configuration: ""
-- Installing: /home/hyeseonl/clearpath_ws/install/duro_gps_driver/lib/duro_gps_driver/duro_node
-- Set runtime path of "/home/hyeseonl/clearpath_ws/install/duro_gps_driver/lib/duro_gps_driver/duro_node" to ""
-- Installing: /home/hyeseonl/clearpath_ws/install/duro_gps_driver/include/duro_gps_driver/duro_gps_driver
-- Installing: /home/hyeseonl/clearpath_ws/install/duro_gps_driver/include/duro_gps_driver/duro_gps_driver/UTM.h
-- Installing: /home/hyeseonl/clearpath_ws/install/duro_gps_driver/include/duro_gps_driver/duro_gps_driver/fake_orientation.hpp
-- Installing: /home/hyeseonl/clearpath_ws/install/duro_gps_driver/share/duro_gps_driver/launch
-- Installing: /home/hyeseonl/clearpath_ws/install/duro_gps_driver/share/duro_gps_driver/launch/duro_example.launch.py
-- Installing: /home/hyeseonl/clearpath_ws/install/duro_gps_driver/share/duro_gps_driver/launch/duro_example.launch.xml
-- Installing: /home/hyeseonl/clearpath_ws/install/duro_gps_driver/share/ament_index/resource_index/package_run_dependencies/duro_gps_driver
-- Installing: /home/hyeseonl/clearpath_ws/install/duro_gps_driver/share/ament_index/resource_index/parent_prefix_path/duro_gps_driver
-- Installing: /home/hyeseonl/clearpath_ws/install/duro_gps_driver/share/duro_gps_driver/environment/ament_prefix_path.sh
-- Installing: /home/hyeseonl/clearpath_ws/install/duro_gps_driver/share/duro_gps_driver/environment/ament_prefix_path.dsv
-- Installing: /home/hyeseonl/clearpath_ws/install/duro_gps_driver/share/duro_gps_driver/environment/path.sh
-- Installing: /home/hyeseonl/clearpath_ws/install/duro_gps_driver/share/duro_gps_driver/environment/path.dsv
-- Installing: /home/hyeseonl/clearpath_ws/install/duro_gps_driver/share/duro_gps_driver/local_setup.bash
-- Installing: /home/hyeseonl/clearpath_ws/install/duro_gps_driver/share/duro_gps_driver/local_setup.sh
-- Installing: /home/hyeseonl/clearpath_ws/install/duro_gps_driver/share/duro_gps_driver/local_setup.zsh
-- Installing: /home/hyeseonl/clearpath_ws/install/duro_gps_driver/share/duro_gps_driver/local_setup.dsv
-- Installing: /home/hyeseonl/clearpath_ws/install/duro_gps_driver/share/duro_gps_driver/package.dsv
-- Installing: /home/hyeseonl/clearpath_ws/install/duro_gps_driver/share/ament_index/resource_index/packages/duro_gps_driver
-- Installing: /home/hyeseonl/clearpath_ws/install/duro_gps_driver/share/duro_gps_driver/cmake/duro_gps_driverConfig.cmake
-- Installing: /home/hyeseonl/clearpath_ws/install/duro_gps_driver/share/duro_gps_driver/cmake/duro_gps_driverConfig-version.cmake
-- Installing: /home/hyeseonl/clearpath_ws/install/duro_gps_driver/share/duro_gps_driver/package.xml
