[0.010s] Invoking command in '/home/hyeseonl/clearpath_ws/build/clearpath_generator_common': AMENT_PREFIX_PATH=/home/hyeseonl/clearpath_ws/install/clearpath_platform:/home/hyeseonl/clearpath_ws/install/clearpath_description:/home/hyeseonl/clearpath_ws/install/clearpath_sensors_description:/home/hyeseonl/clearpath_ws/install/clearpath_platform_msgs:/home/hyeseonl/clearpath_ws/install/clearpath_platform_description:/home/hyeseonl/clearpath_ws/install/clearpath_mounts_description:/home/hyeseonl/clearpath_ws/install/clearpath_control:/home/hyeseonl/clearpath_ws/install/clearpath_config:${AMENT_PREFIX_PATH} CMAKE_PREFIX_PATH=/home/hyeseonl/clearpath_ws/install/clearpath_platform:/home/hyeseonl/clearpath_ws/install/clearpath_description:/home/hyeseonl/clearpath_ws/install/clearpath_sensors_description:/home/hyeseonl/clearpath_ws/install/clearpath_platform_msgs:/home/hyeseonl/clearpath_ws/install/clearpath_platform_description:/home/hyeseonl/clearpath_ws/install/clearpath_mounts_description:/home/hyeseonl/clearpath_ws/install/clearpath_control:/opt/ros/humble LD_LIBRARY_PATH=/home/hyeseonl/clearpath_ws/install/clearpath_platform/lib:/home/hyeseonl/clearpath_ws/install/clearpath_platform_msgs/lib:${LD_LIBRARY_PATH} PYTHONPATH=/home/hyeseonl/clearpath_ws/install/clearpath_platform_msgs/local/lib/python3.10/dist-packages:/home/hyeseonl/clearpath_ws/build/clearpath_config:/home/hyeseonl/clearpath_ws/install/clearpath_config/lib/python3.10/site-packages:${PYTHONPATH} /usr/bin/cmake --build /home/hyeseonl/clearpath_ws/build/clearpath_generator_common -- -j32 -l32
[0.044s] Built target ament_cmake_python_symlink_clearpath_generator_common
[0.181s] running egg_info
[0.181s] writing clearpath_generator_common.egg-info/PKG-INFO
[0.181s] writing dependency_links to clearpath_generator_common.egg-info/dependency_links.txt
[0.181s] writing top-level names to clearpath_generator_common.egg-info/top_level.txt
[0.183s] reading manifest file 'clearpath_generator_common.egg-info/SOURCES.txt'
[0.184s] writing manifest file 'clearpath_generator_common.egg-info/SOURCES.txt'
[0.198s] Built target ament_cmake_python_build_clearpath_generator_common_egg
[0.204s] Invoked command in '/home/hyeseonl/clearpath_ws/build/clearpath_generator_common' returned '0': AMENT_PREFIX_PATH=/home/hyeseonl/clearpath_ws/install/clearpath_platform:/home/hyeseonl/clearpath_ws/install/clearpath_description:/home/hyeseonl/clearpath_ws/install/clearpath_sensors_description:/home/hyeseonl/clearpath_ws/install/clearpath_platform_msgs:/home/hyeseonl/clearpath_ws/install/clearpath_platform_description:/home/hyeseonl/clearpath_ws/install/clearpath_mounts_description:/home/hyeseonl/clearpath_ws/install/clearpath_control:/home/hyeseonl/clearpath_ws/install/clearpath_config:${AMENT_PREFIX_PATH} CMAKE_PREFIX_PATH=/home/hyeseonl/clearpath_ws/install/clearpath_platform:/home/hyeseonl/clearpath_ws/install/clearpath_description:/home/hyeseonl/clearpath_ws/install/clearpath_sensors_description:/home/hyeseonl/clearpath_ws/install/clearpath_platform_msgs:/home/hyeseonl/clearpath_ws/install/clearpath_platform_description:/home/hyeseonl/clearpath_ws/install/clearpath_mounts_description:/home/hyeseonl/clearpath_ws/install/clearpath_control:/opt/ros/humble LD_LIBRARY_PATH=/home/hyeseonl/clearpath_ws/install/clearpath_platform/lib:/home/hyeseonl/clearpath_ws/install/clearpath_platform_msgs/lib:${LD_LIBRARY_PATH} PYTHONPATH=/home/hyeseonl/clearpath_ws/install/clearpath_platform_msgs/local/lib/python3.10/dist-packages:/home/hyeseonl/clearpath_ws/build/clearpath_config:/home/hyeseonl/clearpath_ws/install/clearpath_config/lib/python3.10/site-packages:${PYTHONPATH} /usr/bin/cmake --build /home/hyeseonl/clearpath_ws/build/clearpath_generator_common -- -j32 -l32
[0.220s] Invoking command in '/home/hyeseonl/clearpath_ws/build/clearpath_generator_common': AMENT_PREFIX_PATH=/home/hyeseonl/clearpath_ws/install/clearpath_platform:/home/hyeseonl/clearpath_ws/install/clearpath_description:/home/hyeseonl/clearpath_ws/install/clearpath_sensors_description:/home/hyeseonl/clearpath_ws/install/clearpath_platform_msgs:/home/hyeseonl/clearpath_ws/install/clearpath_platform_description:/home/hyeseonl/clearpath_ws/install/clearpath_mounts_description:/home/hyeseonl/clearpath_ws/install/clearpath_control:/home/hyeseonl/clearpath_ws/install/clearpath_config:${AMENT_PREFIX_PATH} CMAKE_PREFIX_PATH=/home/hyeseonl/clearpath_ws/install/clearpath_platform:/home/hyeseonl/clearpath_ws/install/clearpath_description:/home/hyeseonl/clearpath_ws/install/clearpath_sensors_description:/home/hyeseonl/clearpath_ws/install/clearpath_platform_msgs:/home/hyeseonl/clearpath_ws/install/clearpath_platform_description:/home/hyeseonl/clearpath_ws/install/clearpath_mounts_description:/home/hyeseonl/clearpath_ws/install/clearpath_control:/opt/ros/humble LD_LIBRARY_PATH=/home/hyeseonl/clearpath_ws/install/clearpath_platform/lib:/home/hyeseonl/clearpath_ws/install/clearpath_platform_msgs/lib:${LD_LIBRARY_PATH} PYTHONPATH=/home/hyeseonl/clearpath_ws/install/clearpath_platform_msgs/local/lib/python3.10/dist-packages:/home/hyeseonl/clearpath_ws/build/clearpath_config:/home/hyeseonl/clearpath_ws/install/clearpath_config/lib/python3.10/site-packages:${PYTHONPATH} /usr/bin/cmake --install /home/hyeseonl/clearpath_ws/build/clearpath_generator_common
[0.224s] -- Install configuration: ""
[0.224s] -- Execute custom install script
[0.224s] -- Up-to-date symlink: /home/hyeseonl/clearpath_ws/install/clearpath_generator_common/lib/clearpath_generator_common/generate_description
[0.224s] -- Up-to-date symlink: /home/hyeseonl/clearpath_ws/install/clearpath_generator_common/lib/clearpath_generator_common/generate_discovery_server
[0.225s] -- Up-to-date symlink: /home/hyeseonl/clearpath_ws/install/clearpath_generator_common/lib/clearpath_generator_common/generate_bash
[0.225s] -- Up-to-date symlink: /home/hyeseonl/clearpath_ws/install/clearpath_generator_common/share/clearpath_generator_common/environment/pythonpath.sh
[0.225s] -- Up-to-date symlink: /home/hyeseonl/clearpath_ws/install/clearpath_generator_common/share/clearpath_generator_common/environment/pythonpath.dsv
[0.225s] -- Up-to-date symlink: /home/hyeseonl/clearpath_ws/install/clearpath_generator_common/local/lib/python3.10/dist-packages/clearpath_generator_common-0.2.9-py3.10.egg-info/PKG-INFO
[0.225s] -- Up-to-date symlink: /home/hyeseonl/clearpath_ws/install/clearpath_generator_common/local/lib/python3.10/dist-packages/clearpath_generator_common-0.2.9-py3.10.egg-info/SOURCES.txt
[0.225s] -- Up-to-date symlink: /home/hyeseonl/clearpath_ws/install/clearpath_generator_common/local/lib/python3.10/dist-packages/clearpath_generator_common-0.2.9-py3.10.egg-info/dependency_links.txt
[0.225s] -- Up-to-date symlink: /home/hyeseonl/clearpath_ws/install/clearpath_generator_common/local/lib/python3.10/dist-packages/clearpath_generator_common-0.2.9-py3.10.egg-info/top_level.txt
[0.226s] -- Up-to-date symlink: /home/hyeseonl/clearpath_ws/install/clearpath_generator_common/local/lib/python3.10/dist-packages/clearpath_generator_common/__init__.py
[0.226s] -- Up-to-date symlink: /home/hyeseonl/clearpath_ws/install/clearpath_generator_common/local/lib/python3.10/dist-packages/clearpath_generator_common/bash/__init__.py
[0.226s] -- Up-to-date symlink: /home/hyeseonl/clearpath_ws/install/clearpath_generator_common/local/lib/python3.10/dist-packages/clearpath_generator_common/bash/generate_bash
[0.226s] -- Up-to-date symlink: /home/hyeseonl/clearpath_ws/install/clearpath_generator_common/local/lib/python3.10/dist-packages/clearpath_generator_common/bash/generator.py
[0.226s] -- Up-to-date symlink: /home/hyeseonl/clearpath_ws/install/clearpath_generator_common/local/lib/python3.10/dist-packages/clearpath_generator_common/bash/writer.py
[0.226s] -- Up-to-date symlink: /home/hyeseonl/clearpath_ws/install/clearpath_generator_common/local/lib/python3.10/dist-packages/clearpath_generator_common/common.py
[0.226s] -- Up-to-date symlink: /home/hyeseonl/clearpath_ws/install/clearpath_generator_common/local/lib/python3.10/dist-packages/clearpath_generator_common/description/__init__.py
[0.226s] -- Up-to-date symlink: /home/hyeseonl/clearpath_ws/install/clearpath_generator_common/local/lib/python3.10/dist-packages/clearpath_generator_common/description/attachments.py
[0.226s] -- Up-to-date symlink: /home/hyeseonl/clearpath_ws/install/clearpath_generator_common/local/lib/python3.10/dist-packages/clearpath_generator_common/description/generate_description
[0.226s] -- Up-to-date symlink: /home/hyeseonl/clearpath_ws/install/clearpath_generator_common/local/lib/python3.10/dist-packages/clearpath_generator_common/description/generator.py
[0.226s] -- Up-to-date symlink: /home/hyeseonl/clearpath_ws/install/clearpath_generator_common/local/lib/python3.10/dist-packages/clearpath_generator_common/description/links.py
[0.227s] -- Up-to-date symlink: /home/hyeseonl/clearpath_ws/install/clearpath_generator_common/local/lib/python3.10/dist-packages/clearpath_generator_common/description/mounts.py
[0.227s] -- Up-to-date symlink: /home/hyeseonl/clearpath_ws/install/clearpath_generator_common/local/lib/python3.10/dist-packages/clearpath_generator_common/description/platform.py
[0.227s] -- Up-to-date symlink: /home/hyeseonl/clearpath_ws/install/clearpath_generator_common/local/lib/python3.10/dist-packages/clearpath_generator_common/description/sensors.py
[0.227s] -- Up-to-date symlink: /home/hyeseonl/clearpath_ws/install/clearpath_generator_common/local/lib/python3.10/dist-packages/clearpath_generator_common/description/writer.py
[0.227s] -- Up-to-date symlink: /home/hyeseonl/clearpath_ws/install/clearpath_generator_common/local/lib/python3.10/dist-packages/clearpath_generator_common/discovery_server/generate_discovery_server
[0.227s] -- Up-to-date symlink: /home/hyeseonl/clearpath_ws/install/clearpath_generator_common/local/lib/python3.10/dist-packages/clearpath_generator_common/discovery_server/generator.py
[0.227s] -- Up-to-date symlink: /home/hyeseonl/clearpath_ws/install/clearpath_generator_common/local/lib/python3.10/dist-packages/clearpath_generator_common/launch/__init__.py
[0.227s] -- Up-to-date symlink: /home/hyeseonl/clearpath_ws/install/clearpath_generator_common/local/lib/python3.10/dist-packages/clearpath_generator_common/launch/generator.py
[0.227s] -- Up-to-date symlink: /home/hyeseonl/clearpath_ws/install/clearpath_generator_common/local/lib/python3.10/dist-packages/clearpath_generator_common/launch/writer.py
[0.227s] -- Up-to-date symlink: /home/hyeseonl/clearpath_ws/install/clearpath_generator_common/local/lib/python3.10/dist-packages/clearpath_generator_common/package/__init__.py
[0.227s] -- Up-to-date symlink: /home/hyeseonl/clearpath_ws/install/clearpath_generator_common/local/lib/python3.10/dist-packages/clearpath_generator_common/package/writer.py
[0.227s] -- Up-to-date symlink: /home/hyeseonl/clearpath_ws/install/clearpath_generator_common/local/lib/python3.10/dist-packages/clearpath_generator_common/param/__init__.py
[0.227s] -- Up-to-date symlink: /home/hyeseonl/clearpath_ws/install/clearpath_generator_common/local/lib/python3.10/dist-packages/clearpath_generator_common/param/generator.py
[0.227s] -- Up-to-date symlink: /home/hyeseonl/clearpath_ws/install/clearpath_generator_common/local/lib/python3.10/dist-packages/clearpath_generator_common/param/platform.py
[0.227s] -- Up-to-date symlink: /home/hyeseonl/clearpath_ws/install/clearpath_generator_common/local/lib/python3.10/dist-packages/clearpath_generator_common/param/writer.py
[0.228s] -- Up-to-date symlink: /home/hyeseonl/clearpath_ws/install/clearpath_generator_common/share/ament_index/resource_index/package_run_dependencies/clearpath_generator_common
[0.228s] -- Up-to-date symlink: /home/hyeseonl/clearpath_ws/install/clearpath_generator_common/share/ament_index/resource_index/parent_prefix_path/clearpath_generator_common
[0.228s] -- Up-to-date symlink: /home/hyeseonl/clearpath_ws/install/clearpath_generator_common/share/clearpath_generator_common/environment/ament_prefix_path.sh
[0.228s] -- Up-to-date symlink: /home/hyeseonl/clearpath_ws/install/clearpath_generator_common/share/clearpath_generator_common/environment/ament_prefix_path.dsv
[0.228s] -- Up-to-date symlink: /home/hyeseonl/clearpath_ws/install/clearpath_generator_common/share/clearpath_generator_common/environment/path.sh
[0.228s] -- Up-to-date symlink: /home/hyeseonl/clearpath_ws/install/clearpath_generator_common/share/clearpath_generator_common/environment/path.dsv
[0.228s] -- Up-to-date symlink: /home/hyeseonl/clearpath_ws/install/clearpath_generator_common/share/clearpath_generator_common/local_setup.bash
[0.228s] -- Up-to-date symlink: /home/hyeseonl/clearpath_ws/install/clearpath_generator_common/share/clearpath_generator_common/local_setup.sh
[0.228s] -- Up-to-date symlink: /home/hyeseonl/clearpath_ws/install/clearpath_generator_common/share/clearpath_generator_common/local_setup.zsh
[0.228s] -- Up-to-date symlink: /home/hyeseonl/clearpath_ws/install/clearpath_generator_common/share/clearpath_generator_common/local_setup.dsv
[0.229s] -- Symlinking: /home/hyeseonl/clearpath_ws/install/clearpath_generator_common/share/clearpath_generator_common/package.dsv
[0.234s] -- Up-to-date symlink: /home/hyeseonl/clearpath_ws/install/clearpath_generator_common/share/ament_index/resource_index/packages/clearpath_generator_common
[0.234s] -- Up-to-date symlink: /home/hyeseonl/clearpath_ws/install/clearpath_generator_common/share/clearpath_generator_common/cmake/clearpath_generator_commonConfig.cmake
[0.234s] -- Up-to-date symlink: /home/hyeseonl/clearpath_ws/install/clearpath_generator_common/share/clearpath_generator_common/cmake/clearpath_generator_commonConfig-version.cmake
[0.234s] -- Up-to-date symlink: /home/hyeseonl/clearpath_ws/install/clearpath_generator_common/share/clearpath_generator_common/package.xml
[0.254s] Listing '/home/hyeseonl/clearpath_ws/install/clearpath_generator_common/local/lib/python3.10/dist-packages/clearpath_generator_common'...
[0.254s] Listing '/home/hyeseonl/clearpath_ws/install/clearpath_generator_common/local/lib/python3.10/dist-packages/clearpath_generator_common/bash'...
[0.254s] Listing '/home/hyeseonl/clearpath_ws/install/clearpath_generator_common/local/lib/python3.10/dist-packages/clearpath_generator_common/description'...
[0.254s] Listing '/home/hyeseonl/clearpath_ws/install/clearpath_generator_common/local/lib/python3.10/dist-packages/clearpath_generator_common/discovery_server'...
[0.254s] Listing '/home/hyeseonl/clearpath_ws/install/clearpath_generator_common/local/lib/python3.10/dist-packages/clearpath_generator_common/launch'...
[0.254s] Listing '/home/hyeseonl/clearpath_ws/install/clearpath_generator_common/local/lib/python3.10/dist-packages/clearpath_generator_common/package'...
[0.254s] Listing '/home/hyeseonl/clearpath_ws/install/clearpath_generator_common/local/lib/python3.10/dist-packages/clearpath_generator_common/param'...
[0.258s] Invoked command in '/home/hyeseonl/clearpath_ws/build/clearpath_generator_common' returned '0': AMENT_PREFIX_PATH=/home/hyeseonl/clearpath_ws/install/clearpath_platform:/home/hyeseonl/clearpath_ws/install/clearpath_description:/home/hyeseonl/clearpath_ws/install/clearpath_sensors_description:/home/hyeseonl/clearpath_ws/install/clearpath_platform_msgs:/home/hyeseonl/clearpath_ws/install/clearpath_platform_description:/home/hyeseonl/clearpath_ws/install/clearpath_mounts_description:/home/hyeseonl/clearpath_ws/install/clearpath_control:/home/hyeseonl/clearpath_ws/install/clearpath_config:${AMENT_PREFIX_PATH} CMAKE_PREFIX_PATH=/home/hyeseonl/clearpath_ws/install/clearpath_platform:/home/hyeseonl/clearpath_ws/install/clearpath_description:/home/hyeseonl/clearpath_ws/install/clearpath_sensors_description:/home/hyeseonl/clearpath_ws/install/clearpath_platform_msgs:/home/hyeseonl/clearpath_ws/install/clearpath_platform_description:/home/hyeseonl/clearpath_ws/install/clearpath_mounts_description:/home/hyeseonl/clearpath_ws/install/clearpath_control:/opt/ros/humble LD_LIBRARY_PATH=/home/hyeseonl/clearpath_ws/install/clearpath_platform/lib:/home/hyeseonl/clearpath_ws/install/clearpath_platform_msgs/lib:${LD_LIBRARY_PATH} PYTHONPATH=/home/hyeseonl/clearpath_ws/install/clearpath_platform_msgs/local/lib/python3.10/dist-packages:/home/hyeseonl/clearpath_ws/build/clearpath_config:/home/hyeseonl/clearpath_ws/install/clearpath_config/lib/python3.10/site-packages:${PYTHONPATH} /usr/bin/cmake --install /home/hyeseonl/clearpath_ws/build/clearpath_generator_common
