-- The C compiler identification is GNU 11.4.0
-- The CXX compiler identification is GNU 11.4.0
-- Detecting C compiler ABI info
-- Detecting C compiler ABI info - done
-- Check for working C compiler: /usr/bin/cc - skipped
-- Detecting C compile features
-- Detecting C compile features - done
-- Detecting CXX compiler ABI info
-- Detecting CXX compiler ABI info - done
-- Check for working CXX compiler: /usr/bin/c++ - skipped
-- Detecting CXX compile features
-- Detecting CXX compile features - done
-- Found ament_cmake: 1.3.9 (/opt/ros/humble/share/ament_cmake/cmake)
-- Found Python3: /usr/bin/python3 (found version "3.10.12") found components: Interpreter 
-- Override CMake install command with custom implementation using symlinks instead of copying resources
-- Found controller_interface: 2.41.0 (/opt/ros/humble/share/controller_interface/cmake)
-- Found rosidl_generator_c: 3.1.5 (/opt/ros/humble/share/rosidl_generator_c/cmake)
-- Found rosidl_adapter: 3.1.5 (/opt/ros/humble/share/rosidl_adapter/cmake)
-- Found rosidl_generator_cpp: 3.1.5 (/opt/ros/humble/share/rosidl_generator_cpp/cmake)
-- Using all available rosidl_typesupport_c: rosidl_typesupport_fastrtps_c;rosidl_typesupport_introspection_c
-- Using all available rosidl_typesupport_cpp: rosidl_typesupport_fastrtps_cpp;rosidl_typesupport_introspection_cpp
-- Found rmw_implementation_cmake: 6.1.2 (/opt/ros/humble/share/rmw_implementation_cmake/cmake)
-- Found rmw_fastrtps_cpp: 6.2.6 (/opt/ros/humble/share/rmw_fastrtps_cpp/cmake)
-- Found TinyXML2 via Config file: TinyXML2_DIR-NOTFOUND
-- Found OpenSSL: /usr/lib/x86_64-linux-gnu/libcrypto.so (found version "3.0.2")  
-- Found TinyXML2 via Config file: TinyXML2_DIR-NOTFOUND
-- Found FastRTPS: /opt/ros/humble/include  
-- Found TinyXML2 via Config file: TinyXML2_DIR-NOTFOUND
-- Found TinyXML2 via Config file: TinyXML2_DIR-NOTFOUND
-- Using RMW implementation 'rmw_fastrtps_cpp' as default
-- Looking for pthread.h
-- Looking for pthread.h - found
-- Performing Test CMAKE_HAVE_LIBC_PTHREAD
-- Performing Test CMAKE_HAVE_LIBC_PTHREAD - Success
-- Found Threads: TRUE  
-- Found controller_manager: 2.41.0 (/opt/ros/humble/share/controller_manager/cmake)
-- Found clearpath_platform_msgs: 0.2.0 (/home/hyeseonl/clearpath_ws/install/clearpath_platform_msgs/share/clearpath_platform_msgs/cmake)
-- Found nav_msgs: 4.2.4 (/opt/ros/humble/share/nav_msgs/cmake)
-- Found std_srvs: 4.2.4 (/opt/ros/humble/share/std_srvs/cmake)
-- Found tf2: 0.25.7 (/opt/ros/humble/share/tf2/cmake)
-- Found tf2_ros: 0.25.7 (/opt/ros/humble/share/tf2_ros/cmake)
-- Configuring done
-- Generating done
-- Build files have been written to: /home/hyeseonl/clearpath_ws/build/clearpath_platform
[  3%] [32mBuilding CXX object CMakeFiles/clearpath_platform_lighting.dir/src/lighting/color.cpp.o[0m
[  7%] [32mBuilding CXX object CMakeFiles/clearpath_platform_lighting.dir/src/lighting/sequence.cpp.o[0m
[ 14%] [32mBuilding CXX object CMakeFiles/a200_hardware.dir/src/a200/hardware.cpp.o[0m
[ 14%] [32mBuilding CXX object CMakeFiles/w200_hardware.dir/src/w200/hardware.cpp.o[0m
[ 18%] [32mBuilding CXX object CMakeFiles/j100_hardware.dir/src/j100/hardware_interface.cpp.o[0m
[ 22%] [32mBuilding CXX object CMakeFiles/a200_hardware.dir/src/a200/horizon_legacy/horizon_legacy_wrapper.cpp.o[0m
[ 25%] [32mBuilding CXX object CMakeFiles/clearpath_platform_lighting.dir/src/lighting/lighting.cpp.o[0m
[ 29%] [32mBuilding CXX object CMakeFiles/a200_hardware.dir/src/a200/horizon_legacy/Message.cpp.o[0m
[ 33%] [32mBuilding CXX object CMakeFiles/j100_hardware.dir/src/j100/hardware.cpp.o[0m
[ 40%] [32mBuilding CXX object CMakeFiles/a200_hardware.dir/src/a200/status.cpp.o[0m
[ 40%] [32mBuilding CXX object CMakeFiles/j100_hardware.dir/src/diff_drive/hardware.cpp.o[0m
[ 55%] [32mBuilding CXX object CMakeFiles/a200_hardware.dir/src/a200/horizon_legacy/Number.cpp.o[0m
[ 55%] [32mBuilding CXX object CMakeFiles/j100_hardware.dir/src/diff_drive/hardware_interface.cpp.o[0m
[ 55%] [32mBuilding CXX object CMakeFiles/a200_hardware.dir/src/a200/horizon_legacy/crc.cpp.o[0m
[ 55%] [32mBuilding CXX object CMakeFiles/w200_hardware.dir/src/w200/hardware_interface.cpp.o[0m
[ 59%] [32mBuilding CXX object CMakeFiles/a200_hardware.dir/src/a200/horizon_legacy/Logger.cpp.o[0m
[ 62%] [32mBuilding CXX object CMakeFiles/a200_hardware.dir/src/a200/horizon_legacy/Message_data.cpp.o[0m
[ 66%] [32mBuilding CXX object CMakeFiles/a200_hardware.dir/src/a200/horizon_legacy/Message_request.cpp.o[0m
[ 70%] [32mBuilding CXX object CMakeFiles/a200_hardware.dir/src/a200/horizon_legacy/Message_cmd.cpp.o[0m
[ 74%] [32mBuilding CXX object CMakeFiles/a200_hardware.dir/src/a200/horizon_legacy/Transport.cpp.o[0m
[ 77%] [32mBuilding CXX object CMakeFiles/a200_hardware.dir/src/a200/horizon_legacy/linux_serial.cpp.o[0m
[ 81%] [32m[1mLinking CXX shared library liba200_hardware.so[0m
[ 81%] Built target a200_hardware
[ 85%] [32m[1mLinking CXX shared library libw200_hardware.so[0m
[ 88%] [32m[1mLinking CXX shared library libj100_hardware.so[0m
[ 88%] Built target w200_hardware
[ 88%] Built target j100_hardware
[ 92%] [32m[1mLinking CXX shared library libclearpath_platform_lighting.so[0m
[ 92%] Built target clearpath_platform_lighting
[ 96%] [32mBuilding CXX object CMakeFiles/lighting_node.dir/src/lighting/main.cpp.o[0m
[100%] [32m[1mLinking CXX executable lighting_node[0m
[100%] Built target lighting_node
-- Install configuration: ""
-- Execute custom install script
-- Symlinking: /home/hyeseonl/clearpath_ws/install/clearpath_platform/share/clearpath_platform/src/a200/hardware.xml
-- Symlinking: /home/hyeseonl/clearpath_ws/install/clearpath_platform/share/clearpath_platform/src/j100/hardware.xml
-- Symlinking: /home/hyeseonl/clearpath_ws/install/clearpath_platform/share/clearpath_platform/src/w200/hardware.xml
-- Symlinking: /home/hyeseonl/clearpath_ws/install/clearpath_platform/lib/liba200_hardware.so
-- Symlinking: /home/hyeseonl/clearpath_ws/install/clearpath_platform/lib/libj100_hardware.so
-- Symlinking: /home/hyeseonl/clearpath_ws/install/clearpath_platform/lib/libw200_hardware.so
-- Symlinking: /home/hyeseonl/clearpath_ws/install/clearpath_platform/lib/clearpath_platform/lighting_node
-- Symlinking: /home/hyeseonl/clearpath_ws/install/clearpath_platform/lib/libclearpath_platform_lighting.so
-- Symlinking: /home/hyeseonl/clearpath_ws/install/clearpath_platform/include/clearpath_platform/a200/hardware.hpp
-- Symlinking: /home/hyeseonl/clearpath_ws/install/clearpath_platform/include/clearpath_platform/a200/horizon_legacy/Exception.h
-- Symlinking: /home/hyeseonl/clearpath_ws/install/clearpath_platform/include/clearpath_platform/a200/horizon_legacy/Logger.h
-- Symlinking: /home/hyeseonl/clearpath_ws/install/clearpath_platform/include/clearpath_platform/a200/horizon_legacy/Message.h
-- Symlinking: /home/hyeseonl/clearpath_ws/install/clearpath_platform/include/clearpath_platform/a200/horizon_legacy/Message_cmd.h
-- Symlinking: /home/hyeseonl/clearpath_ws/install/clearpath_platform/include/clearpath_platform/a200/horizon_legacy/Message_data.h
-- Symlinking: /home/hyeseonl/clearpath_ws/install/clearpath_platform/include/clearpath_platform/a200/horizon_legacy/Message_request.h
-- Symlinking: /home/hyeseonl/clearpath_ws/install/clearpath_platform/include/clearpath_platform/a200/horizon_legacy/Number.h
-- Symlinking: /home/hyeseonl/clearpath_ws/install/clearpath_platform/include/clearpath_platform/a200/horizon_legacy/Transport.h
-- Symlinking: /home/hyeseonl/clearpath_ws/install/clearpath_platform/include/clearpath_platform/a200/horizon_legacy/clearpath.h
-- Symlinking: /home/hyeseonl/clearpath_ws/install/clearpath_platform/include/clearpath_platform/a200/horizon_legacy/crc.h
-- Symlinking: /home/hyeseonl/clearpath_ws/install/clearpath_platform/include/clearpath_platform/a200/horizon_legacy/horizon_legacy_wrapper.h
-- Symlinking: /home/hyeseonl/clearpath_ws/install/clearpath_platform/include/clearpath_platform/a200/horizon_legacy/serial.h
-- Symlinking: /home/hyeseonl/clearpath_ws/install/clearpath_platform/include/clearpath_platform/a200/status.hpp
-- Symlinking: /home/hyeseonl/clearpath_ws/install/clearpath_platform/include/clearpath_platform/diff_drive/hardware.hpp
-- Symlinking: /home/hyeseonl/clearpath_ws/install/clearpath_platform/include/clearpath_platform/diff_drive/hardware_interface.hpp
-- Symlinking: /home/hyeseonl/clearpath_ws/install/clearpath_platform/include/clearpath_platform/j100/hardware.hpp
-- Symlinking: /home/hyeseonl/clearpath_ws/install/clearpath_platform/include/clearpath_platform/j100/hardware_interface.hpp
-- Symlinking: /home/hyeseonl/clearpath_ws/install/clearpath_platform/include/clearpath_platform/lighting/color.hpp
-- Symlinking: /home/hyeseonl/clearpath_ws/install/clearpath_platform/include/clearpath_platform/lighting/lighting.hpp
-- Symlinking: /home/hyeseonl/clearpath_ws/install/clearpath_platform/include/clearpath_platform/lighting/platform.hpp
-- Symlinking: /home/hyeseonl/clearpath_ws/install/clearpath_platform/include/clearpath_platform/lighting/sequence.hpp
-- Symlinking: /home/hyeseonl/clearpath_ws/install/clearpath_platform/include/clearpath_platform/w200/hardware.hpp
-- Symlinking: /home/hyeseonl/clearpath_ws/install/clearpath_platform/include/clearpath_platform/w200/hardware_interface.hpp
-- Symlinking: /home/hyeseonl/clearpath_ws/install/clearpath_platform/share/clearpath_platform/config/imu_filter.yaml
-- Symlinking: /home/hyeseonl/clearpath_ws/install/clearpath_platform/share/clearpath_platform/launch/platform.launch.py
-- Symlinking: /home/hyeseonl/clearpath_ws/install/clearpath_platform/share/clearpath_platform/environment/library_path.sh
-- Symlinking: /home/hyeseonl/clearpath_ws/install/clearpath_platform/share/clearpath_platform/environment/library_path.dsv
-- Symlinking: /home/hyeseonl/clearpath_ws/install/clearpath_platform/share/ament_index/resource_index/package_run_dependencies/clearpath_platform
-- Symlinking: /home/hyeseonl/clearpath_ws/install/clearpath_platform/share/ament_index/resource_index/parent_prefix_path/clearpath_platform
-- Symlinking: /home/hyeseonl/clearpath_ws/install/clearpath_platform/share/clearpath_platform/environment/ament_prefix_path.sh
-- Symlinking: /home/hyeseonl/clearpath_ws/install/clearpath_platform/share/clearpath_platform/environment/ament_prefix_path.dsv
-- Symlinking: /home/hyeseonl/clearpath_ws/install/clearpath_platform/share/clearpath_platform/environment/path.sh
-- Symlinking: /home/hyeseonl/clearpath_ws/install/clearpath_platform/share/clearpath_platform/environment/path.dsv
-- Symlinking: /home/hyeseonl/clearpath_ws/install/clearpath_platform/share/clearpath_platform/local_setup.bash
-- Symlinking: /home/hyeseonl/clearpath_ws/install/clearpath_platform/share/clearpath_platform/local_setup.sh
-- Symlinking: /home/hyeseonl/clearpath_ws/install/clearpath_platform/share/clearpath_platform/local_setup.zsh
-- Symlinking: /home/hyeseonl/clearpath_ws/install/clearpath_platform/share/clearpath_platform/local_setup.dsv
-- Symlinking: /home/hyeseonl/clearpath_ws/install/clearpath_platform/share/clearpath_platform/package.dsv
-- Symlinking: /home/hyeseonl/clearpath_ws/install/clearpath_platform/share/ament_index/resource_index/packages/clearpath_platform
-- Symlinking: /home/hyeseonl/clearpath_ws/install/clearpath_platform/share/ament_index/resource_index/hardware_interface__pluginlib__plugin/clearpath_platform
-- Symlinking: /home/hyeseonl/clearpath_ws/install/clearpath_platform/share/clearpath_platform/cmake/ament_cmake_export_include_directories-extras.cmake
-- Symlinking: /home/hyeseonl/clearpath_ws/install/clearpath_platform/share/clearpath_platform/cmake/ament_cmake_export_libraries-extras.cmake
-- Symlinking: /home/hyeseonl/clearpath_ws/install/clearpath_platform/share/clearpath_platform/cmake/ament_cmake_export_dependencies-extras.cmake
-- Symlinking: /home/hyeseonl/clearpath_ws/install/clearpath_platform/share/clearpath_platform/cmake/clearpath_platformConfig.cmake
-- Symlinking: /home/hyeseonl/clearpath_ws/install/clearpath_platform/share/clearpath_platform/cmake/clearpath_platformConfig-version.cmake
-- Symlinking: /home/hyeseonl/clearpath_ws/install/clearpath_platform/share/clearpath_platform/package.xml
