[0.014s] Invoking command in '/home/hyeseonl/clearpath_ws/build/clearpath_platform': AMENT_PREFIX_PATH=/home/hyeseonl/clearpath_ws/install/clearpath_platform_msgs:/home/hyeseonl/clearpath_ws/install/clearpath_platform_description:/home/hyeseonl/clearpath_ws/install/clearpath_control:${AMENT_PREFIX_PATH} CMAKE_PREFIX_PATH=/home/hyeseonl/clearpath_ws/install/clearpath_platform_msgs:/home/hyeseonl/clearpath_ws/install/clearpath_platform_description:/home/hyeseonl/clearpath_ws/install/clearpath_control:/opt/ros/humble LD_LIBRARY_PATH=/home/hyeseonl/clearpath_ws/install/clearpath_platform_msgs/lib:${LD_LIBRARY_PATH} PYTHONPATH=/home/hyeseonl/clearpath_ws/install/clearpath_platform_msgs/local/lib/python3.10/dist-packages:${PYTHONPATH} /usr/bin/cmake /home/hyeseonl/clearpath_ws/src/clearpath_common/clearpath_platform -DAMENT_CMAKE_SYMLINK_INSTALL=1 -DCMAKE_INSTALL_PREFIX=/home/hyeseonl/clearpath_ws/install/clearpath_platform
[0.060s] -- The C compiler identification is GNU 11.4.0
[0.090s] -- The CXX compiler identification is GNU 11.4.0
[0.093s] -- Detecting C compiler ABI info
[0.126s] -- Detecting C compiler ABI info - done
[0.129s] -- Check for working C compiler: /usr/bin/cc - skipped
[0.129s] -- Detecting C compile features
[0.129s] -- Detecting C compile features - done
[0.131s] -- Detecting CXX compiler ABI info
[0.172s] -- Detecting CXX compiler ABI info - done
[0.176s] -- Check for working CXX compiler: /usr/bin/c++ - skipped
[0.176s] -- Detecting CXX compile features
[0.176s] -- Detecting CXX compile features - done
[0.177s] -- Found ament_cmake: 1.3.9 (/opt/ros/humble/share/ament_cmake/cmake)
[0.253s] -- Found Python3: /usr/bin/python3 (found version "3.10.12") found components: Interpreter 
[0.283s] -- Override CMake install command with custom implementation using symlinks instead of copying resources
[0.296s] -- Found controller_interface: 2.41.0 (/opt/ros/humble/share/controller_interface/cmake)
[0.315s] -- Found rosidl_generator_c: 3.1.5 (/opt/ros/humble/share/rosidl_generator_c/cmake)
[0.318s] -- Found rosidl_adapter: 3.1.5 (/opt/ros/humble/share/rosidl_adapter/cmake)
[0.322s] -- Found rosidl_generator_cpp: 3.1.5 (/opt/ros/humble/share/rosidl_generator_cpp/cmake)
[0.328s] -- Using all available rosidl_typesupport_c: rosidl_typesupport_fastrtps_c;rosidl_typesupport_introspection_c
[0.338s] -- Using all available rosidl_typesupport_cpp: rosidl_typesupport_fastrtps_cpp;rosidl_typesupport_introspection_cpp
[0.671s] -- Found rmw_implementation_cmake: 6.1.2 (/opt/ros/humble/share/rmw_implementation_cmake/cmake)
[0.672s] -- Found rmw_fastrtps_cpp: 6.2.6 (/opt/ros/humble/share/rmw_fastrtps_cpp/cmake)
[0.690s] -- Found TinyXML2 via Config file: TinyXML2_DIR-NOTFOUND
[0.719s] -- Found OpenSSL: /usr/lib/x86_64-linux-gnu/libcrypto.so (found version "3.0.2")  
[0.721s] -- Found TinyXML2 via Config file: TinyXML2_DIR-NOTFOUND
[0.733s] -- Found FastRTPS: /opt/ros/humble/include  
[0.738s] -- Found TinyXML2 via Config file: TinyXML2_DIR-NOTFOUND
[0.742s] -- Found TinyXML2 via Config file: TinyXML2_DIR-NOTFOUND
[0.747s] -- Using RMW implementation 'rmw_fastrtps_cpp' as default
[0.753s] -- Looking for pthread.h
[0.803s] -- Looking for pthread.h - found
[0.803s] -- Performing Test CMAKE_HAVE_LIBC_PTHREAD
[0.877s] -- Performing Test CMAKE_HAVE_LIBC_PTHREAD - Success
[0.878s] -- Found Threads: TRUE  
[1.018s] -- Found controller_manager: 2.41.0 (/opt/ros/humble/share/controller_manager/cmake)
[1.158s] -- Found clearpath_platform_msgs: 0.2.0 (/home/hyeseonl/clearpath_ws/install/clearpath_platform_msgs/share/clearpath_platform_msgs/cmake)
[1.186s] -- Found nav_msgs: 4.2.4 (/opt/ros/humble/share/nav_msgs/cmake)
[1.227s] -- Found std_srvs: 4.2.4 (/opt/ros/humble/share/std_srvs/cmake)
[1.236s] -- Found tf2: 0.25.7 (/opt/ros/humble/share/tf2/cmake)
[1.240s] -- Found tf2_ros: 0.25.7 (/opt/ros/humble/share/tf2_ros/cmake)
[1.483s] -- Configuring done
[1.511s] -- Generating done
[1.512s] -- Build files have been written to: /home/hyeseonl/clearpath_ws/build/clearpath_platform
[1.518s] Invoked command in '/home/hyeseonl/clearpath_ws/build/clearpath_platform' returned '0': AMENT_PREFIX_PATH=/home/hyeseonl/clearpath_ws/install/clearpath_platform_msgs:/home/hyeseonl/clearpath_ws/install/clearpath_platform_description:/home/hyeseonl/clearpath_ws/install/clearpath_control:${AMENT_PREFIX_PATH} CMAKE_PREFIX_PATH=/home/hyeseonl/clearpath_ws/install/clearpath_platform_msgs:/home/hyeseonl/clearpath_ws/install/clearpath_platform_description:/home/hyeseonl/clearpath_ws/install/clearpath_control:/opt/ros/humble LD_LIBRARY_PATH=/home/hyeseonl/clearpath_ws/install/clearpath_platform_msgs/lib:${LD_LIBRARY_PATH} PYTHONPATH=/home/hyeseonl/clearpath_ws/install/clearpath_platform_msgs/local/lib/python3.10/dist-packages:${PYTHONPATH} /usr/bin/cmake /home/hyeseonl/clearpath_ws/src/clearpath_common/clearpath_platform -DAMENT_CMAKE_SYMLINK_INSTALL=1 -DCMAKE_INSTALL_PREFIX=/home/hyeseonl/clearpath_ws/install/clearpath_platform
[1.519s] Invoking command in '/home/hyeseonl/clearpath_ws/build/clearpath_platform': AMENT_PREFIX_PATH=/home/hyeseonl/clearpath_ws/install/clearpath_platform_msgs:/home/hyeseonl/clearpath_ws/install/clearpath_platform_description:/home/hyeseonl/clearpath_ws/install/clearpath_control:${AMENT_PREFIX_PATH} CMAKE_PREFIX_PATH=/home/hyeseonl/clearpath_ws/install/clearpath_platform_msgs:/home/hyeseonl/clearpath_ws/install/clearpath_platform_description:/home/hyeseonl/clearpath_ws/install/clearpath_control:/opt/ros/humble LD_LIBRARY_PATH=/home/hyeseonl/clearpath_ws/install/clearpath_platform_msgs/lib:${LD_LIBRARY_PATH} PYTHONPATH=/home/hyeseonl/clearpath_ws/install/clearpath_platform_msgs/local/lib/python3.10/dist-packages:${PYTHONPATH} /usr/bin/cmake --build /home/hyeseonl/clearpath_ws/build/clearpath_platform -- -j32 -l32
[1.544s] [  3%] [32mBuilding CXX object CMakeFiles/clearpath_platform_lighting.dir/src/lighting/color.cpp.o[0m
[1.545s] [  7%] [32mBuilding CXX object CMakeFiles/clearpath_platform_lighting.dir/src/lighting/sequence.cpp.o[0m
[1.545s] [ 14%] [32mBuilding CXX object CMakeFiles/a200_hardware.dir/src/a200/hardware.cpp.o[0m
[1.545s] [ 14%] [32mBuilding CXX object CMakeFiles/w200_hardware.dir/src/w200/hardware.cpp.o[0m
[1.545s] [ 18%] [32mBuilding CXX object CMakeFiles/j100_hardware.dir/src/j100/hardware_interface.cpp.o[0m
[1.545s] [ 22%] [32mBuilding CXX object CMakeFiles/a200_hardware.dir/src/a200/horizon_legacy/horizon_legacy_wrapper.cpp.o[0m
[1.546s] [ 25%] [32mBuilding CXX object CMakeFiles/clearpath_platform_lighting.dir/src/lighting/lighting.cpp.o[0m
[1.546s] [ 29%] [32mBuilding CXX object CMakeFiles/a200_hardware.dir/src/a200/horizon_legacy/Message.cpp.o[0m
[1.547s] [ 33%] [32mBuilding CXX object CMakeFiles/j100_hardware.dir/src/j100/hardware.cpp.o[0m
[1.547s] [ 40%] [32mBuilding CXX object CMakeFiles/a200_hardware.dir/src/a200/status.cpp.o[0m
[1.547s] [ 40%] [32mBuilding CXX object CMakeFiles/j100_hardware.dir/src/diff_drive/hardware.cpp.o[0m
[1.548s] [ 55%] [32mBuilding CXX object CMakeFiles/a200_hardware.dir/src/a200/horizon_legacy/Number.cpp.o[0m
[1.548s] [ 55%] [32mBuilding CXX object CMakeFiles/j100_hardware.dir/src/diff_drive/hardware_interface.cpp.o[0m
[1.548s] [ 55%] [32mBuilding CXX object CMakeFiles/a200_hardware.dir/src/a200/horizon_legacy/crc.cpp.o[0m
[1.548s] [ 55%] [32mBuilding CXX object CMakeFiles/w200_hardware.dir/src/w200/hardware_interface.cpp.o[0m
[1.548s] [ 59%] [32mBuilding CXX object CMakeFiles/a200_hardware.dir/src/a200/horizon_legacy/Logger.cpp.o[0m
[1.548s] [ 62%] [32mBuilding CXX object CMakeFiles/a200_hardware.dir/src/a200/horizon_legacy/Message_data.cpp.o[0m
[1.549s] [ 66%] [32mBuilding CXX object CMakeFiles/a200_hardware.dir/src/a200/horizon_legacy/Message_request.cpp.o[0m
[1.549s] [ 70%] [32mBuilding CXX object CMakeFiles/a200_hardware.dir/src/a200/horizon_legacy/Message_cmd.cpp.o[0m
[1.550s] [ 74%] [32mBuilding CXX object CMakeFiles/a200_hardware.dir/src/a200/horizon_legacy/Transport.cpp.o[0m
[1.550s] [ 77%] [32mBuilding CXX object CMakeFiles/a200_hardware.dir/src/a200/horizon_legacy/linux_serial.cpp.o[0m
[5.019s] [ 81%] [32m[1mLinking CXX shared library liba200_hardware.so[0m
[5.215s] [ 81%] Built target a200_hardware
[5.778s] [ 85%] [32m[1mLinking CXX shared library libw200_hardware.so[0m
[5.948s] [ 88%] [32m[1mLinking CXX shared library libj100_hardware.so[0m
[6.057s] [ 88%] Built target w200_hardware
[6.235s] [ 88%] Built target j100_hardware
[12.135s] [ 92%] [32m[1mLinking CXX shared library libclearpath_platform_lighting.so[0m
[12.760s] [ 92%] Built target clearpath_platform_lighting
[12.769s] [ 96%] [32mBuilding CXX object CMakeFiles/lighting_node.dir/src/lighting/main.cpp.o[0m
[14.216s] [100%] [32m[1mLinking CXX executable lighting_node[0m
[14.392s] [100%] Built target lighting_node
[14.398s] Invoked command in '/home/hyeseonl/clearpath_ws/build/clearpath_platform' returned '0': AMENT_PREFIX_PATH=/home/hyeseonl/clearpath_ws/install/clearpath_platform_msgs:/home/hyeseonl/clearpath_ws/install/clearpath_platform_description:/home/hyeseonl/clearpath_ws/install/clearpath_control:${AMENT_PREFIX_PATH} CMAKE_PREFIX_PATH=/home/hyeseonl/clearpath_ws/install/clearpath_platform_msgs:/home/hyeseonl/clearpath_ws/install/clearpath_platform_description:/home/hyeseonl/clearpath_ws/install/clearpath_control:/opt/ros/humble LD_LIBRARY_PATH=/home/hyeseonl/clearpath_ws/install/clearpath_platform_msgs/lib:${LD_LIBRARY_PATH} PYTHONPATH=/home/hyeseonl/clearpath_ws/install/clearpath_platform_msgs/local/lib/python3.10/dist-packages:${PYTHONPATH} /usr/bin/cmake --build /home/hyeseonl/clearpath_ws/build/clearpath_platform -- -j32 -l32
[14.467s] Invoking command in '/home/hyeseonl/clearpath_ws/build/clearpath_platform': AMENT_PREFIX_PATH=/home/hyeseonl/clearpath_ws/install/clearpath_platform_msgs:/home/hyeseonl/clearpath_ws/install/clearpath_platform_description:/home/hyeseonl/clearpath_ws/install/clearpath_control:${AMENT_PREFIX_PATH} CMAKE_PREFIX_PATH=/home/hyeseonl/clearpath_ws/install/clearpath_platform_msgs:/home/hyeseonl/clearpath_ws/install/clearpath_platform_description:/home/hyeseonl/clearpath_ws/install/clearpath_control:/opt/ros/humble LD_LIBRARY_PATH=/home/hyeseonl/clearpath_ws/install/clearpath_platform_msgs/lib:${LD_LIBRARY_PATH} PYTHONPATH=/home/hyeseonl/clearpath_ws/install/clearpath_platform_msgs/local/lib/python3.10/dist-packages:${PYTHONPATH} /usr/bin/cmake --install /home/hyeseonl/clearpath_ws/build/clearpath_platform
[14.474s] -- Install configuration: ""
[14.475s] -- Execute custom install script
[14.475s] -- Symlinking: /home/hyeseonl/clearpath_ws/install/clearpath_platform/share/clearpath_platform/src/a200/hardware.xml
[14.483s] -- Symlinking: /home/hyeseonl/clearpath_ws/install/clearpath_platform/share/clearpath_platform/src/j100/hardware.xml
[14.491s] -- Symlinking: /home/hyeseonl/clearpath_ws/install/clearpath_platform/share/clearpath_platform/src/w200/hardware.xml
[14.499s] -- Symlinking: /home/hyeseonl/clearpath_ws/install/clearpath_platform/lib/liba200_hardware.so
[14.504s] -- Symlinking: /home/hyeseonl/clearpath_ws/install/clearpath_platform/lib/libj100_hardware.so
[14.508s] -- Symlinking: /home/hyeseonl/clearpath_ws/install/clearpath_platform/lib/libw200_hardware.so
[14.514s] -- Symlinking: /home/hyeseonl/clearpath_ws/install/clearpath_platform/lib/clearpath_platform/lighting_node
[14.518s] -- Symlinking: /home/hyeseonl/clearpath_ws/install/clearpath_platform/lib/libclearpath_platform_lighting.so
[14.526s] -- Symlinking: /home/hyeseonl/clearpath_ws/install/clearpath_platform/include/clearpath_platform/a200/hardware.hpp
[14.534s] -- Symlinking: /home/hyeseonl/clearpath_ws/install/clearpath_platform/include/clearpath_platform/a200/horizon_legacy/Exception.h
[14.542s] -- Symlinking: /home/hyeseonl/clearpath_ws/install/clearpath_platform/include/clearpath_platform/a200/horizon_legacy/Logger.h
[14.550s] -- Symlinking: /home/hyeseonl/clearpath_ws/install/clearpath_platform/include/clearpath_platform/a200/horizon_legacy/Message.h
[14.556s] -- Symlinking: /home/hyeseonl/clearpath_ws/install/clearpath_platform/include/clearpath_platform/a200/horizon_legacy/Message_cmd.h
[14.561s] -- Symlinking: /home/hyeseonl/clearpath_ws/install/clearpath_platform/include/clearpath_platform/a200/horizon_legacy/Message_data.h
[14.565s] -- Symlinking: /home/hyeseonl/clearpath_ws/install/clearpath_platform/include/clearpath_platform/a200/horizon_legacy/Message_request.h
[14.569s] -- Symlinking: /home/hyeseonl/clearpath_ws/install/clearpath_platform/include/clearpath_platform/a200/horizon_legacy/Number.h
[14.573s] -- Symlinking: /home/hyeseonl/clearpath_ws/install/clearpath_platform/include/clearpath_platform/a200/horizon_legacy/Transport.h
[14.578s] -- Symlinking: /home/hyeseonl/clearpath_ws/install/clearpath_platform/include/clearpath_platform/a200/horizon_legacy/clearpath.h
[14.582s] -- Symlinking: /home/hyeseonl/clearpath_ws/install/clearpath_platform/include/clearpath_platform/a200/horizon_legacy/crc.h
[14.588s] -- Symlinking: /home/hyeseonl/clearpath_ws/install/clearpath_platform/include/clearpath_platform/a200/horizon_legacy/horizon_legacy_wrapper.h
[14.592s] -- Symlinking: /home/hyeseonl/clearpath_ws/install/clearpath_platform/include/clearpath_platform/a200/horizon_legacy/serial.h
[14.597s] -- Symlinking: /home/hyeseonl/clearpath_ws/install/clearpath_platform/include/clearpath_platform/a200/status.hpp
[14.604s] -- Symlinking: /home/hyeseonl/clearpath_ws/install/clearpath_platform/include/clearpath_platform/diff_drive/hardware.hpp
[14.612s] -- Symlinking: /home/hyeseonl/clearpath_ws/install/clearpath_platform/include/clearpath_platform/diff_drive/hardware_interface.hpp
[14.619s] -- Symlinking: /home/hyeseonl/clearpath_ws/install/clearpath_platform/include/clearpath_platform/j100/hardware.hpp
[14.625s] -- Symlinking: /home/hyeseonl/clearpath_ws/install/clearpath_platform/include/clearpath_platform/j100/hardware_interface.hpp
[14.631s] -- Symlinking: /home/hyeseonl/clearpath_ws/install/clearpath_platform/include/clearpath_platform/lighting/color.hpp
[14.638s] -- Symlinking: /home/hyeseonl/clearpath_ws/install/clearpath_platform/include/clearpath_platform/lighting/lighting.hpp
[14.643s] -- Symlinking: /home/hyeseonl/clearpath_ws/install/clearpath_platform/include/clearpath_platform/lighting/platform.hpp
[14.649s] -- Symlinking: /home/hyeseonl/clearpath_ws/install/clearpath_platform/include/clearpath_platform/lighting/sequence.hpp
[14.654s] -- Symlinking: /home/hyeseonl/clearpath_ws/install/clearpath_platform/include/clearpath_platform/w200/hardware.hpp
[14.660s] -- Symlinking: /home/hyeseonl/clearpath_ws/install/clearpath_platform/include/clearpath_platform/w200/hardware_interface.hpp
[14.667s] -- Symlinking: /home/hyeseonl/clearpath_ws/install/clearpath_platform/share/clearpath_platform/config/imu_filter.yaml
[14.675s] -- Symlinking: /home/hyeseonl/clearpath_ws/install/clearpath_platform/share/clearpath_platform/launch/platform.launch.py
[14.683s] -- Symlinking: /home/hyeseonl/clearpath_ws/install/clearpath_platform/share/clearpath_platform/environment/library_path.sh
[14.691s] -- Symlinking: /home/hyeseonl/clearpath_ws/install/clearpath_platform/share/clearpath_platform/environment/library_path.dsv
[14.699s] -- Symlinking: /home/hyeseonl/clearpath_ws/install/clearpath_platform/share/ament_index/resource_index/package_run_dependencies/clearpath_platform
[14.706s] -- Symlinking: /home/hyeseonl/clearpath_ws/install/clearpath_platform/share/ament_index/resource_index/parent_prefix_path/clearpath_platform
[14.713s] -- Symlinking: /home/hyeseonl/clearpath_ws/install/clearpath_platform/share/clearpath_platform/environment/ament_prefix_path.sh
[14.719s] -- Symlinking: /home/hyeseonl/clearpath_ws/install/clearpath_platform/share/clearpath_platform/environment/ament_prefix_path.dsv
[14.726s] -- Symlinking: /home/hyeseonl/clearpath_ws/install/clearpath_platform/share/clearpath_platform/environment/path.sh
[14.733s] -- Symlinking: /home/hyeseonl/clearpath_ws/install/clearpath_platform/share/clearpath_platform/environment/path.dsv
[14.740s] -- Symlinking: /home/hyeseonl/clearpath_ws/install/clearpath_platform/share/clearpath_platform/local_setup.bash
[14.748s] -- Symlinking: /home/hyeseonl/clearpath_ws/install/clearpath_platform/share/clearpath_platform/local_setup.sh
[14.756s] -- Symlinking: /home/hyeseonl/clearpath_ws/install/clearpath_platform/share/clearpath_platform/local_setup.zsh
[14.763s] -- Symlinking: /home/hyeseonl/clearpath_ws/install/clearpath_platform/share/clearpath_platform/local_setup.dsv
[14.769s] -- Symlinking: /home/hyeseonl/clearpath_ws/install/clearpath_platform/share/clearpath_platform/package.dsv
[14.776s] -- Symlinking: /home/hyeseonl/clearpath_ws/install/clearpath_platform/share/ament_index/resource_index/packages/clearpath_platform
[14.781s] -- Symlinking: /home/hyeseonl/clearpath_ws/install/clearpath_platform/share/ament_index/resource_index/hardware_interface__pluginlib__plugin/clearpath_platform
[14.785s] -- Symlinking: /home/hyeseonl/clearpath_ws/install/clearpath_platform/share/clearpath_platform/cmake/ament_cmake_export_include_directories-extras.cmake
[14.790s] -- Symlinking: /home/hyeseonl/clearpath_ws/install/clearpath_platform/share/clearpath_platform/cmake/ament_cmake_export_libraries-extras.cmake
[14.796s] -- Symlinking: /home/hyeseonl/clearpath_ws/install/clearpath_platform/share/clearpath_platform/cmake/ament_cmake_export_dependencies-extras.cmake
[14.804s] -- Symlinking: /home/hyeseonl/clearpath_ws/install/clearpath_platform/share/clearpath_platform/cmake/clearpath_platformConfig.cmake
[14.812s] -- Symlinking: /home/hyeseonl/clearpath_ws/install/clearpath_platform/share/clearpath_platform/cmake/clearpath_platformConfig-version.cmake
[14.819s] -- Symlinking: /home/hyeseonl/clearpath_ws/install/clearpath_platform/share/clearpath_platform/package.xml
[14.828s] Invoked command in '/home/hyeseonl/clearpath_ws/build/clearpath_platform' returned '0': AMENT_PREFIX_PATH=/home/hyeseonl/clearpath_ws/install/clearpath_platform_msgs:/home/hyeseonl/clearpath_ws/install/clearpath_platform_description:/home/hyeseonl/clearpath_ws/install/clearpath_control:${AMENT_PREFIX_PATH} CMAKE_PREFIX_PATH=/home/hyeseonl/clearpath_ws/install/clearpath_platform_msgs:/home/hyeseonl/clearpath_ws/install/clearpath_platform_description:/home/hyeseonl/clearpath_ws/install/clearpath_control:/opt/ros/humble LD_LIBRARY_PATH=/home/hyeseonl/clearpath_ws/install/clearpath_platform_msgs/lib:${LD_LIBRARY_PATH} PYTHONPATH=/home/hyeseonl/clearpath_ws/install/clearpath_platform_msgs/local/lib/python3.10/dist-packages:${PYTHONPATH} /usr/bin/cmake --install /home/hyeseonl/clearpath_ws/build/clearpath_platform
