[0.160s] Invoking command in '/home/hyeseonl/clearpath_ws/build/clearpath_customization': CMAKE_PREFIX_PATH=/opt/ros/humble /usr/bin/cmake /home/hyeseonl/clearpath_ws/src/clearpath_common/clearpath_customization -DAMENT_CMAKE_SYMLINK_INSTALL=1 -DCMAKE_INSTALL_PREFIX=/home/hyeseonl/clearpath_ws/install/clearpath_customization
[0.185s] -- The C compiler identification is GNU 11.4.0
[0.216s] -- The CXX compiler identification is GNU 11.4.0
[0.221s] -- Detecting C compiler ABI info
[0.254s] -- Detecting C compiler ABI info - done
[0.258s] -- Check for working C compiler: /usr/bin/cc - skipped
[0.258s] -- Detecting C compile features
[0.258s] -- Detecting C compile features - done
[0.260s] -- Detecting CXX compiler ABI info
[0.300s] -- Detecting CXX compiler ABI info - done
[0.304s] -- Check for working CXX compiler: /usr/bin/c++ - skipped
[0.304s] -- Detecting CXX compile features
[0.304s] -- Detecting CXX compile features - done
[0.305s] -- Found ament_cmake: 1.3.9 (/opt/ros/humble/share/ament_cmake/cmake)
[0.392s] -- Found Python3: /usr/bin/python3 (found version "3.10.12") found components: Interpreter 
[0.424s] -- Override CMake install command with custom implementation using symlinks instead of copying resources
[0.435s] -- Found ament_lint_auto: 0.12.11 (/opt/ros/humble/share/ament_lint_auto/cmake)
[0.474s] -- Added test 'flake8' to check Python code syntax and style conventions
[0.474s] -- Added test 'lint_cmake' to check CMake code style
[0.474s] -- Added test 'pep257' to check Python code against some of the docstring style conventions in PEP 257
[0.475s] -- Added test 'xmllint' to check XML markup files
[0.476s] -- Configuring done
[0.477s] -- Generating done
[0.477s] -- Build files have been written to: /home/hyeseonl/clearpath_ws/build/clearpath_customization
[0.480s] Invoked command in '/home/hyeseonl/clearpath_ws/build/clearpath_customization' returned '0': CMAKE_PREFIX_PATH=/opt/ros/humble /usr/bin/cmake /home/hyeseonl/clearpath_ws/src/clearpath_common/clearpath_customization -DAMENT_CMAKE_SYMLINK_INSTALL=1 -DCMAKE_INSTALL_PREFIX=/home/hyeseonl/clearpath_ws/install/clearpath_customization
[0.480s] Invoking command in '/home/hyeseonl/clearpath_ws/build/clearpath_customization': CMAKE_PREFIX_PATH=/opt/ros/humble /usr/bin/cmake --build /home/hyeseonl/clearpath_ws/build/clearpath_customization -- -j32 -l32
[0.501s] Invoked command in '/home/hyeseonl/clearpath_ws/build/clearpath_customization' returned '0': CMAKE_PREFIX_PATH=/opt/ros/humble /usr/bin/cmake --build /home/hyeseonl/clearpath_ws/build/clearpath_customization -- -j32 -l32
[0.512s] Invoking command in '/home/hyeseonl/clearpath_ws/build/clearpath_customization': CMAKE_PREFIX_PATH=/opt/ros/humble /usr/bin/cmake --install /home/hyeseonl/clearpath_ws/build/clearpath_customization
[0.516s] -- Install configuration: ""
[0.516s] -- Execute custom install script
[0.516s] -- Symlinking: /home/hyeseonl/clearpath_ws/install/clearpath_customization/lib/clearpath_customization/generate_bringup
[0.521s] -- Symlinking: /home/hyeseonl/clearpath_ws/install/clearpath_customization/lib/clearpath_customization/generate_description
[0.525s] -- Symlinking: /home/hyeseonl/clearpath_ws/install/clearpath_customization/share/clearpath_customization/project_bringup/CMakeLists.txt
[0.530s] -- Symlinking: /home/hyeseonl/clearpath_ws/install/clearpath_customization/share/clearpath_customization/project_bringup/LICENSE
[0.534s] -- Symlinking: /home/hyeseonl/clearpath_ws/install/clearpath_customization/share/clearpath_customization/project_bringup/config/device.yaml
[0.538s] -- Symlinking: /home/hyeseonl/clearpath_ws/install/clearpath_customization/share/clearpath_customization/project_bringup/launch/device.launch.py
[0.543s] -- Symlinking: /home/hyeseonl/clearpath_ws/install/clearpath_customization/share/clearpath_customization/project_bringup/launch/project_bringup.launch.py
[0.547s] -- Symlinking: /home/hyeseonl/clearpath_ws/install/clearpath_customization/share/clearpath_customization/project_bringup/package.xml
[0.551s] -- Symlinking: /home/hyeseonl/clearpath_ws/install/clearpath_customization/share/clearpath_customization/project_description/CMakeLists.txt
[0.556s] -- Symlinking: /home/hyeseonl/clearpath_ws/install/clearpath_customization/share/clearpath_customization/project_description/LICENSE
[0.560s] -- Symlinking: /home/hyeseonl/clearpath_ws/install/clearpath_customization/share/clearpath_customization/project_description/meshes/donut.stl
[0.564s] -- Symlinking: /home/hyeseonl/clearpath_ws/install/clearpath_customization/share/clearpath_customization/project_description/package.xml
[0.568s] -- Symlinking: /home/hyeseonl/clearpath_ws/install/clearpath_customization/share/clearpath_customization/project_description/urdf/donut.urdf.xacro
[0.574s] -- Symlinking: /home/hyeseonl/clearpath_ws/install/clearpath_customization/share/clearpath_customization/project_description/urdf/project_description.urdf.xacro
[0.578s] -- Symlinking: /home/hyeseonl/clearpath_ws/install/clearpath_customization/share/ament_index/resource_index/package_run_dependencies/clearpath_customization
[0.583s] -- Symlinking: /home/hyeseonl/clearpath_ws/install/clearpath_customization/share/ament_index/resource_index/parent_prefix_path/clearpath_customization
[0.587s] -- Symlinking: /home/hyeseonl/clearpath_ws/install/clearpath_customization/share/clearpath_customization/environment/ament_prefix_path.sh
[0.592s] -- Symlinking: /home/hyeseonl/clearpath_ws/install/clearpath_customization/share/clearpath_customization/environment/ament_prefix_path.dsv
[0.596s] -- Symlinking: /home/hyeseonl/clearpath_ws/install/clearpath_customization/share/clearpath_customization/environment/path.sh
[0.600s] -- Symlinking: /home/hyeseonl/clearpath_ws/install/clearpath_customization/share/clearpath_customization/environment/path.dsv
[0.604s] -- Symlinking: /home/hyeseonl/clearpath_ws/install/clearpath_customization/share/clearpath_customization/local_setup.bash
[0.608s] -- Symlinking: /home/hyeseonl/clearpath_ws/install/clearpath_customization/share/clearpath_customization/local_setup.sh
[0.613s] -- Symlinking: /home/hyeseonl/clearpath_ws/install/clearpath_customization/share/clearpath_customization/local_setup.zsh
[0.617s] -- Symlinking: /home/hyeseonl/clearpath_ws/install/clearpath_customization/share/clearpath_customization/local_setup.dsv
[0.621s] -- Symlinking: /home/hyeseonl/clearpath_ws/install/clearpath_customization/share/clearpath_customization/package.dsv
[0.625s] -- Symlinking: /home/hyeseonl/clearpath_ws/install/clearpath_customization/share/ament_index/resource_index/packages/clearpath_customization
[0.630s] -- Symlinking: /home/hyeseonl/clearpath_ws/install/clearpath_customization/share/clearpath_customization/cmake/clearpath_customizationConfig.cmake
[0.634s] -- Symlinking: /home/hyeseonl/clearpath_ws/install/clearpath_customization/share/clearpath_customization/cmake/clearpath_customizationConfig-version.cmake
[0.638s] -- Symlinking: /home/hyeseonl/clearpath_ws/install/clearpath_customization/share/clearpath_customization/package.xml
[0.647s] Invoked command in '/home/hyeseonl/clearpath_ws/build/clearpath_customization' returned '0': CMAKE_PREFIX_PATH=/opt/ros/humble /usr/bin/cmake --install /home/hyeseonl/clearpath_ws/build/clearpath_customization
