[0.012s] Invoking command in '/home/hyeseonl/clearpath_ws/build/clearpath_platform_msgs': CMAKE_PREFIX_PATH=/opt/ros/humble /usr/bin/cmake /home/hyeseonl/clearpath_ws/src/clearpath_msgs/clearpath_platform_msgs -DAMENT_CMAKE_SYMLINK_INSTALL=1 -DCMAKE_INSTALL_PREFIX=/home/hyeseonl/clearpath_ws/install/clearpath_platform_msgs
[0.169s] -- The C compiler identification is GNU 11.4.0
[0.169s] -- The CXX compiler identification is GNU 11.4.0
[0.169s] -- Detecting C compiler ABI info
[0.169s] -- Detecting C compiler ABI info - done
[0.172s] -- Check for working C compiler: /usr/bin/cc - skipped
[0.172s] -- Detecting C compile features
[0.173s] -- Detecting C compile features - done
[0.175s] -- Detecting CXX compiler ABI info
[0.213s] -- Detecting CXX compiler ABI info - done
[0.217s] -- Check for working CXX compiler: /usr/bin/c++ - skipped
[0.217s] -- Detecting CXX compile features
[0.218s] -- Detecting CXX compile features - done
[0.219s] -- Found ament_cmake: 1.3.9 (/opt/ros/humble/share/ament_cmake/cmake)
[0.301s] -- Found Python3: /usr/bin/python3 (found version "3.10.12") found components: Interpreter 
[0.335s] -- Override CMake install command with custom implementation using symlinks instead of copying resources
[0.352s] -- Found std_msgs: 4.2.4 (/opt/ros/humble/share/std_msgs/cmake)
[0.370s] -- Found rosidl_generator_c: 3.1.5 (/opt/ros/humble/share/rosidl_generator_c/cmake)
[0.373s] -- Found rosidl_adapter: 3.1.5 (/opt/ros/humble/share/rosidl_adapter/cmake)
[0.377s] -- Found rosidl_generator_cpp: 3.1.5 (/opt/ros/humble/share/rosidl_generator_cpp/cmake)
[0.386s] -- Using all available rosidl_typesupport_c: rosidl_typesupport_fastrtps_c;rosidl_typesupport_introspection_c
[0.394s] -- Using all available rosidl_typesupport_cpp: rosidl_typesupport_fastrtps_cpp;rosidl_typesupport_introspection_cpp
[0.423s] -- Found rosidl_default_generators: 1.2.0 (/opt/ros/humble/share/rosidl_default_generators/cmake)
[0.611s] -- Found ament_cmake_ros: 0.10.0 (/opt/ros/humble/share/ament_cmake_ros/cmake)
[0.808s] -- Using all available rosidl_typesupport_c: rosidl_typesupport_fastrtps_c;rosidl_typesupport_introspection_c
[0.877s] -- Using all available rosidl_typesupport_cpp: rosidl_typesupport_fastrtps_cpp;rosidl_typesupport_introspection_cpp
[0.891s] -- Found PythonInterp: /usr/bin/python3 (found suitable version "3.10.12", minimum required is "3.6") 
[0.891s] -- Found python_cmake_module: 0.10.0 (/opt/ros/humble/share/python_cmake_module/cmake)
[0.906s] -- Found PythonLibs: /usr/lib/x86_64-linux-gnu/libpython3.10.so (found suitable version "3.10.12", minimum required is "3.5") 
[0.906s] -- Using PYTHON_EXECUTABLE: /usr/bin/python3
[0.906s] -- Using PYTHON_INCLUDE_DIRS: /usr/include/python3.10
[0.906s] -- Using PYTHON_LIBRARIES: /usr/lib/x86_64-linux-gnu/libpython3.10.so
[0.918s] -- Found PythonExtra: .so  
[0.950s] -- Configuring done
[0.970s] -- Generating done
[0.971s] -- Build files have been written to: /home/hyeseonl/clearpath_ws/build/clearpath_platform_msgs
[0.975s] Invoked command in '/home/hyeseonl/clearpath_ws/build/clearpath_platform_msgs' returned '0': CMAKE_PREFIX_PATH=/opt/ros/humble /usr/bin/cmake /home/hyeseonl/clearpath_ws/src/clearpath_msgs/clearpath_platform_msgs -DAMENT_CMAKE_SYMLINK_INSTALL=1 -DCMAKE_INSTALL_PREFIX=/home/hyeseonl/clearpath_ws/install/clearpath_platform_msgs
[0.975s] Invoking command in '/home/hyeseonl/clearpath_ws/build/clearpath_platform_msgs': CMAKE_PREFIX_PATH=/opt/ros/humble /usr/bin/cmake --build /home/hyeseonl/clearpath_ws/build/clearpath_platform_msgs -- -j32 -l32
[0.994s] [  1%] [34m[1mGenerating C code for ROS interfaces[0m
[0.999s] [  1%] [34m[1mGenerating C++ code for ROS interfaces[0m
[1.002s] [  1%] Built target ament_cmake_python_symlink_clearpath_platform_msgs
[1.131s] running egg_info
[1.131s] creating clearpath_platform_msgs.egg-info
[1.131s] writing clearpath_platform_msgs.egg-info/PKG-INFO
[1.132s] writing dependency_links to clearpath_platform_msgs.egg-info/dependency_links.txt
[1.132s] writing top-level names to clearpath_platform_msgs.egg-info/top_level.txt
[1.132s] writing manifest file 'clearpath_platform_msgs.egg-info/SOURCES.txt'
[1.133s] reading manifest file 'clearpath_platform_msgs.egg-info/SOURCES.txt'
[1.133s] writing manifest file 'clearpath_platform_msgs.egg-info/SOURCES.txt'
[1.146s] [  1%] Built target ament_cmake_python_build_clearpath_platform_msgs_egg
[1.660s] [  1%] Built target clearpath_platform_msgs__cpp
[1.665s] [  2%] [34m[1mGenerating C++ type support dispatch for ROS interfaces[0m
[1.665s] [  3%] [34m[1mGenerating C++ type support for eProsima Fast-RTPS[0m
[1.665s] [  4%] [34m[1mGenerating C++ introspection for ROS interfaces[0m
[1.673s] [  5%] [32mBuilding C object CMakeFiles/clearpath_platform_msgs__rosidl_generator_c.dir/rosidl_generator_c/clearpath_platform_msgs/msg/detail/drive__functions.c.o[0m
[1.673s] [  6%] [32mBuilding C object CMakeFiles/clearpath_platform_msgs__rosidl_generator_c.dir/rosidl_generator_c/clearpath_platform_msgs/msg/detail/drive_feedback__functions.c.o[0m
[1.673s] [  7%] [32mBuilding C object CMakeFiles/clearpath_platform_msgs__rosidl_generator_c.dir/rosidl_generator_c/clearpath_platform_msgs/msg/detail/fans__functions.c.o[0m
[1.673s] [  8%] [32mBuilding C object CMakeFiles/clearpath_platform_msgs__rosidl_generator_c.dir/rosidl_generator_c/clearpath_platform_msgs/msg/detail/feedback__functions.c.o[0m
[1.674s] [  9%] [32mBuilding C object CMakeFiles/clearpath_platform_msgs__rosidl_generator_c.dir/rosidl_generator_c/clearpath_platform_msgs/msg/detail/rgb__functions.c.o[0m
[1.675s] [ 10%] [32mBuilding C object CMakeFiles/clearpath_platform_msgs__rosidl_generator_c.dir/rosidl_generator_c/clearpath_platform_msgs/msg/detail/lights__functions.c.o[0m
[1.675s] [ 11%] [32mBuilding C object CMakeFiles/clearpath_platform_msgs__rosidl_generator_c.dir/rosidl_generator_c/clearpath_platform_msgs/srv/detail/configure_mcu__functions.c.o[0m
[1.676s] [ 12%] [32mBuilding C object CMakeFiles/clearpath_platform_msgs__rosidl_generator_c.dir/rosidl_generator_c/clearpath_platform_msgs/msg/detail/power__functions.c.o[0m
[1.676s] [ 13%] [32mBuilding C object CMakeFiles/clearpath_platform_msgs__rosidl_generator_c.dir/rosidl_generator_c/clearpath_platform_msgs/msg/detail/stop_status__functions.c.o[0m
[1.676s] [ 14%] [32mBuilding C object CMakeFiles/clearpath_platform_msgs__rosidl_generator_c.dir/rosidl_generator_c/clearpath_platform_msgs/msg/detail/status__functions.c.o[0m
[1.719s] [ 15%] [32m[1mLinking C shared library libclearpath_platform_msgs__rosidl_generator_c.so[0m
[1.741s] [ 15%] Built target clearpath_platform_msgs__rosidl_generator_c
[1.746s] [ 16%] [34m[1mGenerating C type support for eProsima Fast-RTPS[0m
[1.746s] [ 17%] [34m[1mGenerating C introspection for ROS interfaces[0m
[1.746s] [ 18%] [34m[1mGenerating C type support dispatch for ROS interfaces[0m
[2.303s] [ 20%] [32mBuilding CXX object CMakeFiles/clearpath_platform_msgs__rosidl_typesupport_cpp.dir/rosidl_typesupport_cpp/clearpath_platform_msgs/msg/drive__type_support.cpp.o[0m
[2.303s] [ 20%] [32mBuilding CXX object CMakeFiles/clearpath_platform_msgs__rosidl_typesupport_cpp.dir/rosidl_typesupport_cpp/clearpath_platform_msgs/msg/drive_feedback__type_support.cpp.o[0m
[2.303s] [ 21%] [32mBuilding CXX object CMakeFiles/clearpath_platform_msgs__rosidl_typesupport_cpp.dir/rosidl_typesupport_cpp/clearpath_platform_msgs/msg/fans__type_support.cpp.o[0m
[2.305s] [ 23%] [32mBuilding CXX object CMakeFiles/clearpath_platform_msgs__rosidl_typesupport_cpp.dir/rosidl_typesupport_cpp/clearpath_platform_msgs/msg/lights__type_support.cpp.o[0m
[2.305s] [ 23%] [32mBuilding CXX object CMakeFiles/clearpath_platform_msgs__rosidl_typesupport_cpp.dir/rosidl_typesupport_cpp/clearpath_platform_msgs/msg/feedback__type_support.cpp.o[0m
[2.306s] [ 24%] [32mBuilding CXX object CMakeFiles/clearpath_platform_msgs__rosidl_typesupport_cpp.dir/rosidl_typesupport_cpp/clearpath_platform_msgs/msg/power__type_support.cpp.o[0m
[2.306s] [ 25%] [32mBuilding CXX object CMakeFiles/clearpath_platform_msgs__rosidl_typesupport_cpp.dir/rosidl_typesupport_cpp/clearpath_platform_msgs/msg/rgb__type_support.cpp.o[0m
[2.306s] [ 26%] [32mBuilding CXX object CMakeFiles/clearpath_platform_msgs__rosidl_typesupport_cpp.dir/rosidl_typesupport_cpp/clearpath_platform_msgs/msg/status__type_support.cpp.o[0m
[2.306s] [ 27%] [32mBuilding CXX object CMakeFiles/clearpath_platform_msgs__rosidl_typesupport_cpp.dir/rosidl_typesupport_cpp/clearpath_platform_msgs/msg/stop_status__type_support.cpp.o[0m
[2.306s] [ 28%] [32mBuilding CXX object CMakeFiles/clearpath_platform_msgs__rosidl_typesupport_cpp.dir/rosidl_typesupport_cpp/clearpath_platform_msgs/srv/configure_mcu__type_support.cpp.o[0m
[2.333s] [ 30%] [32mBuilding CXX object CMakeFiles/clearpath_platform_msgs__rosidl_typesupport_introspection_cpp.dir/rosidl_typesupport_introspection_cpp/clearpath_platform_msgs/msg/detail/fans__type_support.cpp.o[0m
[2.333s] [ 30%] [32mBuilding CXX object CMakeFiles/clearpath_platform_msgs__rosidl_typesupport_introspection_cpp.dir/rosidl_typesupport_introspection_cpp/clearpath_platform_msgs/msg/detail/drive__type_support.cpp.o[0m
[2.333s] [ 31%] [32mBuilding CXX object CMakeFiles/clearpath_platform_msgs__rosidl_typesupport_introspection_cpp.dir/rosidl_typesupport_introspection_cpp/clearpath_platform_msgs/msg/detail/drive_feedback__type_support.cpp.o[0m
[2.334s] [ 32%] [32mBuilding CXX object CMakeFiles/clearpath_platform_msgs__rosidl_typesupport_introspection_cpp.dir/rosidl_typesupport_introspection_cpp/clearpath_platform_msgs/msg/detail/rgb__type_support.cpp.o[0m
[2.334s] [ 33%] [32mBuilding CXX object CMakeFiles/clearpath_platform_msgs__rosidl_typesupport_introspection_cpp.dir/rosidl_typesupport_introspection_cpp/clearpath_platform_msgs/msg/detail/lights__type_support.cpp.o[0m
[2.334s] [ 34%] [32mBuilding CXX object CMakeFiles/clearpath_platform_msgs__rosidl_typesupport_introspection_cpp.dir/rosidl_typesupport_introspection_cpp/clearpath_platform_msgs/msg/detail/feedback__type_support.cpp.o[0m
[2.335s] [ 35%] [32mBuilding CXX object CMakeFiles/clearpath_platform_msgs__rosidl_typesupport_introspection_cpp.dir/rosidl_typesupport_introspection_cpp/clearpath_platform_msgs/msg/detail/power__type_support.cpp.o[0m
[2.335s] [ 36%] [32mBuilding CXX object CMakeFiles/clearpath_platform_msgs__rosidl_typesupport_introspection_cpp.dir/rosidl_typesupport_introspection_cpp/clearpath_platform_msgs/msg/detail/status__type_support.cpp.o[0m
[2.335s] [ 37%] [32mBuilding CXX object CMakeFiles/clearpath_platform_msgs__rosidl_typesupport_introspection_cpp.dir/rosidl_typesupport_introspection_cpp/clearpath_platform_msgs/msg/detail/stop_status__type_support.cpp.o[0m
[2.335s] [ 38%] [32mBuilding CXX object CMakeFiles/clearpath_platform_msgs__rosidl_typesupport_introspection_cpp.dir/rosidl_typesupport_introspection_cpp/clearpath_platform_msgs/srv/detail/configure_mcu__type_support.cpp.o[0m
[2.379s] [ 40%] [32mBuilding CXX object CMakeFiles/clearpath_platform_msgs__rosidl_typesupport_c.dir/rosidl_typesupport_c/clearpath_platform_msgs/msg/rgb__type_support.cpp.o[0m
[2.379s] [ 40%] [32mBuilding CXX object CMakeFiles/clearpath_platform_msgs__rosidl_typesupport_c.dir/rosidl_typesupport_c/clearpath_platform_msgs/msg/power__type_support.cpp.o[0m
[2.379s] [ 41%] [32mBuilding CXX object CMakeFiles/clearpath_platform_msgs__rosidl_typesupport_c.dir/rosidl_typesupport_c/clearpath_platform_msgs/msg/drive__type_support.cpp.o[0m
[2.380s] [ 42%] [32mBuilding CXX object CMakeFiles/clearpath_platform_msgs__rosidl_typesupport_c.dir/rosidl_typesupport_c/clearpath_platform_msgs/msg/feedback__type_support.cpp.o[0m
[2.380s] [ 44%] [32mBuilding CXX object CMakeFiles/clearpath_platform_msgs__rosidl_typesupport_c.dir/rosidl_typesupport_c/clearpath_platform_msgs/msg/fans__type_support.cpp.o[0m
[2.380s] [ 44%] [32mBuilding CXX object CMakeFiles/clearpath_platform_msgs__rosidl_typesupport_c.dir/rosidl_typesupport_c/clearpath_platform_msgs/msg/drive_feedback__type_support.cpp.o[0m
[2.380s] [ 45%] [32mBuilding CXX object CMakeFiles/clearpath_platform_msgs__rosidl_typesupport_c.dir/rosidl_typesupport_c/clearpath_platform_msgs/msg/lights__type_support.cpp.o[0m
[2.381s] [ 46%] [32mBuilding CXX object CMakeFiles/clearpath_platform_msgs__rosidl_typesupport_c.dir/rosidl_typesupport_c/clearpath_platform_msgs/msg/status__type_support.cpp.o[0m
[2.395s] [ 46%] [32mBuilding CXX object CMakeFiles/clearpath_platform_msgs__rosidl_typesupport_c.dir/rosidl_typesupport_c/clearpath_platform_msgs/msg/stop_status__type_support.cpp.o[0m
[2.412s] [ 47%] [32mBuilding CXX object CMakeFiles/clearpath_platform_msgs__rosidl_typesupport_c.dir/rosidl_typesupport_c/clearpath_platform_msgs/srv/configure_mcu__type_support.cpp.o[0m
[2.439s] [ 48%] [32m[1mLinking CXX shared library libclearpath_platform_msgs__rosidl_typesupport_c.so[0m
[2.457s] [ 48%] [32mBuilding CXX object CMakeFiles/clearpath_platform_msgs__rosidl_typesupport_fastrtps_cpp.dir/rosidl_typesupport_fastrtps_cpp/clearpath_platform_msgs/msg/detail/dds_fastrtps/fans__type_support.cpp.o[0m
[2.457s] [ 50%] [32mBuilding CXX object CMakeFiles/clearpath_platform_msgs__rosidl_typesupport_fastrtps_cpp.dir/rosidl_typesupport_fastrtps_cpp/clearpath_platform_msgs/msg/detail/dds_fastrtps/drive_feedback__type_support.cpp.o[0m
[2.457s] [ 50%] [32mBuilding CXX object CMakeFiles/clearpath_platform_msgs__rosidl_typesupport_fastrtps_cpp.dir/rosidl_typesupport_fastrtps_cpp/clearpath_platform_msgs/msg/detail/dds_fastrtps/drive__type_support.cpp.o[0m
[2.457s] [ 51%] [32mBuilding CXX object CMakeFiles/clearpath_platform_msgs__rosidl_typesupport_fastrtps_cpp.dir/rosidl_typesupport_fastrtps_cpp/clearpath_platform_msgs/msg/detail/dds_fastrtps/lights__type_support.cpp.o[0m
[2.457s] [ 52%] [32mBuilding CXX object CMakeFiles/clearpath_platform_msgs__rosidl_typesupport_fastrtps_cpp.dir/rosidl_typesupport_fastrtps_cpp/clearpath_platform_msgs/msg/detail/dds_fastrtps/rgb__type_support.cpp.o[0m
[2.457s] [ 53%] [32mBuilding CXX object CMakeFiles/clearpath_platform_msgs__rosidl_typesupport_fastrtps_cpp.dir/rosidl_typesupport_fastrtps_cpp/clearpath_platform_msgs/msg/detail/dds_fastrtps/feedback__type_support.cpp.o[0m
[2.457s] [ 54%] [32mBuilding CXX object CMakeFiles/clearpath_platform_msgs__rosidl_typesupport_fastrtps_cpp.dir/rosidl_typesupport_fastrtps_cpp/clearpath_platform_msgs/msg/detail/dds_fastrtps/power__type_support.cpp.o[0m
[2.457s] [ 55%] [32mBuilding CXX object CMakeFiles/clearpath_platform_msgs__rosidl_typesupport_fastrtps_cpp.dir/rosidl_typesupport_fastrtps_cpp/clearpath_platform_msgs/msg/detail/dds_fastrtps/status__type_support.cpp.o[0m
[2.474s] [ 56%] [32mBuilding CXX object CMakeFiles/clearpath_platform_msgs__rosidl_typesupport_fastrtps_cpp.dir/rosidl_typesupport_fastrtps_cpp/clearpath_platform_msgs/msg/detail/dds_fastrtps/stop_status__type_support.cpp.o[0m
[2.511s] [ 56%] Built target clearpath_platform_msgs__rosidl_typesupport_c
[2.525s] [ 57%] [32mBuilding CXX object CMakeFiles/clearpath_platform_msgs__rosidl_typesupport_fastrtps_cpp.dir/rosidl_typesupport_fastrtps_cpp/clearpath_platform_msgs/srv/detail/dds_fastrtps/configure_mcu__type_support.cpp.o[0m
[2.573s] [ 58%] [32m[1mLinking CXX shared library libclearpath_platform_msgs__rosidl_typesupport_cpp.so[0m
[2.577s] [ 63%] [32mBuilding CXX object CMakeFiles/clearpath_platform_msgs__rosidl_typesupport_fastrtps_c.dir/rosidl_typesupport_fastrtps_c/clearpath_platform_msgs/msg/detail/drive__type_support_c.cpp.o[0m
[2.577s] [ 63%] [32mBuilding CXX object CMakeFiles/clearpath_platform_msgs__rosidl_typesupport_fastrtps_c.dir/rosidl_typesupport_fastrtps_c/clearpath_platform_msgs/msg/detail/drive_feedback__type_support_c.cpp.o[0m
[2.577s] [ 63%] [32mBuilding CXX object CMakeFiles/clearpath_platform_msgs__rosidl_typesupport_fastrtps_c.dir/rosidl_typesupport_fastrtps_c/clearpath_platform_msgs/msg/detail/lights__type_support_c.cpp.o[0m
[2.578s] [ 63%] [32mBuilding CXX object CMakeFiles/clearpath_platform_msgs__rosidl_typesupport_fastrtps_c.dir/rosidl_typesupport_fastrtps_c/clearpath_platform_msgs/msg/detail/feedback__type_support_c.cpp.o[0m
[2.578s] [ 63%] [32mBuilding CXX object CMakeFiles/clearpath_platform_msgs__rosidl_typesupport_fastrtps_c.dir/rosidl_typesupport_fastrtps_c/clearpath_platform_msgs/msg/detail/fans__type_support_c.cpp.o[0m
[2.578s] [ 64%] [32mBuilding CXX object CMakeFiles/clearpath_platform_msgs__rosidl_typesupport_fastrtps_c.dir/rosidl_typesupport_fastrtps_c/clearpath_platform_msgs/msg/detail/rgb__type_support_c.cpp.o[0m
[2.578s] [ 65%] [32mBuilding CXX object CMakeFiles/clearpath_platform_msgs__rosidl_typesupport_fastrtps_c.dir/rosidl_typesupport_fastrtps_c/clearpath_platform_msgs/msg/detail/power__type_support_c.cpp.o[0m
[2.580s] [ 67%] [32mBuilding CXX object CMakeFiles/clearpath_platform_msgs__rosidl_typesupport_fastrtps_c.dir/rosidl_typesupport_fastrtps_c/clearpath_platform_msgs/msg/detail/stop_status__type_support_c.cpp.o[0m
[2.580s] [ 67%] [32mBuilding C object CMakeFiles/clearpath_platform_msgs__rosidl_typesupport_introspection_c.dir/rosidl_typesupport_introspection_c/clearpath_platform_msgs/msg/detail/drive__type_support.c.o[0m
[2.580s] [ 68%] [32mBuilding C object CMakeFiles/clearpath_platform_msgs__rosidl_typesupport_introspection_c.dir/rosidl_typesupport_introspection_c/clearpath_platform_msgs/msg/detail/drive_feedback__type_support.c.o[0m
[2.581s] [ 69%] [32mBuilding CXX object CMakeFiles/clearpath_platform_msgs__rosidl_typesupport_fastrtps_c.dir/rosidl_typesupport_fastrtps_c/clearpath_platform_msgs/msg/detail/status__type_support_c.cpp.o[0m
[2.611s] [ 70%] [32mBuilding C object CMakeFiles/clearpath_platform_msgs__rosidl_typesupport_introspection_c.dir/rosidl_typesupport_introspection_c/clearpath_platform_msgs/msg/detail/fans__type_support.c.o[0m
[2.613s] [ 71%] [32mBuilding C object CMakeFiles/clearpath_platform_msgs__rosidl_typesupport_introspection_c.dir/rosidl_typesupport_introspection_c/clearpath_platform_msgs/msg/detail/feedback__type_support.c.o[0m
[2.625s] [ 73%] [32mBuilding C object CMakeFiles/clearpath_platform_msgs__rosidl_typesupport_introspection_c.dir/rosidl_typesupport_introspection_c/clearpath_platform_msgs/msg/detail/lights__type_support.c.o[0m
[2.625s] [ 73%] [32mBuilding CXX object CMakeFiles/clearpath_platform_msgs__rosidl_typesupport_fastrtps_c.dir/rosidl_typesupport_fastrtps_c/clearpath_platform_msgs/srv/detail/configure_mcu__type_support_c.cpp.o[0m
[2.636s] [ 74%] [32mBuilding C object CMakeFiles/clearpath_platform_msgs__rosidl_typesupport_introspection_c.dir/rosidl_typesupport_introspection_c/clearpath_platform_msgs/msg/detail/power__type_support.c.o[0m
[2.638s] [ 75%] [32mBuilding C object CMakeFiles/clearpath_platform_msgs__rosidl_typesupport_introspection_c.dir/rosidl_typesupport_introspection_c/clearpath_platform_msgs/msg/detail/rgb__type_support.c.o[0m
[2.646s] [ 76%] [32mBuilding C object CMakeFiles/clearpath_platform_msgs__rosidl_typesupport_introspection_c.dir/rosidl_typesupport_introspection_c/clearpath_platform_msgs/msg/detail/stop_status__type_support.c.o[0m
[2.646s] [ 77%] [32mBuilding C object CMakeFiles/clearpath_platform_msgs__rosidl_typesupport_introspection_c.dir/rosidl_typesupport_introspection_c/clearpath_platform_msgs/msg/detail/status__type_support.c.o[0m
[2.648s] [ 78%] [32mBuilding C object CMakeFiles/clearpath_platform_msgs__rosidl_typesupport_introspection_c.dir/rosidl_typesupport_introspection_c/clearpath_platform_msgs/srv/detail/configure_mcu__type_support.c.o[0m
[2.653s] [ 78%] Built target clearpath_platform_msgs__rosidl_typesupport_cpp
[2.681s] [ 79%] [32m[1mLinking C shared library libclearpath_platform_msgs__rosidl_typesupport_introspection_c.so[0m
[2.710s] [ 80%] [32m[1mLinking CXX shared library libclearpath_platform_msgs__rosidl_typesupport_introspection_cpp.so[0m
[2.710s] [ 80%] Built target clearpath_platform_msgs__rosidl_typesupport_introspection_c
[2.781s] [ 80%] Built target clearpath_platform_msgs__rosidl_typesupport_introspection_cpp
[2.856s] [ 81%] [32m[1mLinking CXX shared library libclearpath_platform_msgs__rosidl_typesupport_fastrtps_cpp.so[0m
[2.857s] [ 82%] [32m[1mLinking CXX shared library libclearpath_platform_msgs__rosidl_typesupport_fastrtps_c.so[0m
[2.894s] [ 82%] Built target clearpath_platform_msgs__rosidl_typesupport_fastrtps_cpp
[2.897s] [ 82%] Built target clearpath_platform_msgs__rosidl_typesupport_fastrtps_c
[2.907s] [ 82%] Built target clearpath_platform_msgs
[2.918s] [ 83%] [34m[1mGenerating Python code for ROS interfaces[0m
[4.130s] [ 83%] Built target clearpath_platform_msgs__py
[4.139s] [ 84%] [32mBuilding C object CMakeFiles/clearpath_platform_msgs__rosidl_generator_py.dir/rosidl_generator_py/clearpath_platform_msgs/msg/_drive_s.c.o[0m
[4.139s] [ 85%] [32mBuilding C object CMakeFiles/clearpath_platform_msgs__rosidl_generator_py.dir/rosidl_generator_py/clearpath_platform_msgs/msg/_drive_feedback_s.c.o[0m
[4.139s] [ 86%] [32mBuilding C object CMakeFiles/clearpath_platform_msgs__rosidl_generator_py.dir/rosidl_generator_py/clearpath_platform_msgs/msg/_fans_s.c.o[0m
[4.140s] [ 87%] [32mBuilding C object CMakeFiles/clearpath_platform_msgs__rosidl_generator_py.dir/rosidl_generator_py/clearpath_platform_msgs/msg/_lights_s.c.o[0m
[4.140s] [ 88%] [32mBuilding C object CMakeFiles/clearpath_platform_msgs__rosidl_generator_py.dir/rosidl_generator_py/clearpath_platform_msgs/msg/_power_s.c.o[0m
[4.141s] [ 89%] [32mBuilding C object CMakeFiles/clearpath_platform_msgs__rosidl_generator_py.dir/rosidl_generator_py/clearpath_platform_msgs/msg/_rgb_s.c.o[0m
[4.141s] [ 90%] [32mBuilding C object CMakeFiles/clearpath_platform_msgs__rosidl_generator_py.dir/rosidl_generator_py/clearpath_platform_msgs/msg/_status_s.c.o[0m
[4.141s] [ 91%] [32mBuilding C object CMakeFiles/clearpath_platform_msgs__rosidl_generator_py.dir/rosidl_generator_py/clearpath_platform_msgs/msg/_feedback_s.c.o[0m
[4.141s] [ 92%] [32mBuilding C object CMakeFiles/clearpath_platform_msgs__rosidl_generator_py.dir/rosidl_generator_py/clearpath_platform_msgs/msg/_stop_status_s.c.o[0m
[4.143s] [ 93%] [32mBuilding C object CMakeFiles/clearpath_platform_msgs__rosidl_generator_py.dir/rosidl_generator_py/clearpath_platform_msgs/srv/_configure_mcu_s.c.o[0m
[4.212s] [ 94%] [32m[1mLinking C shared library rosidl_generator_py/clearpath_platform_msgs/libclearpath_platform_msgs__rosidl_generator_py.so[0m
[4.233s] [ 94%] Built target clearpath_platform_msgs__rosidl_generator_py
[4.245s] [ 95%] [32mBuilding C object CMakeFiles/clearpath_platform_msgs__rosidl_typesupport_fastrtps_c__pyext.dir/rosidl_generator_py/clearpath_platform_msgs/_clearpath_platform_msgs_s.ep.rosidl_typesupport_fastrtps_c.c.o[0m
[4.245s] [ 96%] [32mBuilding C object CMakeFiles/clearpath_platform_msgs__rosidl_typesupport_introspection_c__pyext.dir/rosidl_generator_py/clearpath_platform_msgs/_clearpath_platform_msgs_s.ep.rosidl_typesupport_introspection_c.c.o[0m
[4.245s] [ 97%] [32mBuilding C object CMakeFiles/clearpath_platform_msgs__rosidl_typesupport_c__pyext.dir/rosidl_generator_py/clearpath_platform_msgs/_clearpath_platform_msgs_s.ep.rosidl_typesupport_c.c.o[0m
[4.306s] [100%] [32m[1mLinking C shared library rosidl_generator_py/clearpath_platform_msgs/clearpath_platform_msgs_s__rosidl_typesupport_c.cpython-310-x86_64-linux-gnu.so[0m
[4.306s] [100%] [32m[1mLinking C shared library rosidl_generator_py/clearpath_platform_msgs/clearpath_platform_msgs_s__rosidl_typesupport_introspection_c.cpython-310-x86_64-linux-gnu.so[0m
[4.306s] [100%] [32m[1mLinking C shared library rosidl_generator_py/clearpath_platform_msgs/clearpath_platform_msgs_s__rosidl_typesupport_fastrtps_c.cpython-310-x86_64-linux-gnu.so[0m
[4.324s] [100%] Built target clearpath_platform_msgs__rosidl_typesupport_c__pyext
[4.325s] [100%] Built target clearpath_platform_msgs__rosidl_typesupport_introspection_c__pyext
[4.325s] [100%] Built target clearpath_platform_msgs__rosidl_typesupport_fastrtps_c__pyext
[4.332s] Invoked command in '/home/hyeseonl/clearpath_ws/build/clearpath_platform_msgs' returned '0': CMAKE_PREFIX_PATH=/opt/ros/humble /usr/bin/cmake --build /home/hyeseonl/clearpath_ws/build/clearpath_platform_msgs -- -j32 -l32
[4.559s] Invoking command in '/home/hyeseonl/clearpath_ws/build/clearpath_platform_msgs': CMAKE_PREFIX_PATH=/opt/ros/humble /usr/bin/cmake --install /home/hyeseonl/clearpath_ws/build/clearpath_platform_msgs
[4.567s] -- Install configuration: ""
[4.568s] -- Execute custom install script
[4.568s] -- Symlinking: /home/hyeseonl/clearpath_ws/install/clearpath_platform_msgs/share/ament_index/resource_index/rosidl_interfaces/clearpath_platform_msgs
[4.577s] -- Symlinking: /home/hyeseonl/clearpath_ws/install/clearpath_platform_msgs/include/clearpath_platform_msgs/clearpath_platform_msgs/msg/detail/drive__functions.h
[4.586s] -- Symlinking: /home/hyeseonl/clearpath_ws/install/clearpath_platform_msgs/include/clearpath_platform_msgs/clearpath_platform_msgs/msg/detail/drive__struct.h
[4.594s] -- Symlinking: /home/hyeseonl/clearpath_ws/install/clearpath_platform_msgs/include/clearpath_platform_msgs/clearpath_platform_msgs/msg/detail/drive__type_support.h
[4.603s] -- Symlinking: /home/hyeseonl/clearpath_ws/install/clearpath_platform_msgs/include/clearpath_platform_msgs/clearpath_platform_msgs/msg/detail/drive_feedback__functions.h
[4.611s] -- Symlinking: /home/hyeseonl/clearpath_ws/install/clearpath_platform_msgs/include/clearpath_platform_msgs/clearpath_platform_msgs/msg/detail/drive_feedback__struct.h
[4.619s] -- Symlinking: /home/hyeseonl/clearpath_ws/install/clearpath_platform_msgs/include/clearpath_platform_msgs/clearpath_platform_msgs/msg/detail/drive_feedback__type_support.h
[4.625s] -- Symlinking: /home/hyeseonl/clearpath_ws/install/clearpath_platform_msgs/include/clearpath_platform_msgs/clearpath_platform_msgs/msg/detail/fans__functions.h
[4.630s] -- Symlinking: /home/hyeseonl/clearpath_ws/install/clearpath_platform_msgs/include/clearpath_platform_msgs/clearpath_platform_msgs/msg/detail/fans__struct.h
[4.638s] -- Symlinking: /home/hyeseonl/clearpath_ws/install/clearpath_platform_msgs/include/clearpath_platform_msgs/clearpath_platform_msgs/msg/detail/fans__type_support.h
[4.645s] -- Symlinking: /home/hyeseonl/clearpath_ws/install/clearpath_platform_msgs/include/clearpath_platform_msgs/clearpath_platform_msgs/msg/detail/feedback__functions.h
[4.652s] -- Symlinking: /home/hyeseonl/clearpath_ws/install/clearpath_platform_msgs/include/clearpath_platform_msgs/clearpath_platform_msgs/msg/detail/feedback__struct.h
[4.660s] -- Symlinking: /home/hyeseonl/clearpath_ws/install/clearpath_platform_msgs/include/clearpath_platform_msgs/clearpath_platform_msgs/msg/detail/feedback__type_support.h
[4.668s] -- Symlinking: /home/hyeseonl/clearpath_ws/install/clearpath_platform_msgs/include/clearpath_platform_msgs/clearpath_platform_msgs/msg/detail/lights__functions.h
[4.676s] -- Symlinking: /home/hyeseonl/clearpath_ws/install/clearpath_platform_msgs/include/clearpath_platform_msgs/clearpath_platform_msgs/msg/detail/lights__struct.h
[4.683s] -- Symlinking: /home/hyeseonl/clearpath_ws/install/clearpath_platform_msgs/include/clearpath_platform_msgs/clearpath_platform_msgs/msg/detail/lights__type_support.h
[4.689s] -- Symlinking: /home/hyeseonl/clearpath_ws/install/clearpath_platform_msgs/include/clearpath_platform_msgs/clearpath_platform_msgs/msg/detail/power__functions.h
[4.697s] -- Symlinking: /home/hyeseonl/clearpath_ws/install/clearpath_platform_msgs/include/clearpath_platform_msgs/clearpath_platform_msgs/msg/detail/power__struct.h
[4.704s] -- Symlinking: /home/hyeseonl/clearpath_ws/install/clearpath_platform_msgs/include/clearpath_platform_msgs/clearpath_platform_msgs/msg/detail/power__type_support.h
[4.710s] -- Symlinking: /home/hyeseonl/clearpath_ws/install/clearpath_platform_msgs/include/clearpath_platform_msgs/clearpath_platform_msgs/msg/detail/rgb__functions.h
[4.717s] -- Symlinking: /home/hyeseonl/clearpath_ws/install/clearpath_platform_msgs/include/clearpath_platform_msgs/clearpath_platform_msgs/msg/detail/rgb__struct.h
[4.724s] -- Symlinking: /home/hyeseonl/clearpath_ws/install/clearpath_platform_msgs/include/clearpath_platform_msgs/clearpath_platform_msgs/msg/detail/rgb__type_support.h
[4.731s] -- Symlinking: /home/hyeseonl/clearpath_ws/install/clearpath_platform_msgs/include/clearpath_platform_msgs/clearpath_platform_msgs/msg/detail/status__functions.h
[4.738s] -- Symlinking: /home/hyeseonl/clearpath_ws/install/clearpath_platform_msgs/include/clearpath_platform_msgs/clearpath_platform_msgs/msg/detail/status__struct.h
[4.745s] -- Symlinking: /home/hyeseonl/clearpath_ws/install/clearpath_platform_msgs/include/clearpath_platform_msgs/clearpath_platform_msgs/msg/detail/status__type_support.h
[4.753s] -- Symlinking: /home/hyeseonl/clearpath_ws/install/clearpath_platform_msgs/include/clearpath_platform_msgs/clearpath_platform_msgs/msg/detail/stop_status__functions.h
[4.760s] -- Symlinking: /home/hyeseonl/clearpath_ws/install/clearpath_platform_msgs/include/clearpath_platform_msgs/clearpath_platform_msgs/msg/detail/stop_status__struct.h
[4.765s] -- Symlinking: /home/hyeseonl/clearpath_ws/install/clearpath_platform_msgs/include/clearpath_platform_msgs/clearpath_platform_msgs/msg/detail/stop_status__type_support.h
[4.770s] -- Symlinking: /home/hyeseonl/clearpath_ws/install/clearpath_platform_msgs/include/clearpath_platform_msgs/clearpath_platform_msgs/msg/drive.h
[4.776s] -- Symlinking: /home/hyeseonl/clearpath_ws/install/clearpath_platform_msgs/include/clearpath_platform_msgs/clearpath_platform_msgs/msg/drive_feedback.h
[4.781s] -- Symlinking: /home/hyeseonl/clearpath_ws/install/clearpath_platform_msgs/include/clearpath_platform_msgs/clearpath_platform_msgs/msg/fans.h
[4.787s] -- Symlinking: /home/hyeseonl/clearpath_ws/install/clearpath_platform_msgs/include/clearpath_platform_msgs/clearpath_platform_msgs/msg/feedback.h
[4.792s] -- Symlinking: /home/hyeseonl/clearpath_ws/install/clearpath_platform_msgs/include/clearpath_platform_msgs/clearpath_platform_msgs/msg/lights.h
[4.798s] -- Symlinking: /home/hyeseonl/clearpath_ws/install/clearpath_platform_msgs/include/clearpath_platform_msgs/clearpath_platform_msgs/msg/power.h
[4.803s] -- Symlinking: /home/hyeseonl/clearpath_ws/install/clearpath_platform_msgs/include/clearpath_platform_msgs/clearpath_platform_msgs/msg/rgb.h
[4.810s] -- Symlinking: /home/hyeseonl/clearpath_ws/install/clearpath_platform_msgs/include/clearpath_platform_msgs/clearpath_platform_msgs/msg/rosidl_generator_c__visibility_control.h
[4.817s] -- Symlinking: /home/hyeseonl/clearpath_ws/install/clearpath_platform_msgs/include/clearpath_platform_msgs/clearpath_platform_msgs/msg/status.h
[4.823s] -- Symlinking: /home/hyeseonl/clearpath_ws/install/clearpath_platform_msgs/include/clearpath_platform_msgs/clearpath_platform_msgs/msg/stop_status.h
[4.832s] -- Symlinking: /home/hyeseonl/clearpath_ws/install/clearpath_platform_msgs/include/clearpath_platform_msgs/clearpath_platform_msgs/srv/configure_mcu.h
[4.839s] -- Symlinking: /home/hyeseonl/clearpath_ws/install/clearpath_platform_msgs/include/clearpath_platform_msgs/clearpath_platform_msgs/srv/detail/configure_mcu__functions.h
[4.846s] -- Symlinking: /home/hyeseonl/clearpath_ws/install/clearpath_platform_msgs/include/clearpath_platform_msgs/clearpath_platform_msgs/srv/detail/configure_mcu__struct.h
[4.855s] -- Symlinking: /home/hyeseonl/clearpath_ws/install/clearpath_platform_msgs/include/clearpath_platform_msgs/clearpath_platform_msgs/srv/detail/configure_mcu__type_support.h
[4.864s] -- Symlinking: /home/hyeseonl/clearpath_ws/install/clearpath_platform_msgs/share/clearpath_platform_msgs/environment/library_path.sh
[4.874s] -- Symlinking: /home/hyeseonl/clearpath_ws/install/clearpath_platform_msgs/share/clearpath_platform_msgs/environment/library_path.dsv
[4.881s] -- Symlinking: /home/hyeseonl/clearpath_ws/install/clearpath_platform_msgs/include/clearpath_platform_msgs/clearpath_platform_msgs/msg/detail/drive__rosidl_typesupport_fastrtps_c.h
[4.887s] -- Symlinking: /home/hyeseonl/clearpath_ws/install/clearpath_platform_msgs/include/clearpath_platform_msgs/clearpath_platform_msgs/msg/detail/drive_feedback__rosidl_typesupport_fastrtps_c.h
[4.896s] -- Symlinking: /home/hyeseonl/clearpath_ws/install/clearpath_platform_msgs/include/clearpath_platform_msgs/clearpath_platform_msgs/msg/detail/fans__rosidl_typesupport_fastrtps_c.h
[4.904s] -- Symlinking: /home/hyeseonl/clearpath_ws/install/clearpath_platform_msgs/include/clearpath_platform_msgs/clearpath_platform_msgs/msg/detail/feedback__rosidl_typesupport_fastrtps_c.h
[4.912s] -- Symlinking: /home/hyeseonl/clearpath_ws/install/clearpath_platform_msgs/include/clearpath_platform_msgs/clearpath_platform_msgs/msg/detail/lights__rosidl_typesupport_fastrtps_c.h
[4.919s] -- Symlinking: /home/hyeseonl/clearpath_ws/install/clearpath_platform_msgs/include/clearpath_platform_msgs/clearpath_platform_msgs/msg/detail/power__rosidl_typesupport_fastrtps_c.h
[4.926s] -- Symlinking: /home/hyeseonl/clearpath_ws/install/clearpath_platform_msgs/include/clearpath_platform_msgs/clearpath_platform_msgs/msg/detail/rgb__rosidl_typesupport_fastrtps_c.h
[4.934s] -- Symlinking: /home/hyeseonl/clearpath_ws/install/clearpath_platform_msgs/include/clearpath_platform_msgs/clearpath_platform_msgs/msg/detail/status__rosidl_typesupport_fastrtps_c.h
[4.941s] -- Symlinking: /home/hyeseonl/clearpath_ws/install/clearpath_platform_msgs/include/clearpath_platform_msgs/clearpath_platform_msgs/msg/detail/stop_status__rosidl_typesupport_fastrtps_c.h
[4.948s] -- Symlinking: /home/hyeseonl/clearpath_ws/install/clearpath_platform_msgs/include/clearpath_platform_msgs/clearpath_platform_msgs/msg/rosidl_typesupport_fastrtps_c__visibility_control.h
[4.955s] -- Symlinking: /home/hyeseonl/clearpath_ws/install/clearpath_platform_msgs/include/clearpath_platform_msgs/clearpath_platform_msgs/srv/detail/configure_mcu__rosidl_typesupport_fastrtps_c.h
[4.963s] -- Symlinking: /home/hyeseonl/clearpath_ws/install/clearpath_platform_msgs/include/clearpath_platform_msgs/clearpath_platform_msgs/msg/detail/drive__builder.hpp
[4.970s] -- Symlinking: /home/hyeseonl/clearpath_ws/install/clearpath_platform_msgs/include/clearpath_platform_msgs/clearpath_platform_msgs/msg/detail/drive__struct.hpp
[4.977s] -- Symlinking: /home/hyeseonl/clearpath_ws/install/clearpath_platform_msgs/include/clearpath_platform_msgs/clearpath_platform_msgs/msg/detail/drive__traits.hpp
[4.983s] -- Symlinking: /home/hyeseonl/clearpath_ws/install/clearpath_platform_msgs/include/clearpath_platform_msgs/clearpath_platform_msgs/msg/detail/drive_feedback__builder.hpp
[4.988s] -- Symlinking: /home/hyeseonl/clearpath_ws/install/clearpath_platform_msgs/include/clearpath_platform_msgs/clearpath_platform_msgs/msg/detail/drive_feedback__struct.hpp
[4.992s] -- Symlinking: /home/hyeseonl/clearpath_ws/install/clearpath_platform_msgs/include/clearpath_platform_msgs/clearpath_platform_msgs/msg/detail/drive_feedback__traits.hpp
[4.998s] -- Symlinking: /home/hyeseonl/clearpath_ws/install/clearpath_platform_msgs/include/clearpath_platform_msgs/clearpath_platform_msgs/msg/detail/fans__builder.hpp
[5.005s] -- Symlinking: /home/hyeseonl/clearpath_ws/install/clearpath_platform_msgs/include/clearpath_platform_msgs/clearpath_platform_msgs/msg/detail/fans__struct.hpp
[5.010s] -- Symlinking: /home/hyeseonl/clearpath_ws/install/clearpath_platform_msgs/include/clearpath_platform_msgs/clearpath_platform_msgs/msg/detail/fans__traits.hpp
[5.018s] -- Symlinking: /home/hyeseonl/clearpath_ws/install/clearpath_platform_msgs/include/clearpath_platform_msgs/clearpath_platform_msgs/msg/detail/feedback__builder.hpp
[5.026s] -- Symlinking: /home/hyeseonl/clearpath_ws/install/clearpath_platform_msgs/include/clearpath_platform_msgs/clearpath_platform_msgs/msg/detail/feedback__struct.hpp
[5.033s] -- Symlinking: /home/hyeseonl/clearpath_ws/install/clearpath_platform_msgs/include/clearpath_platform_msgs/clearpath_platform_msgs/msg/detail/feedback__traits.hpp
[5.041s] -- Symlinking: /home/hyeseonl/clearpath_ws/install/clearpath_platform_msgs/include/clearpath_platform_msgs/clearpath_platform_msgs/msg/detail/lights__builder.hpp
[5.048s] -- Symlinking: /home/hyeseonl/clearpath_ws/install/clearpath_platform_msgs/include/clearpath_platform_msgs/clearpath_platform_msgs/msg/detail/lights__struct.hpp
[5.056s] -- Symlinking: /home/hyeseonl/clearpath_ws/install/clearpath_platform_msgs/include/clearpath_platform_msgs/clearpath_platform_msgs/msg/detail/lights__traits.hpp
[5.066s] -- Symlinking: /home/hyeseonl/clearpath_ws/install/clearpath_platform_msgs/include/clearpath_platform_msgs/clearpath_platform_msgs/msg/detail/power__builder.hpp
[5.073s] -- Symlinking: /home/hyeseonl/clearpath_ws/install/clearpath_platform_msgs/include/clearpath_platform_msgs/clearpath_platform_msgs/msg/detail/power__struct.hpp
[5.081s] -- Symlinking: /home/hyeseonl/clearpath_ws/install/clearpath_platform_msgs/include/clearpath_platform_msgs/clearpath_platform_msgs/msg/detail/power__traits.hpp
[5.086s] -- Symlinking: /home/hyeseonl/clearpath_ws/install/clearpath_platform_msgs/include/clearpath_platform_msgs/clearpath_platform_msgs/msg/detail/rgb__builder.hpp
[5.091s] -- Symlinking: /home/hyeseonl/clearpath_ws/install/clearpath_platform_msgs/include/clearpath_platform_msgs/clearpath_platform_msgs/msg/detail/rgb__struct.hpp
[5.096s] -- Symlinking: /home/hyeseonl/clearpath_ws/install/clearpath_platform_msgs/include/clearpath_platform_msgs/clearpath_platform_msgs/msg/detail/rgb__traits.hpp
[5.102s] -- Symlinking: /home/hyeseonl/clearpath_ws/install/clearpath_platform_msgs/include/clearpath_platform_msgs/clearpath_platform_msgs/msg/detail/status__builder.hpp
[5.107s] -- Symlinking: /home/hyeseonl/clearpath_ws/install/clearpath_platform_msgs/include/clearpath_platform_msgs/clearpath_platform_msgs/msg/detail/status__struct.hpp
[5.114s] -- Symlinking: /home/hyeseonl/clearpath_ws/install/clearpath_platform_msgs/include/clearpath_platform_msgs/clearpath_platform_msgs/msg/detail/status__traits.hpp
[5.122s] -- Symlinking: /home/hyeseonl/clearpath_ws/install/clearpath_platform_msgs/include/clearpath_platform_msgs/clearpath_platform_msgs/msg/detail/stop_status__builder.hpp
[5.129s] -- Symlinking: /home/hyeseonl/clearpath_ws/install/clearpath_platform_msgs/include/clearpath_platform_msgs/clearpath_platform_msgs/msg/detail/stop_status__struct.hpp
[5.136s] -- Symlinking: /home/hyeseonl/clearpath_ws/install/clearpath_platform_msgs/include/clearpath_platform_msgs/clearpath_platform_msgs/msg/detail/stop_status__traits.hpp
[5.145s] -- Symlinking: /home/hyeseonl/clearpath_ws/install/clearpath_platform_msgs/include/clearpath_platform_msgs/clearpath_platform_msgs/msg/drive.hpp
[5.152s] -- Symlinking: /home/hyeseonl/clearpath_ws/install/clearpath_platform_msgs/include/clearpath_platform_msgs/clearpath_platform_msgs/msg/drive_feedback.hpp
[5.160s] -- Symlinking: /home/hyeseonl/clearpath_ws/install/clearpath_platform_msgs/include/clearpath_platform_msgs/clearpath_platform_msgs/msg/fans.hpp
[5.167s] -- Symlinking: /home/hyeseonl/clearpath_ws/install/clearpath_platform_msgs/include/clearpath_platform_msgs/clearpath_platform_msgs/msg/feedback.hpp
[5.175s] -- Symlinking: /home/hyeseonl/clearpath_ws/install/clearpath_platform_msgs/include/clearpath_platform_msgs/clearpath_platform_msgs/msg/lights.hpp
[5.183s] -- Symlinking: /home/hyeseonl/clearpath_ws/install/clearpath_platform_msgs/include/clearpath_platform_msgs/clearpath_platform_msgs/msg/power.hpp
[5.191s] -- Symlinking: /home/hyeseonl/clearpath_ws/install/clearpath_platform_msgs/include/clearpath_platform_msgs/clearpath_platform_msgs/msg/rgb.hpp
[5.198s] -- Symlinking: /home/hyeseonl/clearpath_ws/install/clearpath_platform_msgs/include/clearpath_platform_msgs/clearpath_platform_msgs/msg/status.hpp
[5.206s] -- Symlinking: /home/hyeseonl/clearpath_ws/install/clearpath_platform_msgs/include/clearpath_platform_msgs/clearpath_platform_msgs/msg/stop_status.hpp
[5.213s] -- Symlinking: /home/hyeseonl/clearpath_ws/install/clearpath_platform_msgs/include/clearpath_platform_msgs/clearpath_platform_msgs/srv/configure_mcu.hpp
[5.220s] -- Symlinking: /home/hyeseonl/clearpath_ws/install/clearpath_platform_msgs/include/clearpath_platform_msgs/clearpath_platform_msgs/srv/detail/configure_mcu__builder.hpp
[5.227s] -- Symlinking: /home/hyeseonl/clearpath_ws/install/clearpath_platform_msgs/include/clearpath_platform_msgs/clearpath_platform_msgs/srv/detail/configure_mcu__struct.hpp
[5.234s] -- Symlinking: /home/hyeseonl/clearpath_ws/install/clearpath_platform_msgs/include/clearpath_platform_msgs/clearpath_platform_msgs/srv/detail/configure_mcu__traits.hpp
[5.242s] -- Symlinking: /home/hyeseonl/clearpath_ws/install/clearpath_platform_msgs/include/clearpath_platform_msgs/clearpath_platform_msgs/msg/detail/drive__rosidl_typesupport_fastrtps_cpp.hpp
[5.250s] -- Symlinking: /home/hyeseonl/clearpath_ws/install/clearpath_platform_msgs/include/clearpath_platform_msgs/clearpath_platform_msgs/msg/detail/drive_feedback__rosidl_typesupport_fastrtps_cpp.hpp
[5.257s] -- Symlinking: /home/hyeseonl/clearpath_ws/install/clearpath_platform_msgs/include/clearpath_platform_msgs/clearpath_platform_msgs/msg/detail/fans__rosidl_typesupport_fastrtps_cpp.hpp
[5.265s] -- Symlinking: /home/hyeseonl/clearpath_ws/install/clearpath_platform_msgs/include/clearpath_platform_msgs/clearpath_platform_msgs/msg/detail/feedback__rosidl_typesupport_fastrtps_cpp.hpp
[5.273s] -- Symlinking: /home/hyeseonl/clearpath_ws/install/clearpath_platform_msgs/include/clearpath_platform_msgs/clearpath_platform_msgs/msg/detail/lights__rosidl_typesupport_fastrtps_cpp.hpp
[5.281s] -- Symlinking: /home/hyeseonl/clearpath_ws/install/clearpath_platform_msgs/include/clearpath_platform_msgs/clearpath_platform_msgs/msg/detail/power__rosidl_typesupport_fastrtps_cpp.hpp
[5.289s] -- Symlinking: /home/hyeseonl/clearpath_ws/install/clearpath_platform_msgs/include/clearpath_platform_msgs/clearpath_platform_msgs/msg/detail/rgb__rosidl_typesupport_fastrtps_cpp.hpp
[5.298s] -- Symlinking: /home/hyeseonl/clearpath_ws/install/clearpath_platform_msgs/include/clearpath_platform_msgs/clearpath_platform_msgs/msg/detail/status__rosidl_typesupport_fastrtps_cpp.hpp
[5.305s] -- Symlinking: /home/hyeseonl/clearpath_ws/install/clearpath_platform_msgs/include/clearpath_platform_msgs/clearpath_platform_msgs/msg/detail/stop_status__rosidl_typesupport_fastrtps_cpp.hpp
[5.312s] -- Symlinking: /home/hyeseonl/clearpath_ws/install/clearpath_platform_msgs/include/clearpath_platform_msgs/clearpath_platform_msgs/msg/rosidl_typesupport_fastrtps_cpp__visibility_control.h
[5.320s] -- Symlinking: /home/hyeseonl/clearpath_ws/install/clearpath_platform_msgs/include/clearpath_platform_msgs/clearpath_platform_msgs/srv/detail/configure_mcu__rosidl_typesupport_fastrtps_cpp.hpp
[5.327s] -- Symlinking: /home/hyeseonl/clearpath_ws/install/clearpath_platform_msgs/include/clearpath_platform_msgs/clearpath_platform_msgs/msg/detail/drive__rosidl_typesupport_introspection_c.h
[5.335s] -- Symlinking: /home/hyeseonl/clearpath_ws/install/clearpath_platform_msgs/include/clearpath_platform_msgs/clearpath_platform_msgs/msg/detail/drive_feedback__rosidl_typesupport_introspection_c.h
[5.344s] -- Symlinking: /home/hyeseonl/clearpath_ws/install/clearpath_platform_msgs/include/clearpath_platform_msgs/clearpath_platform_msgs/msg/detail/fans__rosidl_typesupport_introspection_c.h
[5.353s] -- Symlinking: /home/hyeseonl/clearpath_ws/install/clearpath_platform_msgs/include/clearpath_platform_msgs/clearpath_platform_msgs/msg/detail/feedback__rosidl_typesupport_introspection_c.h
[5.361s] -- Symlinking: /home/hyeseonl/clearpath_ws/install/clearpath_platform_msgs/include/clearpath_platform_msgs/clearpath_platform_msgs/msg/detail/lights__rosidl_typesupport_introspection_c.h
[5.369s] -- Symlinking: /home/hyeseonl/clearpath_ws/install/clearpath_platform_msgs/include/clearpath_platform_msgs/clearpath_platform_msgs/msg/detail/power__rosidl_typesupport_introspection_c.h
[5.377s] -- Symlinking: /home/hyeseonl/clearpath_ws/install/clearpath_platform_msgs/include/clearpath_platform_msgs/clearpath_platform_msgs/msg/detail/rgb__rosidl_typesupport_introspection_c.h
[5.385s] -- Symlinking: /home/hyeseonl/clearpath_ws/install/clearpath_platform_msgs/include/clearpath_platform_msgs/clearpath_platform_msgs/msg/detail/status__rosidl_typesupport_introspection_c.h
[5.392s] -- Symlinking: /home/hyeseonl/clearpath_ws/install/clearpath_platform_msgs/include/clearpath_platform_msgs/clearpath_platform_msgs/msg/detail/stop_status__rosidl_typesupport_introspection_c.h
[5.399s] -- Symlinking: /home/hyeseonl/clearpath_ws/install/clearpath_platform_msgs/include/clearpath_platform_msgs/clearpath_platform_msgs/msg/rosidl_typesupport_introspection_c__visibility_control.h
[5.406s] -- Symlinking: /home/hyeseonl/clearpath_ws/install/clearpath_platform_msgs/include/clearpath_platform_msgs/clearpath_platform_msgs/srv/detail/configure_mcu__rosidl_typesupport_introspection_c.h
[5.414s] -- Symlinking: /home/hyeseonl/clearpath_ws/install/clearpath_platform_msgs/include/clearpath_platform_msgs/clearpath_platform_msgs/msg/detail/drive__rosidl_typesupport_introspection_cpp.hpp
[5.423s] -- Symlinking: /home/hyeseonl/clearpath_ws/install/clearpath_platform_msgs/include/clearpath_platform_msgs/clearpath_platform_msgs/msg/detail/drive_feedback__rosidl_typesupport_introspection_cpp.hpp
[5.430s] -- Symlinking: /home/hyeseonl/clearpath_ws/install/clearpath_platform_msgs/include/clearpath_platform_msgs/clearpath_platform_msgs/msg/detail/fans__rosidl_typesupport_introspection_cpp.hpp
[5.437s] -- Symlinking: /home/hyeseonl/clearpath_ws/install/clearpath_platform_msgs/include/clearpath_platform_msgs/clearpath_platform_msgs/msg/detail/feedback__rosidl_typesupport_introspection_cpp.hpp
[5.445s] -- Symlinking: /home/hyeseonl/clearpath_ws/install/clearpath_platform_msgs/include/clearpath_platform_msgs/clearpath_platform_msgs/msg/detail/lights__rosidl_typesupport_introspection_cpp.hpp
[5.452s] -- Symlinking: /home/hyeseonl/clearpath_ws/install/clearpath_platform_msgs/include/clearpath_platform_msgs/clearpath_platform_msgs/msg/detail/power__rosidl_typesupport_introspection_cpp.hpp
[5.458s] -- Symlinking: /home/hyeseonl/clearpath_ws/install/clearpath_platform_msgs/include/clearpath_platform_msgs/clearpath_platform_msgs/msg/detail/rgb__rosidl_typesupport_introspection_cpp.hpp
[5.464s] -- Symlinking: /home/hyeseonl/clearpath_ws/install/clearpath_platform_msgs/include/clearpath_platform_msgs/clearpath_platform_msgs/msg/detail/status__rosidl_typesupport_introspection_cpp.hpp
[5.471s] -- Symlinking: /home/hyeseonl/clearpath_ws/install/clearpath_platform_msgs/include/clearpath_platform_msgs/clearpath_platform_msgs/msg/detail/stop_status__rosidl_typesupport_introspection_cpp.hpp
[5.478s] -- Symlinking: /home/hyeseonl/clearpath_ws/install/clearpath_platform_msgs/include/clearpath_platform_msgs/clearpath_platform_msgs/srv/detail/configure_mcu__rosidl_typesupport_introspection_cpp.hpp
[5.487s] -- Symlinking: /home/hyeseonl/clearpath_ws/install/clearpath_platform_msgs/share/clearpath_platform_msgs/environment/pythonpath.sh
[5.496s] -- Symlinking: /home/hyeseonl/clearpath_ws/install/clearpath_platform_msgs/share/clearpath_platform_msgs/environment/pythonpath.dsv
[5.504s] -- Symlinking: /home/hyeseonl/clearpath_ws/install/clearpath_platform_msgs/local/lib/python3.10/dist-packages/clearpath_platform_msgs-0.2.0-py3.10.egg-info/PKG-INFO
[5.512s] -- Symlinking: /home/hyeseonl/clearpath_ws/install/clearpath_platform_msgs/local/lib/python3.10/dist-packages/clearpath_platform_msgs-0.2.0-py3.10.egg-info/SOURCES.txt
[5.519s] -- Symlinking: /home/hyeseonl/clearpath_ws/install/clearpath_platform_msgs/local/lib/python3.10/dist-packages/clearpath_platform_msgs-0.2.0-py3.10.egg-info/dependency_links.txt
[5.527s] -- Symlinking: /home/hyeseonl/clearpath_ws/install/clearpath_platform_msgs/local/lib/python3.10/dist-packages/clearpath_platform_msgs-0.2.0-py3.10.egg-info/top_level.txt
[5.534s] -- Symlinking: /home/hyeseonl/clearpath_ws/install/clearpath_platform_msgs/local/lib/python3.10/dist-packages/clearpath_platform_msgs/__init__.py
[5.541s] -- Symlinking: /home/hyeseonl/clearpath_ws/install/clearpath_platform_msgs/local/lib/python3.10/dist-packages/clearpath_platform_msgs/_clearpath_platform_msgs_s.ep.rosidl_typesupport_c.c
[5.549s] -- Symlinking: /home/hyeseonl/clearpath_ws/install/clearpath_platform_msgs/local/lib/python3.10/dist-packages/clearpath_platform_msgs/_clearpath_platform_msgs_s.ep.rosidl_typesupport_fastrtps_c.c
[5.557s] -- Symlinking: /home/hyeseonl/clearpath_ws/install/clearpath_platform_msgs/local/lib/python3.10/dist-packages/clearpath_platform_msgs/_clearpath_platform_msgs_s.ep.rosidl_typesupport_introspection_c.c
[5.566s] -- Symlinking: /home/hyeseonl/clearpath_ws/install/clearpath_platform_msgs/local/lib/python3.10/dist-packages/clearpath_platform_msgs/clearpath_platform_msgs_s__rosidl_typesupport_c.cpython-310-x86_64-linux-gnu.so
[5.574s] -- Symlinking: /home/hyeseonl/clearpath_ws/install/clearpath_platform_msgs/local/lib/python3.10/dist-packages/clearpath_platform_msgs/clearpath_platform_msgs_s__rosidl_typesupport_fastrtps_c.cpython-310-x86_64-linux-gnu.so
[5.583s] -- Symlinking: /home/hyeseonl/clearpath_ws/install/clearpath_platform_msgs/local/lib/python3.10/dist-packages/clearpath_platform_msgs/clearpath_platform_msgs_s__rosidl_typesupport_introspection_c.cpython-310-x86_64-linux-gnu.so
[5.591s] -- Symlinking: /home/hyeseonl/clearpath_ws/install/clearpath_platform_msgs/local/lib/python3.10/dist-packages/clearpath_platform_msgs/libclearpath_platform_msgs__rosidl_generator_py.so
[5.599s] -- Symlinking: /home/hyeseonl/clearpath_ws/install/clearpath_platform_msgs/local/lib/python3.10/dist-packages/clearpath_platform_msgs/msg/__init__.py
[5.606s] -- Symlinking: /home/hyeseonl/clearpath_ws/install/clearpath_platform_msgs/local/lib/python3.10/dist-packages/clearpath_platform_msgs/msg/_drive.py
[5.614s] -- Symlinking: /home/hyeseonl/clearpath_ws/install/clearpath_platform_msgs/local/lib/python3.10/dist-packages/clearpath_platform_msgs/msg/_drive_feedback.py
[5.621s] -- Symlinking: /home/hyeseonl/clearpath_ws/install/clearpath_platform_msgs/local/lib/python3.10/dist-packages/clearpath_platform_msgs/msg/_drive_feedback_s.c
[5.626s] -- Symlinking: /home/hyeseonl/clearpath_ws/install/clearpath_platform_msgs/local/lib/python3.10/dist-packages/clearpath_platform_msgs/msg/_drive_s.c
[5.629s] -- Symlinking: /home/hyeseonl/clearpath_ws/install/clearpath_platform_msgs/local/lib/python3.10/dist-packages/clearpath_platform_msgs/msg/_fans.py
[5.636s] -- Symlinking: /home/hyeseonl/clearpath_ws/install/clearpath_platform_msgs/local/lib/python3.10/dist-packages/clearpath_platform_msgs/msg/_fans_s.c
[5.643s] -- Symlinking: /home/hyeseonl/clearpath_ws/install/clearpath_platform_msgs/local/lib/python3.10/dist-packages/clearpath_platform_msgs/msg/_feedback.py
[5.651s] -- Symlinking: /home/hyeseonl/clearpath_ws/install/clearpath_platform_msgs/local/lib/python3.10/dist-packages/clearpath_platform_msgs/msg/_feedback_s.c
[5.658s] -- Symlinking: /home/hyeseonl/clearpath_ws/install/clearpath_platform_msgs/local/lib/python3.10/dist-packages/clearpath_platform_msgs/msg/_lights.py
[5.666s] -- Symlinking: /home/hyeseonl/clearpath_ws/install/clearpath_platform_msgs/local/lib/python3.10/dist-packages/clearpath_platform_msgs/msg/_lights_s.c
[5.671s] -- Symlinking: /home/hyeseonl/clearpath_ws/install/clearpath_platform_msgs/local/lib/python3.10/dist-packages/clearpath_platform_msgs/msg/_power.py
[5.681s] -- Symlinking: /home/hyeseonl/clearpath_ws/install/clearpath_platform_msgs/local/lib/python3.10/dist-packages/clearpath_platform_msgs/msg/_power_s.c
[5.689s] -- Symlinking: /home/hyeseonl/clearpath_ws/install/clearpath_platform_msgs/local/lib/python3.10/dist-packages/clearpath_platform_msgs/msg/_rgb.py
[5.696s] -- Symlinking: /home/hyeseonl/clearpath_ws/install/clearpath_platform_msgs/local/lib/python3.10/dist-packages/clearpath_platform_msgs/msg/_rgb_s.c
[5.703s] -- Symlinking: /home/hyeseonl/clearpath_ws/install/clearpath_platform_msgs/local/lib/python3.10/dist-packages/clearpath_platform_msgs/msg/_status.py
[5.710s] -- Symlinking: /home/hyeseonl/clearpath_ws/install/clearpath_platform_msgs/local/lib/python3.10/dist-packages/clearpath_platform_msgs/msg/_status_s.c
[5.717s] -- Symlinking: /home/hyeseonl/clearpath_ws/install/clearpath_platform_msgs/local/lib/python3.10/dist-packages/clearpath_platform_msgs/msg/_stop_status.py
[5.723s] -- Symlinking: /home/hyeseonl/clearpath_ws/install/clearpath_platform_msgs/local/lib/python3.10/dist-packages/clearpath_platform_msgs/msg/_stop_status_s.c
[5.730s] -- Symlinking: /home/hyeseonl/clearpath_ws/install/clearpath_platform_msgs/local/lib/python3.10/dist-packages/clearpath_platform_msgs/srv/__init__.py
[5.737s] -- Symlinking: /home/hyeseonl/clearpath_ws/install/clearpath_platform_msgs/local/lib/python3.10/dist-packages/clearpath_platform_msgs/srv/_configure_mcu.py
[5.742s] -- Symlinking: /home/hyeseonl/clearpath_ws/install/clearpath_platform_msgs/local/lib/python3.10/dist-packages/clearpath_platform_msgs/srv/_configure_mcu_s.c
[5.751s] -- Up-to-date symlink: /home/hyeseonl/clearpath_ws/install/clearpath_platform_msgs/local/lib/python3.10/dist-packages/clearpath_platform_msgs/clearpath_platform_msgs_s__rosidl_typesupport_fastrtps_c.cpython-310-x86_64-linux-gnu.so
[5.751s] -- Up-to-date symlink: /home/hyeseonl/clearpath_ws/install/clearpath_platform_msgs/local/lib/python3.10/dist-packages/clearpath_platform_msgs/clearpath_platform_msgs_s__rosidl_typesupport_introspection_c.cpython-310-x86_64-linux-gnu.so
[5.751s] -- Up-to-date symlink: /home/hyeseonl/clearpath_ws/install/clearpath_platform_msgs/local/lib/python3.10/dist-packages/clearpath_platform_msgs/clearpath_platform_msgs_s__rosidl_typesupport_c.cpython-310-x86_64-linux-gnu.so
[5.751s] -- Symlinking: /home/hyeseonl/clearpath_ws/install/clearpath_platform_msgs/share/clearpath_platform_msgs/msg/Drive.idl
[5.758s] -- Symlinking: /home/hyeseonl/clearpath_ws/install/clearpath_platform_msgs/share/clearpath_platform_msgs/msg/DriveFeedback.idl
[5.766s] -- Symlinking: /home/hyeseonl/clearpath_ws/install/clearpath_platform_msgs/share/clearpath_platform_msgs/msg/Fans.idl
[5.774s] -- Symlinking: /home/hyeseonl/clearpath_ws/install/clearpath_platform_msgs/share/clearpath_platform_msgs/msg/Feedback.idl
[5.784s] -- Symlinking: /home/hyeseonl/clearpath_ws/install/clearpath_platform_msgs/share/clearpath_platform_msgs/msg/Lights.idl
[5.791s] -- Symlinking: /home/hyeseonl/clearpath_ws/install/clearpath_platform_msgs/share/clearpath_platform_msgs/msg/Power.idl
[5.797s] -- Symlinking: /home/hyeseonl/clearpath_ws/install/clearpath_platform_msgs/share/clearpath_platform_msgs/msg/RGB.idl
[5.802s] -- Symlinking: /home/hyeseonl/clearpath_ws/install/clearpath_platform_msgs/share/clearpath_platform_msgs/msg/Status.idl
[5.808s] -- Symlinking: /home/hyeseonl/clearpath_ws/install/clearpath_platform_msgs/share/clearpath_platform_msgs/msg/StopStatus.idl
[5.816s] -- Symlinking: /home/hyeseonl/clearpath_ws/install/clearpath_platform_msgs/share/clearpath_platform_msgs/srv/ConfigureMcu.idl
[5.824s] -- Symlinking: /home/hyeseonl/clearpath_ws/install/clearpath_platform_msgs/share/clearpath_platform_msgs/msg/Drive.msg
[5.832s] -- Symlinking: /home/hyeseonl/clearpath_ws/install/clearpath_platform_msgs/share/clearpath_platform_msgs/msg/DriveFeedback.msg
[5.840s] -- Symlinking: /home/hyeseonl/clearpath_ws/install/clearpath_platform_msgs/share/clearpath_platform_msgs/msg/Fans.msg
[5.846s] -- Symlinking: /home/hyeseonl/clearpath_ws/install/clearpath_platform_msgs/share/clearpath_platform_msgs/msg/Feedback.msg
[5.853s] -- Symlinking: /home/hyeseonl/clearpath_ws/install/clearpath_platform_msgs/share/clearpath_platform_msgs/msg/Lights.msg
[5.861s] -- Symlinking: /home/hyeseonl/clearpath_ws/install/clearpath_platform_msgs/share/clearpath_platform_msgs/msg/Power.msg
[5.870s] -- Symlinking: /home/hyeseonl/clearpath_ws/install/clearpath_platform_msgs/share/clearpath_platform_msgs/msg/RGB.msg
[5.878s] -- Symlinking: /home/hyeseonl/clearpath_ws/install/clearpath_platform_msgs/share/clearpath_platform_msgs/msg/Status.msg
[5.883s] -- Symlinking: /home/hyeseonl/clearpath_ws/install/clearpath_platform_msgs/share/clearpath_platform_msgs/msg/StopStatus.msg
[5.886s] -- Symlinking: /home/hyeseonl/clearpath_ws/install/clearpath_platform_msgs/share/clearpath_platform_msgs/srv/ConfigureMcu.srv
[5.890s] -- Symlinking: /home/hyeseonl/clearpath_ws/install/clearpath_platform_msgs/share/clearpath_platform_msgs/srv/ConfigureMcu_Request.msg
[5.895s] -- Symlinking: /home/hyeseonl/clearpath_ws/install/clearpath_platform_msgs/share/clearpath_platform_msgs/srv/ConfigureMcu_Response.msg
[5.902s] -- Symlinking: /home/hyeseonl/clearpath_ws/install/clearpath_platform_msgs/share/ament_index/resource_index/package_run_dependencies/clearpath_platform_msgs
[5.909s] -- Symlinking: /home/hyeseonl/clearpath_ws/install/clearpath_platform_msgs/share/ament_index/resource_index/parent_prefix_path/clearpath_platform_msgs
[5.917s] -- Symlinking: /home/hyeseonl/clearpath_ws/install/clearpath_platform_msgs/share/clearpath_platform_msgs/environment/ament_prefix_path.sh
[5.924s] -- Symlinking: /home/hyeseonl/clearpath_ws/install/clearpath_platform_msgs/share/clearpath_platform_msgs/environment/ament_prefix_path.dsv
[5.931s] -- Symlinking: /home/hyeseonl/clearpath_ws/install/clearpath_platform_msgs/share/clearpath_platform_msgs/environment/path.sh
[5.938s] -- Symlinking: /home/hyeseonl/clearpath_ws/install/clearpath_platform_msgs/share/clearpath_platform_msgs/environment/path.dsv
[5.947s] -- Symlinking: /home/hyeseonl/clearpath_ws/install/clearpath_platform_msgs/share/clearpath_platform_msgs/local_setup.bash
[5.955s] -- Symlinking: /home/hyeseonl/clearpath_ws/install/clearpath_platform_msgs/share/clearpath_platform_msgs/local_setup.sh
[5.962s] -- Symlinking: /home/hyeseonl/clearpath_ws/install/clearpath_platform_msgs/share/clearpath_platform_msgs/local_setup.zsh
[5.971s] -- Symlinking: /home/hyeseonl/clearpath_ws/install/clearpath_platform_msgs/share/clearpath_platform_msgs/local_setup.dsv
[5.978s] -- Symlinking: /home/hyeseonl/clearpath_ws/install/clearpath_platform_msgs/share/clearpath_platform_msgs/package.dsv
[5.987s] -- Symlinking: /home/hyeseonl/clearpath_ws/install/clearpath_platform_msgs/share/ament_index/resource_index/packages/clearpath_platform_msgs
[5.994s] -- Symlinking: /home/hyeseonl/clearpath_ws/install/clearpath_platform_msgs/share/clearpath_platform_msgs/cmake/rosidl_cmake-extras.cmake
[6.002s] -- Symlinking: /home/hyeseonl/clearpath_ws/install/clearpath_platform_msgs/share/clearpath_platform_msgs/cmake/ament_cmake_export_dependencies-extras.cmake
[6.009s] -- Symlinking: /home/hyeseonl/clearpath_ws/install/clearpath_platform_msgs/share/clearpath_platform_msgs/cmake/ament_cmake_export_include_directories-extras.cmake
[6.017s] -- Symlinking: /home/hyeseonl/clearpath_ws/install/clearpath_platform_msgs/share/clearpath_platform_msgs/cmake/ament_cmake_export_libraries-extras.cmake
[6.026s] -- Symlinking: /home/hyeseonl/clearpath_ws/install/clearpath_platform_msgs/share/clearpath_platform_msgs/cmake/ament_cmake_export_targets-extras.cmake
[6.033s] -- Symlinking: /home/hyeseonl/clearpath_ws/install/clearpath_platform_msgs/share/clearpath_platform_msgs/cmake/rosidl_cmake_export_typesupport_targets-extras.cmake
[6.040s] -- Symlinking: /home/hyeseonl/clearpath_ws/install/clearpath_platform_msgs/share/clearpath_platform_msgs/cmake/rosidl_cmake_export_typesupport_libraries-extras.cmake
[6.048s] -- Symlinking: /home/hyeseonl/clearpath_ws/install/clearpath_platform_msgs/share/clearpath_platform_msgs/cmake/clearpath_platform_msgsConfig.cmake
[6.055s] -- Symlinking: /home/hyeseonl/clearpath_ws/install/clearpath_platform_msgs/share/clearpath_platform_msgs/cmake/clearpath_platform_msgsConfig-version.cmake
[6.062s] -- Symlinking: /home/hyeseonl/clearpath_ws/install/clearpath_platform_msgs/share/clearpath_platform_msgs/package.xml
[6.067s] -- Installing: /home/hyeseonl/clearpath_ws/install/clearpath_platform_msgs/lib/libclearpath_platform_msgs__rosidl_generator_c.so
[6.068s] -- Set runtime path of "/home/hyeseonl/clearpath_ws/install/clearpath_platform_msgs/lib/libclearpath_platform_msgs__rosidl_generator_c.so" to ""
[6.068s] -- Installing: /home/hyeseonl/clearpath_ws/install/clearpath_platform_msgs/lib/libclearpath_platform_msgs__rosidl_typesupport_fastrtps_c.so
[6.068s] -- Set runtime path of "/home/hyeseonl/clearpath_ws/install/clearpath_platform_msgs/lib/libclearpath_platform_msgs__rosidl_typesupport_fastrtps_c.so" to ""
[6.068s] -- Installing: /home/hyeseonl/clearpath_ws/install/clearpath_platform_msgs/lib/libclearpath_platform_msgs__rosidl_typesupport_fastrtps_cpp.so
[6.068s] -- Set runtime path of "/home/hyeseonl/clearpath_ws/install/clearpath_platform_msgs/lib/libclearpath_platform_msgs__rosidl_typesupport_fastrtps_cpp.so" to ""
[6.069s] -- Installing: /home/hyeseonl/clearpath_ws/install/clearpath_platform_msgs/lib/libclearpath_platform_msgs__rosidl_typesupport_introspection_c.so
[6.069s] -- Set runtime path of "/home/hyeseonl/clearpath_ws/install/clearpath_platform_msgs/lib/libclearpath_platform_msgs__rosidl_typesupport_introspection_c.so" to ""
[6.069s] -- Installing: /home/hyeseonl/clearpath_ws/install/clearpath_platform_msgs/lib/libclearpath_platform_msgs__rosidl_typesupport_c.so
[6.069s] -- Set runtime path of "/home/hyeseonl/clearpath_ws/install/clearpath_platform_msgs/lib/libclearpath_platform_msgs__rosidl_typesupport_c.so" to ""
[6.069s] -- Installing: /home/hyeseonl/clearpath_ws/install/clearpath_platform_msgs/lib/libclearpath_platform_msgs__rosidl_typesupport_introspection_cpp.so
[6.069s] -- Set runtime path of "/home/hyeseonl/clearpath_ws/install/clearpath_platform_msgs/lib/libclearpath_platform_msgs__rosidl_typesupport_introspection_cpp.so" to ""
[6.069s] -- Installing: /home/hyeseonl/clearpath_ws/install/clearpath_platform_msgs/lib/libclearpath_platform_msgs__rosidl_typesupport_cpp.so
[6.069s] -- Set runtime path of "/home/hyeseonl/clearpath_ws/install/clearpath_platform_msgs/lib/libclearpath_platform_msgs__rosidl_typesupport_cpp.so" to ""
[6.102s] Listing '/home/hyeseonl/clearpath_ws/install/clearpath_platform_msgs/local/lib/python3.10/dist-packages/clearpath_platform_msgs'...
[6.102s] Compiling '/home/hyeseonl/clearpath_ws/install/clearpath_platform_msgs/local/lib/python3.10/dist-packages/clearpath_platform_msgs/__init__.py'...
[6.102s] Listing '/home/hyeseonl/clearpath_ws/install/clearpath_platform_msgs/local/lib/python3.10/dist-packages/clearpath_platform_msgs/msg'...
[6.102s] Compiling '/home/hyeseonl/clearpath_ws/install/clearpath_platform_msgs/local/lib/python3.10/dist-packages/clearpath_platform_msgs/msg/__init__.py'...
[6.102s] Compiling '/home/hyeseonl/clearpath_ws/install/clearpath_platform_msgs/local/lib/python3.10/dist-packages/clearpath_platform_msgs/msg/_drive.py'...
[6.102s] Compiling '/home/hyeseonl/clearpath_ws/install/clearpath_platform_msgs/local/lib/python3.10/dist-packages/clearpath_platform_msgs/msg/_drive_feedback.py'...
[6.102s] Compiling '/home/hyeseonl/clearpath_ws/install/clearpath_platform_msgs/local/lib/python3.10/dist-packages/clearpath_platform_msgs/msg/_fans.py'...
[6.102s] Compiling '/home/hyeseonl/clearpath_ws/install/clearpath_platform_msgs/local/lib/python3.10/dist-packages/clearpath_platform_msgs/msg/_feedback.py'...
[6.102s] Compiling '/home/hyeseonl/clearpath_ws/install/clearpath_platform_msgs/local/lib/python3.10/dist-packages/clearpath_platform_msgs/msg/_lights.py'...
[6.102s] Compiling '/home/hyeseonl/clearpath_ws/install/clearpath_platform_msgs/local/lib/python3.10/dist-packages/clearpath_platform_msgs/msg/_power.py'...
[6.102s] Compiling '/home/hyeseonl/clearpath_ws/install/clearpath_platform_msgs/local/lib/python3.10/dist-packages/clearpath_platform_msgs/msg/_rgb.py'...
[6.102s] Compiling '/home/hyeseonl/clearpath_ws/install/clearpath_platform_msgs/local/lib/python3.10/dist-packages/clearpath_platform_msgs/msg/_status.py'...
[6.102s] Compiling '/home/hyeseonl/clearpath_ws/install/clearpath_platform_msgs/local/lib/python3.10/dist-packages/clearpath_platform_msgs/msg/_stop_status.py'...
[6.102s] Listing '/home/hyeseonl/clearpath_ws/install/clearpath_platform_msgs/local/lib/python3.10/dist-packages/clearpath_platform_msgs/srv'...
[6.102s] Compiling '/home/hyeseonl/clearpath_ws/install/clearpath_platform_msgs/local/lib/python3.10/dist-packages/clearpath_platform_msgs/srv/__init__.py'...
[6.102s] Compiling '/home/hyeseonl/clearpath_ws/install/clearpath_platform_msgs/local/lib/python3.10/dist-packages/clearpath_platform_msgs/srv/_configure_mcu.py'...
[6.104s] -- Installing: /home/hyeseonl/clearpath_ws/install/clearpath_platform_msgs/lib/libclearpath_platform_msgs__rosidl_generator_py.so
[6.104s] -- Set runtime path of "/home/hyeseonl/clearpath_ws/install/clearpath_platform_msgs/lib/libclearpath_platform_msgs__rosidl_generator_py.so" to ""
[6.104s] -- Installing: /home/hyeseonl/clearpath_ws/install/clearpath_platform_msgs/share/clearpath_platform_msgs/cmake/export_clearpath_platform_msgs__rosidl_generator_cExport.cmake
[6.104s] -- Installing: /home/hyeseonl/clearpath_ws/install/clearpath_platform_msgs/share/clearpath_platform_msgs/cmake/export_clearpath_platform_msgs__rosidl_generator_cExport-noconfig.cmake
[6.104s] -- Installing: /home/hyeseonl/clearpath_ws/install/clearpath_platform_msgs/share/clearpath_platform_msgs/cmake/export_clearpath_platform_msgs__rosidl_typesupport_fastrtps_cExport.cmake
[6.104s] -- Installing: /home/hyeseonl/clearpath_ws/install/clearpath_platform_msgs/share/clearpath_platform_msgs/cmake/export_clearpath_platform_msgs__rosidl_typesupport_fastrtps_cExport-noconfig.cmake
[6.104s] -- Installing: /home/hyeseonl/clearpath_ws/install/clearpath_platform_msgs/share/clearpath_platform_msgs/cmake/export_clearpath_platform_msgs__rosidl_generator_cppExport.cmake
[6.104s] -- Installing: /home/hyeseonl/clearpath_ws/install/clearpath_platform_msgs/share/clearpath_platform_msgs/cmake/export_clearpath_platform_msgs__rosidl_typesupport_fastrtps_cppExport.cmake
[6.104s] -- Installing: /home/hyeseonl/clearpath_ws/install/clearpath_platform_msgs/share/clearpath_platform_msgs/cmake/export_clearpath_platform_msgs__rosidl_typesupport_fastrtps_cppExport-noconfig.cmake
[6.104s] -- Installing: /home/hyeseonl/clearpath_ws/install/clearpath_platform_msgs/share/clearpath_platform_msgs/cmake/clearpath_platform_msgs__rosidl_typesupport_introspection_cExport.cmake
[6.104s] -- Installing: /home/hyeseonl/clearpath_ws/install/clearpath_platform_msgs/share/clearpath_platform_msgs/cmake/clearpath_platform_msgs__rosidl_typesupport_introspection_cExport-noconfig.cmake
[6.104s] -- Installing: /home/hyeseonl/clearpath_ws/install/clearpath_platform_msgs/share/clearpath_platform_msgs/cmake/clearpath_platform_msgs__rosidl_typesupport_cExport.cmake
[6.104s] -- Installing: /home/hyeseonl/clearpath_ws/install/clearpath_platform_msgs/share/clearpath_platform_msgs/cmake/clearpath_platform_msgs__rosidl_typesupport_cExport-noconfig.cmake
[6.104s] -- Installing: /home/hyeseonl/clearpath_ws/install/clearpath_platform_msgs/share/clearpath_platform_msgs/cmake/clearpath_platform_msgs__rosidl_typesupport_introspection_cppExport.cmake
[6.105s] -- Installing: /home/hyeseonl/clearpath_ws/install/clearpath_platform_msgs/share/clearpath_platform_msgs/cmake/clearpath_platform_msgs__rosidl_typesupport_introspection_cppExport-noconfig.cmake
[6.105s] -- Installing: /home/hyeseonl/clearpath_ws/install/clearpath_platform_msgs/share/clearpath_platform_msgs/cmake/clearpath_platform_msgs__rosidl_typesupport_cppExport.cmake
[6.105s] -- Installing: /home/hyeseonl/clearpath_ws/install/clearpath_platform_msgs/share/clearpath_platform_msgs/cmake/clearpath_platform_msgs__rosidl_typesupport_cppExport-noconfig.cmake
[6.105s] -- Installing: /home/hyeseonl/clearpath_ws/install/clearpath_platform_msgs/share/clearpath_platform_msgs/cmake/export_clearpath_platform_msgs__rosidl_generator_pyExport.cmake
[6.105s] -- Installing: /home/hyeseonl/clearpath_ws/install/clearpath_platform_msgs/share/clearpath_platform_msgs/cmake/export_clearpath_platform_msgs__rosidl_generator_pyExport-noconfig.cmake
[6.107s] Invoked command in '/home/hyeseonl/clearpath_ws/build/clearpath_platform_msgs' returned '0': CMAKE_PREFIX_PATH=/opt/ros/humble /usr/bin/cmake --install /home/hyeseonl/clearpath_ws/build/clearpath_platform_msgs
