[0.012s] Invoking command in '/home/hyeseonl/clearpath_ws/build/clearpath_mounts_description': CMAKE_PREFIX_PATH=/opt/ros/humble /usr/bin/cmake /home/hyeseonl/clearpath_ws/src/clearpath_common/clearpath_mounts_description -DAMENT_CMAKE_SYMLINK_INSTALL=1 -DCMAKE_INSTALL_PREFIX=/home/hyeseonl/clearpath_ws/install/clearpath_mounts_description
[0.166s] -- The C compiler identification is GNU 11.4.0
[0.166s] -- The CXX compiler identification is GNU 11.4.0
[0.166s] -- Detecting C compiler ABI info
[0.166s] -- Detecting C compiler ABI info - done
[0.171s] -- Check for working C compiler: /usr/bin/cc - skipped
[0.171s] -- Detecting C compile features
[0.171s] -- Detecting C compile features - done
[0.172s] -- Detecting CXX compiler ABI info
[0.211s] -- Detecting CXX compiler ABI info - done
[0.217s] -- Check for working CXX compiler: /usr/bin/c++ - skipped
[0.217s] -- Detecting CXX compile features
[0.218s] -- Detecting CXX compile features - done
[0.218s] -- Found ament_cmake: 1.3.9 (/opt/ros/humble/share/ament_cmake/cmake)
[0.302s] -- Found Python3: /usr/bin/python3 (found version "3.10.12") found components: Interpreter 
[0.333s] -- Override CMake install command with custom implementation using symlinks instead of copying resources
[0.378s] -- Configuring done
[0.379s] -- Generating done
[0.379s] -- Build files have been written to: /home/hyeseonl/clearpath_ws/build/clearpath_mounts_description
[0.385s] Invoked command in '/home/hyeseonl/clearpath_ws/build/clearpath_mounts_description' returned '0': CMAKE_PREFIX_PATH=/opt/ros/humble /usr/bin/cmake /home/hyeseonl/clearpath_ws/src/clearpath_common/clearpath_mounts_description -DAMENT_CMAKE_SYMLINK_INSTALL=1 -DCMAKE_INSTALL_PREFIX=/home/hyeseonl/clearpath_ws/install/clearpath_mounts_description
[0.385s] Invoking command in '/home/hyeseonl/clearpath_ws/build/clearpath_mounts_description': CMAKE_PREFIX_PATH=/opt/ros/humble /usr/bin/cmake --build /home/hyeseonl/clearpath_ws/build/clearpath_mounts_description -- -j32 -l32
[0.402s] Invoked command in '/home/hyeseonl/clearpath_ws/build/clearpath_mounts_description' returned '0': CMAKE_PREFIX_PATH=/opt/ros/humble /usr/bin/cmake --build /home/hyeseonl/clearpath_ws/build/clearpath_mounts_description -- -j32 -l32
[0.413s] Invoking command in '/home/hyeseonl/clearpath_ws/build/clearpath_mounts_description': CMAKE_PREFIX_PATH=/opt/ros/humble /usr/bin/cmake --install /home/hyeseonl/clearpath_ws/build/clearpath_mounts_description
[0.416s] -- Install configuration: ""
[0.416s] -- Execute custom install script
[0.417s] -- Symlinking: /home/hyeseonl/clearpath_ws/install/clearpath_mounts_description/share/clearpath_mounts_description/meshes/disk.stl
[0.421s] -- Symlinking: /home/hyeseonl/clearpath_ws/install/clearpath_mounts_description/share/clearpath_mounts_description/meshes/fath_pivot_mount.dae
[0.425s] -- Symlinking: /home/hyeseonl/clearpath_ws/install/clearpath_mounts_description/share/clearpath_mounts_description/meshes/fath_pivot_mount_base.dae
[0.429s] -- Symlinking: /home/hyeseonl/clearpath_ws/install/clearpath_mounts_description/share/clearpath_mounts_description/meshes/pacs/bracket_extension_20.stl
[0.433s] -- Symlinking: /home/hyeseonl/clearpath_ws/install/clearpath_mounts_description/share/clearpath_mounts_description/meshes/pacs/bracket_extension_40.stl
[0.437s] -- Symlinking: /home/hyeseonl/clearpath_ws/install/clearpath_mounts_description/share/clearpath_mounts_description/meshes/pacs/bracket_extension_60.stl
[0.440s] -- Symlinking: /home/hyeseonl/clearpath_ws/install/clearpath_mounts_description/share/clearpath_mounts_description/meshes/pacs/bracket_extension_80.stl
[0.444s] -- Symlinking: /home/hyeseonl/clearpath_ws/install/clearpath_mounts_description/share/clearpath_mounts_description/meshes/pacs/bracket_horizontal.stl
[0.448s] -- Symlinking: /home/hyeseonl/clearpath_ws/install/clearpath_mounts_description/share/clearpath_mounts_description/meshes/pacs/bracket_horizontal_large.stl
[0.453s] -- Symlinking: /home/hyeseonl/clearpath_ws/install/clearpath_mounts_description/share/clearpath_mounts_description/meshes/pacs/bracket_vertical.stl
[0.457s] -- Symlinking: /home/hyeseonl/clearpath_ws/install/clearpath_mounts_description/share/clearpath_mounts_description/meshes/pacs/riser_1x7.stl
[0.461s] -- Symlinking: /home/hyeseonl/clearpath_ws/install/clearpath_mounts_description/share/clearpath_mounts_description/meshes/pacs/riser_8x7.stl
[0.466s] -- Symlinking: /home/hyeseonl/clearpath_ws/install/clearpath_mounts_description/share/clearpath_mounts_description/meshes/sick_inverted.dae
[0.470s] -- Symlinking: /home/hyeseonl/clearpath_ws/install/clearpath_mounts_description/share/clearpath_mounts_description/meshes/sick_upright.stl
[0.474s] -- Symlinking: /home/hyeseonl/clearpath_ws/install/clearpath_mounts_description/share/clearpath_mounts_description/urdf/disk.urdf.xacro
[0.478s] -- Symlinking: /home/hyeseonl/clearpath_ws/install/clearpath_mounts_description/share/clearpath_mounts_description/urdf/fath_pivot.urdf.xacro
[0.482s] -- Symlinking: /home/hyeseonl/clearpath_ws/install/clearpath_mounts_description/share/clearpath_mounts_description/urdf/pacs/bracket.urdf.xacro
[0.487s] -- Symlinking: /home/hyeseonl/clearpath_ws/install/clearpath_mounts_description/share/clearpath_mounts_description/urdf/pacs/riser.urdf.xacro
[0.490s] -- Symlinking: /home/hyeseonl/clearpath_ws/install/clearpath_mounts_description/share/clearpath_mounts_description/urdf/pacs/riser_leg.urdf.xacro
[0.495s] -- Symlinking: /home/hyeseonl/clearpath_ws/install/clearpath_mounts_description/share/clearpath_mounts_description/urdf/post.urdf.xacro
[0.499s] -- Symlinking: /home/hyeseonl/clearpath_ws/install/clearpath_mounts_description/share/clearpath_mounts_description/urdf/sick.urdf.xacro
[0.504s] -- Symlinking: /home/hyeseonl/clearpath_ws/install/clearpath_mounts_description/share/ament_index/resource_index/package_run_dependencies/clearpath_mounts_description
[0.508s] -- Symlinking: /home/hyeseonl/clearpath_ws/install/clearpath_mounts_description/share/ament_index/resource_index/parent_prefix_path/clearpath_mounts_description
[0.512s] -- Symlinking: /home/hyeseonl/clearpath_ws/install/clearpath_mounts_description/share/clearpath_mounts_description/environment/ament_prefix_path.sh
[0.516s] -- Symlinking: /home/hyeseonl/clearpath_ws/install/clearpath_mounts_description/share/clearpath_mounts_description/environment/ament_prefix_path.dsv
[0.521s] -- Symlinking: /home/hyeseonl/clearpath_ws/install/clearpath_mounts_description/share/clearpath_mounts_description/environment/path.sh
[0.525s] -- Symlinking: /home/hyeseonl/clearpath_ws/install/clearpath_mounts_description/share/clearpath_mounts_description/environment/path.dsv
[0.529s] -- Symlinking: /home/hyeseonl/clearpath_ws/install/clearpath_mounts_description/share/clearpath_mounts_description/local_setup.bash
[0.534s] -- Symlinking: /home/hyeseonl/clearpath_ws/install/clearpath_mounts_description/share/clearpath_mounts_description/local_setup.sh
[0.538s] -- Symlinking: /home/hyeseonl/clearpath_ws/install/clearpath_mounts_description/share/clearpath_mounts_description/local_setup.zsh
[0.543s] -- Symlinking: /home/hyeseonl/clearpath_ws/install/clearpath_mounts_description/share/clearpath_mounts_description/local_setup.dsv
[0.547s] -- Symlinking: /home/hyeseonl/clearpath_ws/install/clearpath_mounts_description/share/clearpath_mounts_description/package.dsv
[0.552s] -- Symlinking: /home/hyeseonl/clearpath_ws/install/clearpath_mounts_description/share/ament_index/resource_index/packages/clearpath_mounts_description
[0.556s] -- Symlinking: /home/hyeseonl/clearpath_ws/install/clearpath_mounts_description/share/clearpath_mounts_description/cmake/clearpath_mounts_descriptionConfig.cmake
[0.561s] -- Symlinking: /home/hyeseonl/clearpath_ws/install/clearpath_mounts_description/share/clearpath_mounts_description/cmake/clearpath_mounts_descriptionConfig-version.cmake
[0.565s] -- Symlinking: /home/hyeseonl/clearpath_ws/install/clearpath_mounts_description/share/clearpath_mounts_description/package.xml
[0.571s] Invoked command in '/home/hyeseonl/clearpath_ws/build/clearpath_mounts_description' returned '0': CMAKE_PREFIX_PATH=/opt/ros/humble /usr/bin/cmake --install /home/hyeseonl/clearpath_ws/build/clearpath_mounts_description
