[0.004s] Invoking command in '/home/hyeseonl/clearpath_ws/build/clearpath_description': AMENT_PREFIX_PATH=/home/hyeseonl/clearpath_ws/install/clearpath_sensors_description:/home/hyeseonl/clearpath_ws/install/clearpath_platform_description:/home/hyeseonl/clearpath_ws/install/clearpath_mounts_description:${AMENT_PREFIX_PATH} CMAKE_PREFIX_PATH=/home/hyeseonl/clearpath_ws/install/clearpath_sensors_description:/home/hyeseonl/clearpath_ws/install/clearpath_platform_description:/home/hyeseonl/clearpath_ws/install/clearpath_mounts_description:/opt/ros/humble /usr/bin/cmake /home/hyeseonl/clearpath_ws/src/clearpath_common/clearpath_description -DAMENT_CMAKE_SYMLINK_INSTALL=1 -DCMAKE_INSTALL_PREFIX=/home/hyeseonl/clearpath_ws/install/clearpath_description
[0.029s] -- The C compiler identification is GNU 11.4.0
[0.058s] -- The CXX compiler identification is GNU 11.4.0
[0.062s] -- Detecting C compiler ABI info
[0.100s] -- Detecting C compiler ABI info - done
[0.104s] -- Check for working C compiler: /usr/bin/cc - skipped
[0.104s] -- Detecting C compile features
[0.104s] -- Detecting C compile features - done
[0.105s] -- Detecting CXX compiler ABI info
[0.143s] -- Detecting CXX compiler ABI info - done
[0.147s] -- Check for working CXX compiler: /usr/bin/c++ - skipped
[0.147s] -- Detecting CXX compile features
[0.147s] -- Detecting CXX compile features - done
[0.149s] -- Found ament_cmake: 1.3.9 (/opt/ros/humble/share/ament_cmake/cmake)
[0.224s] -- Found Python3: /usr/bin/python3 (found version "3.10.12") found components: Interpreter 
[0.256s] -- Override CMake install command with custom implementation using symlinks instead of copying resources
[0.301s] -- Configuring done
[0.302s] -- Generating done
[0.302s] -- Build files have been written to: /home/hyeseonl/clearpath_ws/build/clearpath_description
[0.305s] Invoked command in '/home/hyeseonl/clearpath_ws/build/clearpath_description' returned '0': AMENT_PREFIX_PATH=/home/hyeseonl/clearpath_ws/install/clearpath_sensors_description:/home/hyeseonl/clearpath_ws/install/clearpath_platform_description:/home/hyeseonl/clearpath_ws/install/clearpath_mounts_description:${AMENT_PREFIX_PATH} CMAKE_PREFIX_PATH=/home/hyeseonl/clearpath_ws/install/clearpath_sensors_description:/home/hyeseonl/clearpath_ws/install/clearpath_platform_description:/home/hyeseonl/clearpath_ws/install/clearpath_mounts_description:/opt/ros/humble /usr/bin/cmake /home/hyeseonl/clearpath_ws/src/clearpath_common/clearpath_description -DAMENT_CMAKE_SYMLINK_INSTALL=1 -DCMAKE_INSTALL_PREFIX=/home/hyeseonl/clearpath_ws/install/clearpath_description
[0.305s] Invoking command in '/home/hyeseonl/clearpath_ws/build/clearpath_description': AMENT_PREFIX_PATH=/home/hyeseonl/clearpath_ws/install/clearpath_sensors_description:/home/hyeseonl/clearpath_ws/install/clearpath_platform_description:/home/hyeseonl/clearpath_ws/install/clearpath_mounts_description:${AMENT_PREFIX_PATH} CMAKE_PREFIX_PATH=/home/hyeseonl/clearpath_ws/install/clearpath_sensors_description:/home/hyeseonl/clearpath_ws/install/clearpath_platform_description:/home/hyeseonl/clearpath_ws/install/clearpath_mounts_description:/opt/ros/humble /usr/bin/cmake --build /home/hyeseonl/clearpath_ws/build/clearpath_description -- -j32 -l32
[0.322s] Invoked command in '/home/hyeseonl/clearpath_ws/build/clearpath_description' returned '0': AMENT_PREFIX_PATH=/home/hyeseonl/clearpath_ws/install/clearpath_sensors_description:/home/hyeseonl/clearpath_ws/install/clearpath_platform_description:/home/hyeseonl/clearpath_ws/install/clearpath_mounts_description:${AMENT_PREFIX_PATH} CMAKE_PREFIX_PATH=/home/hyeseonl/clearpath_ws/install/clearpath_sensors_description:/home/hyeseonl/clearpath_ws/install/clearpath_platform_description:/home/hyeseonl/clearpath_ws/install/clearpath_mounts_description:/opt/ros/humble /usr/bin/cmake --build /home/hyeseonl/clearpath_ws/build/clearpath_description -- -j32 -l32
[0.333s] Invoking command in '/home/hyeseonl/clearpath_ws/build/clearpath_description': AMENT_PREFIX_PATH=/home/hyeseonl/clearpath_ws/install/clearpath_sensors_description:/home/hyeseonl/clearpath_ws/install/clearpath_platform_description:/home/hyeseonl/clearpath_ws/install/clearpath_mounts_description:${AMENT_PREFIX_PATH} CMAKE_PREFIX_PATH=/home/hyeseonl/clearpath_ws/install/clearpath_sensors_description:/home/hyeseonl/clearpath_ws/install/clearpath_platform_description:/home/hyeseonl/clearpath_ws/install/clearpath_mounts_description:/opt/ros/humble /usr/bin/cmake --install /home/hyeseonl/clearpath_ws/build/clearpath_description
[0.336s] -- Install configuration: ""
[0.336s] -- Execute custom install script
[0.336s] -- Symlinking: /home/hyeseonl/clearpath_ws/install/clearpath_description/share/ament_index/resource_index/package_run_dependencies/clearpath_description
[0.340s] -- Symlinking: /home/hyeseonl/clearpath_ws/install/clearpath_description/share/ament_index/resource_index/parent_prefix_path/clearpath_description
[0.344s] -- Symlinking: /home/hyeseonl/clearpath_ws/install/clearpath_description/share/clearpath_description/environment/ament_prefix_path.sh
[0.348s] -- Symlinking: /home/hyeseonl/clearpath_ws/install/clearpath_description/share/clearpath_description/environment/ament_prefix_path.dsv
[0.351s] -- Symlinking: /home/hyeseonl/clearpath_ws/install/clearpath_description/share/clearpath_description/environment/path.sh
[0.355s] -- Symlinking: /home/hyeseonl/clearpath_ws/install/clearpath_description/share/clearpath_description/environment/path.dsv
[0.359s] -- Symlinking: /home/hyeseonl/clearpath_ws/install/clearpath_description/share/clearpath_description/local_setup.bash
[0.363s] -- Symlinking: /home/hyeseonl/clearpath_ws/install/clearpath_description/share/clearpath_description/local_setup.sh
[0.366s] -- Symlinking: /home/hyeseonl/clearpath_ws/install/clearpath_description/share/clearpath_description/local_setup.zsh
[0.370s] -- Symlinking: /home/hyeseonl/clearpath_ws/install/clearpath_description/share/clearpath_description/local_setup.dsv
[0.374s] -- Symlinking: /home/hyeseonl/clearpath_ws/install/clearpath_description/share/clearpath_description/package.dsv
[0.377s] -- Symlinking: /home/hyeseonl/clearpath_ws/install/clearpath_description/share/ament_index/resource_index/packages/clearpath_description
[0.381s] -- Symlinking: /home/hyeseonl/clearpath_ws/install/clearpath_description/share/clearpath_description/cmake/clearpath_descriptionConfig.cmake
[0.385s] -- Symlinking: /home/hyeseonl/clearpath_ws/install/clearpath_description/share/clearpath_description/cmake/clearpath_descriptionConfig-version.cmake
[0.389s] -- Symlinking: /home/hyeseonl/clearpath_ws/install/clearpath_description/share/clearpath_description/package.xml
[0.394s] Invoked command in '/home/hyeseonl/clearpath_ws/build/clearpath_description' returned '0': AMENT_PREFIX_PATH=/home/hyeseonl/clearpath_ws/install/clearpath_sensors_description:/home/hyeseonl/clearpath_ws/install/clearpath_platform_description:/home/hyeseonl/clearpath_ws/install/clearpath_mounts_description:${AMENT_PREFIX_PATH} CMAKE_PREFIX_PATH=/home/hyeseonl/clearpath_ws/install/clearpath_sensors_description:/home/hyeseonl/clearpath_ws/install/clearpath_platform_description:/home/hyeseonl/clearpath_ws/install/clearpath_mounts_description:/opt/ros/humble /usr/bin/cmake --install /home/hyeseonl/clearpath_ws/build/clearpath_description
