[0.011s] Invoking command in '/home/hyeseonl/clearpath_ws/build/clearpath_sensors_description': CMAKE_PREFIX_PATH=/opt/ros/humble /usr/bin/cmake /home/hyeseonl/clearpath_ws/src/clearpath_common/clearpath_sensors_description -DAMENT_CMAKE_SYMLINK_INSTALL=1 -DCMAKE_INSTALL_PREFIX=/home/hyeseonl/clearpath_ws/install/clearpath_sensors_description
[0.165s] -- The C compiler identification is GNU 11.4.0
[0.165s] -- The CXX compiler identification is GNU 11.4.0
[0.165s] -- Detecting C compiler ABI info
[0.165s] -- Detecting C compiler ABI info - done
[0.167s] -- Check for working C compiler: /usr/bin/cc - skipped
[0.167s] -- Detecting C compile features
[0.168s] -- Detecting C compile features - done
[0.170s] -- Detecting CXX compiler ABI info
[0.209s] -- Detecting CXX compiler ABI info - done
[0.215s] -- Check for working CXX compiler: /usr/bin/c++ - skipped
[0.215s] -- Detecting CXX compile features
[0.216s] -- Detecting CXX compile features - done
[0.217s] -- Found ament_cmake: 1.3.9 (/opt/ros/humble/share/ament_cmake/cmake)
[0.297s] -- Found Python3: /usr/bin/python3 (found version "3.10.12") found components: Interpreter 
[0.330s] -- Override CMake install command with custom implementation using symlinks instead of copying resources
[0.375s] -- Configuring done
[0.376s] -- Generating done
[0.377s] -- Build files have been written to: /home/hyeseonl/clearpath_ws/build/clearpath_sensors_description
[0.382s] Invoked command in '/home/hyeseonl/clearpath_ws/build/clearpath_sensors_description' returned '0': CMAKE_PREFIX_PATH=/opt/ros/humble /usr/bin/cmake /home/hyeseonl/clearpath_ws/src/clearpath_common/clearpath_sensors_description -DAMENT_CMAKE_SYMLINK_INSTALL=1 -DCMAKE_INSTALL_PREFIX=/home/hyeseonl/clearpath_ws/install/clearpath_sensors_description
[0.383s] Invoking command in '/home/hyeseonl/clearpath_ws/build/clearpath_sensors_description': CMAKE_PREFIX_PATH=/opt/ros/humble /usr/bin/cmake --build /home/hyeseonl/clearpath_ws/build/clearpath_sensors_description -- -j32 -l32
[0.402s] Invoked command in '/home/hyeseonl/clearpath_ws/build/clearpath_sensors_description' returned '0': CMAKE_PREFIX_PATH=/opt/ros/humble /usr/bin/cmake --build /home/hyeseonl/clearpath_ws/build/clearpath_sensors_description -- -j32 -l32
[0.413s] Invoking command in '/home/hyeseonl/clearpath_ws/build/clearpath_sensors_description': CMAKE_PREFIX_PATH=/opt/ros/humble /usr/bin/cmake --install /home/hyeseonl/clearpath_ws/build/clearpath_sensors_description
[0.416s] -- Install configuration: ""
[0.416s] -- Execute custom install script
[0.416s] -- Symlinking: /home/hyeseonl/clearpath_ws/install/clearpath_sensors_description/share/clearpath_sensors_description/meshes/flir_blackfly.stl
[0.421s] -- Symlinking: /home/hyeseonl/clearpath_ws/install/clearpath_sensors_description/share/clearpath_sensors_description/meshes/hokuyo_ust.stl
[0.425s] -- Symlinking: /home/hyeseonl/clearpath_ws/install/clearpath_sensors_description/share/clearpath_sensors_description/meshes/hokuyo_utm30.stl
[0.430s] -- Symlinking: /home/hyeseonl/clearpath_ws/install/clearpath_sensors_description/share/clearpath_sensors_description/meshes/novatel_smart6.stl
[0.434s] -- Symlinking: /home/hyeseonl/clearpath_ws/install/clearpath_sensors_description/share/clearpath_sensors_description/meshes/novatel_smart7.stl
[0.438s] -- Symlinking: /home/hyeseonl/clearpath_ws/install/clearpath_sensors_description/share/clearpath_sensors_description/meshes/sick_lms1xx_collision.stl
[0.442s] -- Symlinking: /home/hyeseonl/clearpath_ws/install/clearpath_sensors_description/share/clearpath_sensors_description/meshes/sick_lms1xx_small.dae
[0.447s] -- Symlinking: /home/hyeseonl/clearpath_ws/install/clearpath_sensors_description/share/clearpath_sensors_description/meshes/swift_antenna.stl
[0.452s] -- Symlinking: /home/hyeseonl/clearpath_ws/install/clearpath_sensors_description/share/clearpath_sensors_description/urdf/chrobotics_um6.urdf.xacro
[0.455s] -- Symlinking: /home/hyeseonl/clearpath_ws/install/clearpath_sensors_description/share/clearpath_sensors_description/urdf/flir_blackfly.urdf.xacro
[0.460s] -- Symlinking: /home/hyeseonl/clearpath_ws/install/clearpath_sensors_description/share/clearpath_sensors_description/urdf/garmin_18x.urdf.xacro
[0.465s] -- Symlinking: /home/hyeseonl/clearpath_ws/install/clearpath_sensors_description/share/clearpath_sensors_description/urdf/hokuyo_ust.urdf.xacro
[0.469s] -- Symlinking: /home/hyeseonl/clearpath_ws/install/clearpath_sensors_description/share/clearpath_sensors_description/urdf/intel_realsense.urdf.xacro
[0.472s] -- Symlinking: /home/hyeseonl/clearpath_ws/install/clearpath_sensors_description/share/clearpath_sensors_description/urdf/microstrain_imu.urdf.xacro
[0.477s] -- Symlinking: /home/hyeseonl/clearpath_ws/install/clearpath_sensors_description/share/clearpath_sensors_description/urdf/novatel_smart6.urdf.xacro
[0.481s] -- Symlinking: /home/hyeseonl/clearpath_ws/install/clearpath_sensors_description/share/clearpath_sensors_description/urdf/novatel_smart7.urdf.xacro
[0.486s] -- Symlinking: /home/hyeseonl/clearpath_ws/install/clearpath_sensors_description/share/clearpath_sensors_description/urdf/redshift_um7.urdf.xacro
[0.490s] -- Symlinking: /home/hyeseonl/clearpath_ws/install/clearpath_sensors_description/share/clearpath_sensors_description/urdf/sick_lms1xx.urdf.xacro
[0.494s] -- Symlinking: /home/hyeseonl/clearpath_ws/install/clearpath_sensors_description/share/clearpath_sensors_description/urdf/stereolabs_zed.urdf.xacro
[0.498s] -- Symlinking: /home/hyeseonl/clearpath_ws/install/clearpath_sensors_description/share/clearpath_sensors_description/urdf/swiftnav_duro.urdf.xacro
[0.502s] -- Symlinking: /home/hyeseonl/clearpath_ws/install/clearpath_sensors_description/share/clearpath_sensors_description/urdf/velodyne_lidar.urdf.xacro
[0.507s] -- Symlinking: /home/hyeseonl/clearpath_ws/install/clearpath_sensors_description/share/ament_index/resource_index/package_run_dependencies/clearpath_sensors_description
[0.512s] -- Symlinking: /home/hyeseonl/clearpath_ws/install/clearpath_sensors_description/share/ament_index/resource_index/parent_prefix_path/clearpath_sensors_description
[0.516s] -- Symlinking: /home/hyeseonl/clearpath_ws/install/clearpath_sensors_description/share/clearpath_sensors_description/environment/ament_prefix_path.sh
[0.522s] -- Symlinking: /home/hyeseonl/clearpath_ws/install/clearpath_sensors_description/share/clearpath_sensors_description/environment/ament_prefix_path.dsv
[0.526s] -- Symlinking: /home/hyeseonl/clearpath_ws/install/clearpath_sensors_description/share/clearpath_sensors_description/environment/path.sh
[0.530s] -- Symlinking: /home/hyeseonl/clearpath_ws/install/clearpath_sensors_description/share/clearpath_sensors_description/environment/path.dsv
[0.535s] -- Symlinking: /home/hyeseonl/clearpath_ws/install/clearpath_sensors_description/share/clearpath_sensors_description/local_setup.bash
[0.539s] -- Symlinking: /home/hyeseonl/clearpath_ws/install/clearpath_sensors_description/share/clearpath_sensors_description/local_setup.sh
[0.543s] -- Symlinking: /home/hyeseonl/clearpath_ws/install/clearpath_sensors_description/share/clearpath_sensors_description/local_setup.zsh
[0.548s] -- Symlinking: /home/hyeseonl/clearpath_ws/install/clearpath_sensors_description/share/clearpath_sensors_description/local_setup.dsv
[0.553s] -- Symlinking: /home/hyeseonl/clearpath_ws/install/clearpath_sensors_description/share/clearpath_sensors_description/package.dsv
[0.558s] -- Symlinking: /home/hyeseonl/clearpath_ws/install/clearpath_sensors_description/share/ament_index/resource_index/packages/clearpath_sensors_description
[0.562s] -- Symlinking: /home/hyeseonl/clearpath_ws/install/clearpath_sensors_description/share/clearpath_sensors_description/cmake/clearpath_sensors_descriptionConfig.cmake
[0.566s] -- Symlinking: /home/hyeseonl/clearpath_ws/install/clearpath_sensors_description/share/clearpath_sensors_description/cmake/clearpath_sensors_descriptionConfig-version.cmake
[0.570s] -- Symlinking: /home/hyeseonl/clearpath_ws/install/clearpath_sensors_description/share/clearpath_sensors_description/package.xml
[0.580s] Invoked command in '/home/hyeseonl/clearpath_ws/build/clearpath_sensors_description' returned '0': CMAKE_PREFIX_PATH=/opt/ros/humble /usr/bin/cmake --install /home/hyeseonl/clearpath_ws/build/clearpath_sensors_description
