[0.011s] Invoking command in '/home/hyeseonl/clearpath_ws/build/clearpath_control': CMAKE_PREFIX_PATH=/opt/ros/humble /usr/bin/cmake /home/hyeseonl/clearpath_ws/src/clearpath_common/clearpath_control -DAMENT_CMAKE_SYMLINK_INSTALL=1 -DCMAKE_INSTALL_PREFIX=/home/hyeseonl/clearpath_ws/install/clearpath_control
[0.168s] -- The C compiler identification is GNU 11.4.0
[0.168s] -- The CXX compiler identification is GNU 11.4.0
[0.168s] -- Detecting C compiler ABI info
[0.168s] -- Detecting C compiler ABI info - done
[0.172s] -- Check for working C compiler: /usr/bin/cc - skipped
[0.172s] -- Detecting C compile features
[0.172s] -- Detecting C compile features - done
[0.174s] -- Detecting CXX compiler ABI info
[0.212s] -- Detecting CXX compiler ABI info - done
[0.215s] -- Check for working CXX compiler: /usr/bin/c++ - skipped
[0.215s] -- Detecting CXX compile features
[0.216s] -- Detecting CXX compile features - done
[0.217s] -- Found ament_cmake: 1.3.9 (/opt/ros/humble/share/ament_cmake/cmake)
[0.302s] -- Found Python3: /usr/bin/python3 (found version "3.10.12") found components: Interpreter 
[0.333s] -- Override CMake install command with custom implementation using symlinks instead of copying resources
[0.384s] -- Configuring done
[0.385s] -- Generating done
[0.385s] -- Build files have been written to: /home/hyeseonl/clearpath_ws/build/clearpath_control
[0.387s] Invoked command in '/home/hyeseonl/clearpath_ws/build/clearpath_control' returned '0': CMAKE_PREFIX_PATH=/opt/ros/humble /usr/bin/cmake /home/hyeseonl/clearpath_ws/src/clearpath_common/clearpath_control -DAMENT_CMAKE_SYMLINK_INSTALL=1 -DCMAKE_INSTALL_PREFIX=/home/hyeseonl/clearpath_ws/install/clearpath_control
[0.388s] Invoking command in '/home/hyeseonl/clearpath_ws/build/clearpath_control': CMAKE_PREFIX_PATH=/opt/ros/humble /usr/bin/cmake --build /home/hyeseonl/clearpath_ws/build/clearpath_control -- -j32 -l32
[0.405s] Invoked command in '/home/hyeseonl/clearpath_ws/build/clearpath_control' returned '0': CMAKE_PREFIX_PATH=/opt/ros/humble /usr/bin/cmake --build /home/hyeseonl/clearpath_ws/build/clearpath_control -- -j32 -l32
[0.416s] Invoking command in '/home/hyeseonl/clearpath_ws/build/clearpath_control': CMAKE_PREFIX_PATH=/opt/ros/humble /usr/bin/cmake --install /home/hyeseonl/clearpath_ws/build/clearpath_control
[0.420s] -- Install configuration: ""
[0.421s] -- Execute custom install script
[0.421s] -- Symlinking: /home/hyeseonl/clearpath_ws/install/clearpath_control/share/clearpath_control/config/a200/control.yaml
[0.425s] -- Symlinking: /home/hyeseonl/clearpath_ws/install/clearpath_control/share/clearpath_control/config/a200/localization.yaml
[0.429s] -- Symlinking: /home/hyeseonl/clearpath_ws/install/clearpath_control/share/clearpath_control/config/a200/teleop_interactive_markers.yaml
[0.433s] -- Symlinking: /home/hyeseonl/clearpath_ws/install/clearpath_control/share/clearpath_control/config/a200/teleop_logitech.yaml
[0.437s] -- Symlinking: /home/hyeseonl/clearpath_ws/install/clearpath_control/share/clearpath_control/config/a200/teleop_ps4.yaml
[0.441s] -- Symlinking: /home/hyeseonl/clearpath_ws/install/clearpath_control/share/clearpath_control/config/dd100/control.yaml
[0.445s] -- Symlinking: /home/hyeseonl/clearpath_ws/install/clearpath_control/share/clearpath_control/config/dd100/localization.yaml
[0.449s] -- Symlinking: /home/hyeseonl/clearpath_ws/install/clearpath_control/share/clearpath_control/config/dd100/teleop_interactive_markers.yaml
[0.454s] -- Symlinking: /home/hyeseonl/clearpath_ws/install/clearpath_control/share/clearpath_control/config/dd100/teleop_logitech.yaml
[0.459s] -- Symlinking: /home/hyeseonl/clearpath_ws/install/clearpath_control/share/clearpath_control/config/dd100/teleop_ps4.yaml
[0.463s] -- Symlinking: /home/hyeseonl/clearpath_ws/install/clearpath_control/share/clearpath_control/config/dd150/control.yaml
[0.468s] -- Symlinking: /home/hyeseonl/clearpath_ws/install/clearpath_control/share/clearpath_control/config/dd150/localization.yaml
[0.471s] -- Symlinking: /home/hyeseonl/clearpath_ws/install/clearpath_control/share/clearpath_control/config/dd150/teleop_interactive_markers.yaml
[0.475s] -- Symlinking: /home/hyeseonl/clearpath_ws/install/clearpath_control/share/clearpath_control/config/dd150/teleop_logitech.yaml
[0.479s] -- Symlinking: /home/hyeseonl/clearpath_ws/install/clearpath_control/share/clearpath_control/config/dd150/teleop_ps4.yaml
[0.484s] -- Symlinking: /home/hyeseonl/clearpath_ws/install/clearpath_control/share/clearpath_control/config/generic/localization.yaml
[0.488s] -- Symlinking: /home/hyeseonl/clearpath_ws/install/clearpath_control/share/clearpath_control/config/generic/teleop_interactive_markers.yaml
[0.492s] -- Symlinking: /home/hyeseonl/clearpath_ws/install/clearpath_control/share/clearpath_control/config/generic/teleop_logitech.yaml
[0.496s] -- Symlinking: /home/hyeseonl/clearpath_ws/install/clearpath_control/share/clearpath_control/config/generic/teleop_ps4.yaml
[0.500s] -- Symlinking: /home/hyeseonl/clearpath_ws/install/clearpath_control/share/clearpath_control/config/j100/control.yaml
[0.505s] -- Symlinking: /home/hyeseonl/clearpath_ws/install/clearpath_control/share/clearpath_control/config/j100/localization.yaml
[0.509s] -- Symlinking: /home/hyeseonl/clearpath_ws/install/clearpath_control/share/clearpath_control/config/j100/teleop_interactive_markers.yaml
[0.513s] -- Symlinking: /home/hyeseonl/clearpath_ws/install/clearpath_control/share/clearpath_control/config/j100/teleop_logitech.yaml
[0.517s] -- Symlinking: /home/hyeseonl/clearpath_ws/install/clearpath_control/share/clearpath_control/config/j100/teleop_ps4.yaml
[0.521s] -- Symlinking: /home/hyeseonl/clearpath_ws/install/clearpath_control/share/clearpath_control/config/twist_mux.yaml
[0.526s] -- Symlinking: /home/hyeseonl/clearpath_ws/install/clearpath_control/share/clearpath_control/config/w200/control.yaml
[0.531s] -- Symlinking: /home/hyeseonl/clearpath_ws/install/clearpath_control/share/clearpath_control/config/w200/localization.yaml
[0.535s] -- Symlinking: /home/hyeseonl/clearpath_ws/install/clearpath_control/share/clearpath_control/config/w200/teleop_interactive_markers.yaml
[0.541s] -- Symlinking: /home/hyeseonl/clearpath_ws/install/clearpath_control/share/clearpath_control/config/w200/teleop_logitech.yaml
[0.546s] -- Symlinking: /home/hyeseonl/clearpath_ws/install/clearpath_control/share/clearpath_control/config/w200/teleop_ps4.yaml
[0.550s] -- Symlinking: /home/hyeseonl/clearpath_ws/install/clearpath_control/share/clearpath_control/launch/control.launch.py
[0.554s] -- Symlinking: /home/hyeseonl/clearpath_ws/install/clearpath_control/share/clearpath_control/launch/localization.launch.py
[0.558s] -- Symlinking: /home/hyeseonl/clearpath_ws/install/clearpath_control/share/clearpath_control/launch/teleop_base.launch.py
[0.563s] -- Symlinking: /home/hyeseonl/clearpath_ws/install/clearpath_control/share/clearpath_control/launch/teleop_joy.launch.py
[0.568s] -- Symlinking: /home/hyeseonl/clearpath_ws/install/clearpath_control/share/ament_index/resource_index/package_run_dependencies/clearpath_control
[0.573s] -- Symlinking: /home/hyeseonl/clearpath_ws/install/clearpath_control/share/ament_index/resource_index/parent_prefix_path/clearpath_control
[0.577s] -- Symlinking: /home/hyeseonl/clearpath_ws/install/clearpath_control/share/clearpath_control/environment/ament_prefix_path.sh
[0.583s] -- Symlinking: /home/hyeseonl/clearpath_ws/install/clearpath_control/share/clearpath_control/environment/ament_prefix_path.dsv
[0.588s] -- Symlinking: /home/hyeseonl/clearpath_ws/install/clearpath_control/share/clearpath_control/environment/path.sh
[0.592s] -- Symlinking: /home/hyeseonl/clearpath_ws/install/clearpath_control/share/clearpath_control/environment/path.dsv
[0.597s] -- Symlinking: /home/hyeseonl/clearpath_ws/install/clearpath_control/share/clearpath_control/local_setup.bash
[0.601s] -- Symlinking: /home/hyeseonl/clearpath_ws/install/clearpath_control/share/clearpath_control/local_setup.sh
[0.605s] -- Symlinking: /home/hyeseonl/clearpath_ws/install/clearpath_control/share/clearpath_control/local_setup.zsh
[0.610s] -- Symlinking: /home/hyeseonl/clearpath_ws/install/clearpath_control/share/clearpath_control/local_setup.dsv
[0.614s] -- Symlinking: /home/hyeseonl/clearpath_ws/install/clearpath_control/share/clearpath_control/package.dsv
[0.618s] -- Symlinking: /home/hyeseonl/clearpath_ws/install/clearpath_control/share/ament_index/resource_index/packages/clearpath_control
[0.622s] -- Symlinking: /home/hyeseonl/clearpath_ws/install/clearpath_control/share/clearpath_control/cmake/clearpath_controlConfig.cmake
[0.626s] -- Symlinking: /home/hyeseonl/clearpath_ws/install/clearpath_control/share/clearpath_control/cmake/clearpath_controlConfig-version.cmake
[0.630s] -- Symlinking: /home/hyeseonl/clearpath_ws/install/clearpath_control/share/clearpath_control/package.xml
[0.636s] Invoked command in '/home/hyeseonl/clearpath_ws/build/clearpath_control' returned '0': CMAKE_PREFIX_PATH=/opt/ros/humble /usr/bin/cmake --install /home/hyeseonl/clearpath_ws/build/clearpath_control
