running develop
/usr/lib/python3/dist-packages/setuptools/command/easy_install.py:158: EasyInstallDeprecationWarning: easy_install command is deprecated. Use build and pip and other standards-based tools.
  warnings.warn(
running egg_info
creating clearpath_config.egg-info
writing clearpath_config.egg-info/PKG-INFO
writing dependency_links to clearpath_config.egg-info/dependency_links.txt
writing requirements to clearpath_config.egg-info/requires.txt
writing top-level names to clearpath_config.egg-info/top_level.txt
writing manifest file 'clearpath_config.egg-info/SOURCES.txt'
reading manifest file 'clearpath_config.egg-info/SOURCES.txt'
writing manifest file 'clearpath_config.egg-info/SOURCES.txt'
running build_ext
Creating /home/hyeseonl/clearpath_ws/install/clearpath_config/lib/python3.10/site-packages/clearpath-config.egg-link (link to .)

Installed /home/hyeseonl/clearpath_ws/build/clearpath_config
running symlink_data
creating /home/hyeseonl/clearpath_ws/install/clearpath_config/share/ament_index
creating /home/hyeseonl/clearpath_ws/install/clearpath_config/share/ament_index/resource_index
creating /home/hyeseonl/clearpath_ws/install/clearpath_config/share/ament_index/resource_index/packages
symbolically linking /home/hyeseonl/clearpath_ws/build/clearpath_config/resource/clearpath_config -> /home/hyeseonl/clearpath_ws/install/clearpath_config/share/ament_index/resource_index/packages
symbolically linking /home/hyeseonl/clearpath_ws/build/clearpath_config/package.xml -> /home/hyeseonl/clearpath_ws/install/clearpath_config/share/clearpath_config
creating /home/hyeseonl/clearpath_ws/install/clearpath_config/share/clearpath_config/sample
symbolically linking /home/hyeseonl/clearpath_ws/build/clearpath_config/clearpath_config/sample/a200/a200_default.yaml -> /home/hyeseonl/clearpath_ws/install/clearpath_config/share/clearpath_config/sample
symbolically linking /home/hyeseonl/clearpath_ws/build/clearpath_config/clearpath_config/sample/a200/a200_dual_laser.yaml -> /home/hyeseonl/clearpath_ws/install/clearpath_config/share/clearpath_config/sample
symbolically linking /home/hyeseonl/clearpath_ws/build/clearpath_config/clearpath_config/sample/a200/a200_sample.yaml -> /home/hyeseonl/clearpath_ws/install/clearpath_config/share/clearpath_config/sample
symbolically linking /home/hyeseonl/clearpath_ws/build/clearpath_config/clearpath_config/sample/a200/a200_velodyne.yaml -> /home/hyeseonl/clearpath_ws/install/clearpath_config/share/clearpath_config/sample
symbolically linking /home/hyeseonl/clearpath_ws/build/clearpath_config/clearpath_config/sample/j100/j100_default.yaml -> /home/hyeseonl/clearpath_ws/install/clearpath_config/share/clearpath_config/sample
symbolically linking /home/hyeseonl/clearpath_ws/build/clearpath_config/clearpath_config/sample/j100/j100_dual_laser.yaml -> /home/hyeseonl/clearpath_ws/install/clearpath_config/share/clearpath_config/sample
symbolically linking /home/hyeseonl/clearpath_ws/build/clearpath_config/clearpath_config/sample/j100/j100_sample.yaml -> /home/hyeseonl/clearpath_ws/install/clearpath_config/share/clearpath_config/sample
symbolically linking /home/hyeseonl/clearpath_ws/build/clearpath_config/clearpath_config/sample/j100/j100_velodyne.yaml -> /home/hyeseonl/clearpath_ws/install/clearpath_config/share/clearpath_config/sample
symbolically linking /home/hyeseonl/clearpath_ws/build/clearpath_config/clearpath_config/sample/w200/w200_default.yaml -> /home/hyeseonl/clearpath_ws/install/clearpath_config/share/clearpath_config/sample
symbolically linking /home/hyeseonl/clearpath_ws/build/clearpath_config/clearpath_config/sample/w200/w200_dual_laser.yaml -> /home/hyeseonl/clearpath_ws/install/clearpath_config/share/clearpath_config/sample
symbolically linking /home/hyeseonl/clearpath_ws/build/clearpath_config/clearpath_config/sample/w200/w200_velodyne.yaml -> /home/hyeseonl/clearpath_ws/install/clearpath_config/share/clearpath_config/sample
