[0.005s] Invoking command in '/home/hyeseonl/clearpath_ws/build/clearpath_description': AMENT_PREFIX_PATH=/home/hyeseonl/clearpath_ws/install/clearpath_sensors_description:/home/hyeseonl/clearpath_ws/install/clearpath_platform_description:/home/hyeseonl/clearpath_ws/install/clearpath_mounts_description:${AMENT_PREFIX_PATH} CMAKE_PREFIX_PATH=/home/hyeseonl/clearpath_ws/install/clearpath_sensors_description:/home/hyeseonl/clearpath_ws/install/clearpath_platform_description:/home/hyeseonl/clearpath_ws/install/clearpath_mounts_description:/opt/ros/humble /usr/bin/cmake --build /home/hyeseonl/clearpath_ws/build/clearpath_description -- -j32 -l32
[0.027s] Invoked command in '/home/hyeseonl/clearpath_ws/build/clearpath_description' returned '0': AMENT_PREFIX_PATH=/home/hyeseonl/clearpath_ws/install/clearpath_sensors_description:/home/hyeseonl/clearpath_ws/install/clearpath_platform_description:/home/hyeseonl/clearpath_ws/install/clearpath_mounts_description:${AMENT_PREFIX_PATH} CMAKE_PREFIX_PATH=/home/hyeseonl/clearpath_ws/install/clearpath_sensors_description:/home/hyeseonl/clearpath_ws/install/clearpath_platform_description:/home/hyeseonl/clearpath_ws/install/clearpath_mounts_description:/opt/ros/humble /usr/bin/cmake --build /home/hyeseonl/clearpath_ws/build/clearpath_description -- -j32 -l32
[0.037s] Invoking command in '/home/hyeseonl/clearpath_ws/build/clearpath_description': AMENT_PREFIX_PATH=/home/hyeseonl/clearpath_ws/install/clearpath_sensors_description:/home/hyeseonl/clearpath_ws/install/clearpath_platform_description:/home/hyeseonl/clearpath_ws/install/clearpath_mounts_description:${AMENT_PREFIX_PATH} CMAKE_PREFIX_PATH=/home/hyeseonl/clearpath_ws/install/clearpath_sensors_description:/home/hyeseonl/clearpath_ws/install/clearpath_platform_description:/home/hyeseonl/clearpath_ws/install/clearpath_mounts_description:/opt/ros/humble /usr/bin/cmake --install /home/hyeseonl/clearpath_ws/build/clearpath_description
[0.042s] -- Install configuration: ""
[0.043s] -- Execute custom install script
[0.043s] -- Up-to-date symlink: /home/hyeseonl/clearpath_ws/install/clearpath_description/share/ament_index/resource_index/package_run_dependencies/clearpath_description
[0.043s] -- Up-to-date symlink: /home/hyeseonl/clearpath_ws/install/clearpath_description/share/ament_index/resource_index/parent_prefix_path/clearpath_description
[0.044s] -- Up-to-date symlink: /home/hyeseonl/clearpath_ws/install/clearpath_description/share/clearpath_description/environment/ament_prefix_path.sh
[0.044s] -- Up-to-date symlink: /home/hyeseonl/clearpath_ws/install/clearpath_description/share/clearpath_description/environment/ament_prefix_path.dsv
[0.044s] -- Up-to-date symlink: /home/hyeseonl/clearpath_ws/install/clearpath_description/share/clearpath_description/environment/path.sh
[0.044s] -- Up-to-date symlink: /home/hyeseonl/clearpath_ws/install/clearpath_description/share/clearpath_description/environment/path.dsv
[0.044s] -- Up-to-date symlink: /home/hyeseonl/clearpath_ws/install/clearpath_description/share/clearpath_description/local_setup.bash
[0.044s] -- Up-to-date symlink: /home/hyeseonl/clearpath_ws/install/clearpath_description/share/clearpath_description/local_setup.sh
[0.044s] -- Up-to-date symlink: /home/hyeseonl/clearpath_ws/install/clearpath_description/share/clearpath_description/local_setup.zsh
[0.044s] -- Up-to-date symlink: /home/hyeseonl/clearpath_ws/install/clearpath_description/share/clearpath_description/local_setup.dsv
[0.044s] -- Symlinking: /home/hyeseonl/clearpath_ws/install/clearpath_description/share/clearpath_description/package.dsv
[0.049s] -- Up-to-date symlink: /home/hyeseonl/clearpath_ws/install/clearpath_description/share/ament_index/resource_index/packages/clearpath_description
[0.049s] -- Up-to-date symlink: /home/hyeseonl/clearpath_ws/install/clearpath_description/share/clearpath_description/cmake/clearpath_descriptionConfig.cmake
[0.050s] -- Up-to-date symlink: /home/hyeseonl/clearpath_ws/install/clearpath_description/share/clearpath_description/cmake/clearpath_descriptionConfig-version.cmake
[0.050s] -- Up-to-date symlink: /home/hyeseonl/clearpath_ws/install/clearpath_description/share/clearpath_description/package.xml
[0.051s] Invoked command in '/home/hyeseonl/clearpath_ws/build/clearpath_description' returned '0': AMENT_PREFIX_PATH=/home/hyeseonl/clearpath_ws/install/clearpath_sensors_description:/home/hyeseonl/clearpath_ws/install/clearpath_platform_description:/home/hyeseonl/clearpath_ws/install/clearpath_mounts_description:${AMENT_PREFIX_PATH} CMAKE_PREFIX_PATH=/home/hyeseonl/clearpath_ws/install/clearpath_sensors_description:/home/hyeseonl/clearpath_ws/install/clearpath_platform_description:/home/hyeseonl/clearpath_ws/install/clearpath_mounts_description:/opt/ros/humble /usr/bin/cmake --install /home/hyeseonl/clearpath_ws/build/clearpath_description
