[0.006s] Invoking command in '/home/hyeseonl/clearpath_ws/build/clearpath_msgs': AMENT_PREFIX_PATH=/home/hyeseonl/clearpath_ws/install/clearpath_platform_msgs:${AMENT_PREFIX_PATH} CMAKE_PREFIX_PATH=/home/hyeseonl/clearpath_ws/install/clearpath_platform_msgs:/opt/ros/humble LD_LIBRARY_PATH=/home/hyeseonl/clearpath_ws/install/clearpath_platform_msgs/lib:${LD_LIBRARY_PATH} PYTHONPATH=/home/hyeseonl/clearpath_ws/install/clearpath_platform_msgs/local/lib/python3.10/dist-packages:${PYTHONPATH} /usr/bin/cmake --build /home/hyeseonl/clearpath_ws/build/clearpath_msgs -- -j32 -l32
[0.029s] Invoked command in '/home/hyeseonl/clearpath_ws/build/clearpath_msgs' returned '0': AMENT_PREFIX_PATH=/home/hyeseonl/clearpath_ws/install/clearpath_platform_msgs:${AMENT_PREFIX_PATH} CMAKE_PREFIX_PATH=/home/hyeseonl/clearpath_ws/install/clearpath_platform_msgs:/opt/ros/humble LD_LIBRARY_PATH=/home/hyeseonl/clearpath_ws/install/clearpath_platform_msgs/lib:${LD_LIBRARY_PATH} PYTHONPATH=/home/hyeseonl/clearpath_ws/install/clearpath_platform_msgs/local/lib/python3.10/dist-packages:${PYTHONPATH} /usr/bin/cmake --build /home/hyeseonl/clearpath_ws/build/clearpath_msgs -- -j32 -l32
[0.040s] Invoking command in '/home/hyeseonl/clearpath_ws/build/clearpath_msgs': AMENT_PREFIX_PATH=/home/hyeseonl/clearpath_ws/install/clearpath_platform_msgs:${AMENT_PREFIX_PATH} CMAKE_PREFIX_PATH=/home/hyeseonl/clearpath_ws/install/clearpath_platform_msgs:/opt/ros/humble LD_LIBRARY_PATH=/home/hyeseonl/clearpath_ws/install/clearpath_platform_msgs/lib:${LD_LIBRARY_PATH} PYTHONPATH=/home/hyeseonl/clearpath_ws/install/clearpath_platform_msgs/local/lib/python3.10/dist-packages:${PYTHONPATH} /usr/bin/cmake --install /home/hyeseonl/clearpath_ws/build/clearpath_msgs
[0.044s] -- Install configuration: ""
[0.044s] -- Execute custom install script
[0.045s] -- Up-to-date symlink: /home/hyeseonl/clearpath_ws/install/clearpath_msgs/share/ament_index/resource_index/package_run_dependencies/clearpath_msgs
[0.045s] -- Up-to-date symlink: /home/hyeseonl/clearpath_ws/install/clearpath_msgs/share/ament_index/resource_index/parent_prefix_path/clearpath_msgs
[0.045s] -- Up-to-date symlink: /home/hyeseonl/clearpath_ws/install/clearpath_msgs/share/clearpath_msgs/environment/ament_prefix_path.sh
[0.045s] -- Up-to-date symlink: /home/hyeseonl/clearpath_ws/install/clearpath_msgs/share/clearpath_msgs/environment/ament_prefix_path.dsv
[0.045s] -- Up-to-date symlink: /home/hyeseonl/clearpath_ws/install/clearpath_msgs/share/clearpath_msgs/environment/path.sh
[0.045s] -- Up-to-date symlink: /home/hyeseonl/clearpath_ws/install/clearpath_msgs/share/clearpath_msgs/environment/path.dsv
[0.045s] -- Up-to-date symlink: /home/hyeseonl/clearpath_ws/install/clearpath_msgs/share/clearpath_msgs/local_setup.bash
[0.045s] -- Up-to-date symlink: /home/hyeseonl/clearpath_ws/install/clearpath_msgs/share/clearpath_msgs/local_setup.sh
[0.045s] -- Up-to-date symlink: /home/hyeseonl/clearpath_ws/install/clearpath_msgs/share/clearpath_msgs/local_setup.zsh
[0.047s] -- Up-to-date symlink: /home/hyeseonl/clearpath_ws/install/clearpath_msgs/share/clearpath_msgs/local_setup.dsv
[0.047s] -- Symlinking: /home/hyeseonl/clearpath_ws/install/clearpath_msgs/share/clearpath_msgs/package.dsv
[0.051s] -- Up-to-date symlink: /home/hyeseonl/clearpath_ws/install/clearpath_msgs/share/ament_index/resource_index/packages/clearpath_msgs
[0.052s] -- Up-to-date symlink: /home/hyeseonl/clearpath_ws/install/clearpath_msgs/share/clearpath_msgs/cmake/clearpath_msgsConfig.cmake
[0.052s] -- Up-to-date symlink: /home/hyeseonl/clearpath_ws/install/clearpath_msgs/share/clearpath_msgs/cmake/clearpath_msgsConfig-version.cmake
[0.052s] -- Up-to-date symlink: /home/hyeseonl/clearpath_ws/install/clearpath_msgs/share/clearpath_msgs/package.xml
[0.053s] Invoked command in '/home/hyeseonl/clearpath_ws/build/clearpath_msgs' returned '0': AMENT_PREFIX_PATH=/home/hyeseonl/clearpath_ws/install/clearpath_platform_msgs:${AMENT_PREFIX_PATH} CMAKE_PREFIX_PATH=/home/hyeseonl/clearpath_ws/install/clearpath_platform_msgs:/opt/ros/humble LD_LIBRARY_PATH=/home/hyeseonl/clearpath_ws/install/clearpath_platform_msgs/lib:${LD_LIBRARY_PATH} PYTHONPATH=/home/hyeseonl/clearpath_ws/install/clearpath_platform_msgs/local/lib/python3.10/dist-packages:${PYTHONPATH} /usr/bin/cmake --install /home/hyeseonl/clearpath_ws/build/clearpath_msgs
